Start testing: Jul 20 05:22 UTC
----------------------------------------------------------
169/172 Testing: card_audit_contract
169/172 Test: card_audit_contract
Command: "/opt/hostedtoolcache/Python/3.12.13/x64/bin/python3.12" "/home/runner/work/pokemon-sims/pokemon-sims/tests/card_audit_contract_tests.py"
Directory: /home/runner/work/pokemon-sims/pokemon-sims/build
"card_audit_contract" start time: Jul 20 05:22 UTC
Output:
----------------------------------------------------------
<end of output>
Test time =   0.10 sec
----------------------------------------------------------
Test Passed.
"card_audit_contract" end time: Jul 20 05:22 UTC
"card_audit_contract" time elapsed: 00:00:00
----------------------------------------------------------

170/172 Testing: card_audit_category_contract
170/172 Test: card_audit_category_contract
Command: "/opt/hostedtoolcache/Python/3.12.13/x64/bin/python3.12" "/home/runner/work/pokemon-sims/pokemon-sims/tests/card_audit_category_contract_tests.py"
Directory: /home/runner/work/pokemon-sims/pokemon-sims/build
"card_audit_category_contract" start time: Jul 20 05:22 UTC
Output:
----------------------------------------------------------
<end of output>
Test time =   0.07 sec
----------------------------------------------------------
Test Passed.
"card_audit_category_contract" end time: Jul 20 05:22 UTC
"card_audit_category_contract" time elapsed: 00:00:00
----------------------------------------------------------

172/172 Testing: setup_docs_generator_contract
172/172 Test: setup_docs_generator_contract
Command: "/opt/hostedtoolcache/Python/3.12.13/x64/bin/python3.12" "/home/runner/work/pokemon-sims/pokemon-sims/tests/update_setup_docs_tests.py"
Directory: /home/runner/work/pokemon-sims/pokemon-sims/build
"setup_docs_generator_contract" start time: Jul 20 05:22 UTC
Output:
----------------------------------------------------------
<end of output>
Test time =   0.20 sec
----------------------------------------------------------
Test Passed.
"setup_docs_generator_contract" end time: Jul 20 05:22 UTC
"setup_docs_generator_contract" time elapsed: 00:00:00
----------------------------------------------------------

146/172 Testing: regidrago_release_assertions_enabled
146/172 Test: regidrago_release_assertions_enabled
Command: "/usr/local/bin/cmake" "-DASSERTION_PROBE=/home/runner/work/pokemon-sims/pokemon-sims/build/regidrago_release_assertion_tests" "-P" "/home/runner/work/pokemon-sims/pokemon-sims/tests/run_assertion_probe.cmake"
Directory: /home/runner/work/pokemon-sims/pokemon-sims/build
"regidrago_release_assertions_enabled" start time: Jul 20 05:22 UTC
Output:
----------------------------------------------------------
regidrago_release_assertion_tests: /home/runner/work/pokemon-sims/pokemon-sims/tests/release_assertion_tests.cpp:6: int main(): Assertion `false && "Release test assertions must remain enabled"' failed.
<end of output>
Test time =   0.11 sec
----------------------------------------------------------
Test Passed.
"regidrago_release_assertions_enabled" end time: Jul 20 05:22 UTC
"regidrago_release_assertions_enabled" time elapsed: 00:00:00
----------------------------------------------------------

112/172 Testing: regidrago_pokemon_communication_tests
112/172 Test: regidrago_pokemon_communication_tests
Command: "/home/runner/work/pokemon-sims/pokemon-sims/build/regidrago_unified_tests" "pokemon_communication_tests"
Directory: /home/runner/work/pokemon-sims/pokemon-sims/build
"regidrago_pokemon_communication_tests" start time: Jul 20 05:22 UTC
Output:
----------------------------------------------------------
[ RUN      ] pokemon_communication_tests
[       OK ] pokemon_communication_tests
<end of output>
Test time =   0.11 sec
----------------------------------------------------------
Test Passed.
"regidrago_pokemon_communication_tests" end time: Jul 20 05:22 UTC
"regidrago_pokemon_communication_tests" time elapsed: 00:00:00
----------------------------------------------------------

164/172 Testing: trace_issue_1090_gladion_arven_route
164/172 Test: trace_issue_1090_gladion_arven_route
Command: "/usr/local/bin/cmake" "-DSIMULATOR=/home/runner/work/pokemon-sims/pokemon-sims/build/regidrago_sim" "-P" "/home/runner/work/pokemon-sims/pokemon-sims/tests/run_issue_1090_gladion_arven_route.cmake"
Directory: /home/runner/work/pokemon-sims/pokemon-sims/build
"trace_issue_1090_gladion_arven_route" start time: Jul 20 05:22 UTC
Output:
----------------------------------------------------------
<end of output>
Test time =   0.04 sec
----------------------------------------------------------
Test Passed.
"trace_issue_1090_gladion_arven_route" end time: Jul 20 05:22 UTC
"trace_issue_1090_gladion_arven_route" time elapsed: 00:00:00
----------------------------------------------------------

163/172 Testing: trace_issue_1086_wonder_tag_serena_payload
163/172 Test: trace_issue_1086_wonder_tag_serena_payload
Command: "/usr/local/bin/cmake" "-DSIMULATOR=/home/runner/work/pokemon-sims/pokemon-sims/build/regidrago_sim" "-P" "/home/runner/work/pokemon-sims/pokemon-sims/tests/run_issue_1086_wonder_tag_serena_payload.cmake"
Directory: /home/runner/work/pokemon-sims/pokemon-sims/build
"trace_issue_1086_wonder_tag_serena_payload" start time: Jul 20 05:22 UTC
Output:
----------------------------------------------------------
<end of output>
Test time =   0.02 sec
----------------------------------------------------------
Test Passed.
"trace_issue_1086_wonder_tag_serena_payload" end time: Jul 20 05:22 UTC
"trace_issue_1086_wonder_tag_serena_payload" time elapsed: 00:00:00
----------------------------------------------------------

165/172 Testing: trace_issue_1092_quick_ball_energy_jit_gate
165/172 Test: trace_issue_1092_quick_ball_energy_jit_gate
Command: "/usr/local/bin/cmake" "-DSIMULATOR=/home/runner/work/pokemon-sims/pokemon-sims/build/regidrago_sim" "-P" "/home/runner/work/pokemon-sims/pokemon-sims/tests/run_issue_1092_quick_ball_energy_jit_gate.cmake"
Directory: /home/runner/work/pokemon-sims/pokemon-sims/build
"trace_issue_1092_quick_ball_energy_jit_gate" start time: Jul 20 05:22 UTC
Output:
----------------------------------------------------------
<end of output>
Test time =   0.02 sec
----------------------------------------------------------
Test Passed.
"trace_issue_1092_quick_ball_energy_jit_gate" end time: Jul 20 05:22 UTC
"trace_issue_1092_quick_ball_energy_jit_gate" time elapsed: 00:00:00
----------------------------------------------------------

74/172 Testing: regidrago_issue_990_fss_observable_complete_route_tests
74/172 Test: regidrago_issue_990_fss_observable_complete_route_tests
Command: "/home/runner/work/pokemon-sims/pokemon-sims/build/regidrago_unified_tests" "issue_990_fss_observable_complete_route_tests"
Directory: /home/runner/work/pokemon-sims/pokemon-sims/build
"regidrago_issue_990_fss_observable_complete_route_tests" start time: Jul 20 05:22 UTC
Output:
----------------------------------------------------------
[ RUN      ] issue_990_fss_observable_complete_route_tests
Issue 990 FSS complete-route tests passed
[       OK ] issue_990_fss_observable_complete_route_tests
<end of output>
Test time =   0.02 sec
----------------------------------------------------------
Test Passed.
"regidrago_issue_990_fss_observable_complete_route_tests" end time: Jul 20 05:22 UTC
"regidrago_issue_990_fss_observable_complete_route_tests" time elapsed: 00:00:00
----------------------------------------------------------

161/172 Testing: trace_issue_1079_celestial_roar_hold
161/172 Test: trace_issue_1079_celestial_roar_hold
Command: "/usr/local/bin/cmake" "-DSIMULATOR=/home/runner/work/pokemon-sims/pokemon-sims/build/regidrago_sim" "-P" "/home/runner/work/pokemon-sims/pokemon-sims/tests/run_issue_1079_celestial_roar_hold.cmake"
Directory: /home/runner/work/pokemon-sims/pokemon-sims/build
"trace_issue_1079_celestial_roar_hold" start time: Jul 20 05:22 UTC
Output:
----------------------------------------------------------
<end of output>
Test time =   0.02 sec
----------------------------------------------------------
Test Passed.
"trace_issue_1079_celestial_roar_hold" end time: Jul 20 05:22 UTC
"trace_issue_1079_celestial_roar_hold" time elapsed: 00:00:00
----------------------------------------------------------

118/172 Testing: regidrago_regidrago_tier2_tests
118/172 Test: regidrago_regidrago_tier2_tests
Command: "/home/runner/work/pokemon-sims/pokemon-sims/build/regidrago_unified_tests" "regidrago_tier2_tests"
Directory: /home/runner/work/pokemon-sims/pokemon-sims/build
"regidrago_regidrago_tier2_tests" start time: Jul 20 05:22 UTC
Output:
----------------------------------------------------------
[ RUN      ] regidrago_tier2_tests
PASS crispin_beats_arven
PASS steven_beats_arven
PASS search_then_known_gladion_beats_supporters
PASS k0_does_not_peek_prizes
PASS blind_gladion_is_critical_only
PASS fss_uses_oricorio_compression
PASS fss_uses_vessel_over_arven
PASS fss_uses_direct_arven_not_tapu_chain
PASS fss_uses_blender_for_payload
PASS known_lusamine_is_delayed_not_direct
PASS search_effects_persist_knowledge
PASS zero_target_crispin_rejects_no_effect_play
PASS k1_singleton_crispin_supplies_manual_energy
PASS tapu_avoids_redundant_arven
PASS tapu_uses_gladion_for_known_prized_vstar
PASS crispin_beats_known_prized_oricorio
PASS fss_holds_for_tate_switch
PASS fss_uses_gladion_for_known_prized_vstar
PASS heavy_ball_oricorio_compresses_energy
PASS ability_lock_blocks_latias_quick_ball_connector
PASS fss_is_blocked_by_rulebox_lock
PASS k1_heavy_ball_beats_still_live_quick_ball
PASS tate_draw_recovers_missing_vstar
PASS arven_uses_available_vstar_item_fallback
PASS fss_holds_for_live_crispin
PASS ultra_ball_holds_for_live_crispin
PASS costed_search_accepts_distinct_ultra_second_cost
PASS tapu_holds_for_three_ultra_vstar_route
PASS legacy_star_recovers_payable_incense_ultra_bridge
PASS legacy_star_rejects_final_card_incense_ultra_bridge
PASS legacy_star_rejects_unpayable_incense_ultra_bridge
Tier Two policy tests: 31/31 passed
[       OK ] regidrago_tier2_tests
<end of output>
Test time =   0.01 sec
----------------------------------------------------------
Test Passed.
"regidrago_regidrago_tier2_tests" end time: Jul 20 05:22 UTC
"regidrago_regidrago_tier2_tests" time elapsed: 00:00:00
----------------------------------------------------------

3/172 Testing: regidrago_arven_fss_rulebox_tests
3/172 Test: regidrago_arven_fss_rulebox_tests
Command: "/home/runner/work/pokemon-sims/pokemon-sims/build/regidrago_unified_tests" "arven_fss_rulebox_tests"
Directory: /home/runner/work/pokemon-sims/pokemon-sims/build
"regidrago_arven_fss_rulebox_tests" start time: Jul 20 05:22 UTC
Output:
----------------------------------------------------------
[ RUN      ] arven_fss_rulebox_tests
[       OK ] arven_fss_rulebox_tests
<end of output>
Test time =   0.01 sec
----------------------------------------------------------
Test Passed.
"regidrago_arven_fss_rulebox_tests" end time: Jul 20 05:22 UTC
"regidrago_arven_fss_rulebox_tests" time elapsed: 00:00:00
----------------------------------------------------------

4/172 Testing: regidrago_arven_heavy_ball_prize_tests
4/172 Test: regidrago_arven_heavy_ball_prize_tests
Command: "/home/runner/work/pokemon-sims/pokemon-sims/build/regidrago_unified_tests" "arven_heavy_ball_prize_tests"
Directory: /home/runner/work/pokemon-sims/pokemon-sims/build
"regidrago_arven_heavy_ball_prize_tests" start time: Jul 20 05:22 UTC
Output:
----------------------------------------------------------
[ RUN      ] arven_heavy_ball_prize_tests
Arven Heavy Ball prize tests passed
[       OK ] arven_heavy_ball_prize_tests
<end of output>
Test time =   0.01 sec
----------------------------------------------------------
Test Passed.
"regidrago_arven_heavy_ball_prize_tests" end time: Jul 20 05:22 UTC
"regidrago_arven_heavy_ball_prize_tests" time elapsed: 00:00:00
----------------------------------------------------------

166/172 Testing: trace_issue_1099_serena_complete_axis_jit_gate
166/172 Test: trace_issue_1099_serena_complete_axis_jit_gate
Command: "/usr/local/bin/cmake" "-DSIMULATOR=/home/runner/work/pokemon-sims/pokemon-sims/build/regidrago_sim" "-P" "/home/runner/work/pokemon-sims/pokemon-sims/tests/run_issue_1099_serena_complete_axis_jit_gate.cmake"
Directory: /home/runner/work/pokemon-sims/pokemon-sims/build
"trace_issue_1099_serena_complete_axis_jit_gate" start time: Jul 20 05:22 UTC
Output:
----------------------------------------------------------
<end of output>
Test time =   0.01 sec
----------------------------------------------------------
Test Passed.
"trace_issue_1099_serena_complete_axis_jit_gate" end time: Jul 20 05:22 UTC
"trace_issue_1099_serena_complete_axis_jit_gate" time elapsed: 00:00:00
----------------------------------------------------------

57/172 Testing: regidrago_issue_1056_held_payload_gladion_tests
57/172 Test: regidrago_issue_1056_held_payload_gladion_tests
Command: "/home/runner/work/pokemon-sims/pokemon-sims/build/regidrago_unified_tests" "issue_1056_held_payload_gladion_tests"
Directory: /home/runner/work/pokemon-sims/pokemon-sims/build
"regidrago_issue_1056_held_payload_gladion_tests" start time: Jul 20 05:22 UTC
Output:
----------------------------------------------------------
[ RUN      ] issue_1056_held_payload_gladion_tests
[       OK ] issue_1056_held_payload_gladion_tests
<end of output>
Test time =   0.02 sec
----------------------------------------------------------
Test Passed.
"regidrago_issue_1056_held_payload_gladion_tests" end time: Jul 20 05:22 UTC
"regidrago_issue_1056_held_payload_gladion_tests" time elapsed: 00:00:00
----------------------------------------------------------

117/172 Testing: regidrago_regidrago_sim_tests
117/172 Test: regidrago_regidrago_sim_tests
Command: "/home/runner/work/pokemon-sims/pokemon-sims/build/regidrago_unified_tests" "regidrago_sim_tests"
Directory: /home/runner/work/pokemon-sims/pokemon-sims/build
"regidrago_regidrago_sim_tests" start time: Jul 20 05:22 UTC
Output:
----------------------------------------------------------
[ RUN      ] regidrago_sim_tests
[       OK ] regidrago_sim_tests
<end of output>
Test time =   0.00 sec
----------------------------------------------------------
Test Passed.
"regidrago_regidrago_sim_tests" end time: Jul 20 05:22 UTC
"regidrago_regidrago_sim_tests" time elapsed: 00:00:00
----------------------------------------------------------

2/172 Testing: regidrago_arven_fss_blender_contention_tests
2/172 Test: regidrago_arven_fss_blender_contention_tests
Command: "/home/runner/work/pokemon-sims/pokemon-sims/build/regidrago_unified_tests" "arven_fss_blender_contention_tests"
Directory: /home/runner/work/pokemon-sims/pokemon-sims/build
"regidrago_arven_fss_blender_contention_tests" start time: Jul 20 05:22 UTC
Output:
----------------------------------------------------------
[ RUN      ] arven_fss_blender_contention_tests
arven_fss_blender_contention_tests: all checks passed
[       OK ] arven_fss_blender_contention_tests
<end of output>
Test time =   0.01 sec
----------------------------------------------------------
Test Passed.
"regidrago_arven_fss_blender_contention_tests" end time: Jul 20 05:22 UTC
"regidrago_arven_fss_blender_contention_tests" time elapsed: 00:00:00
----------------------------------------------------------

73/172 Testing: regidrago_issue_989_wonder_tag_complete_route_tests
73/172 Test: regidrago_issue_989_wonder_tag_complete_route_tests
Command: "/home/runner/work/pokemon-sims/pokemon-sims/build/regidrago_unified_tests" "issue_989_wonder_tag_complete_route_tests"
Directory: /home/runner/work/pokemon-sims/pokemon-sims/build
"regidrago_issue_989_wonder_tag_complete_route_tests" start time: Jul 20 05:22 UTC
Output:
----------------------------------------------------------
[ RUN      ] issue_989_wonder_tag_complete_route_tests
Issue 989 Wonder Tag complete-route tests passed
[       OK ] issue_989_wonder_tag_complete_route_tests
<end of output>
Test time =   0.01 sec
----------------------------------------------------------
Test Passed.
"regidrago_issue_989_wonder_tag_complete_route_tests" end time: Jul 20 05:22 UTC
"regidrago_issue_989_wonder_tag_complete_route_tests" time elapsed: 00:00:00
----------------------------------------------------------

25/172 Testing: regidrago_forretress_ex_combo_tests
25/172 Test: regidrago_forretress_ex_combo_tests
Command: "/home/runner/work/pokemon-sims/pokemon-sims/build/regidrago_unified_tests" "forretress_ex_combo_tests"
Directory: /home/runner/work/pokemon-sims/pokemon-sims/build
"regidrago_forretress_ex_combo_tests" start time: Jul 20 05:22 UTC
Output:
----------------------------------------------------------
[ RUN      ] forretress_ex_combo_tests
[       OK ] forretress_ex_combo_tests
<end of output>
Test time =   0.02 sec
----------------------------------------------------------
Test Passed.
"regidrago_forretress_ex_combo_tests" end time: Jul 20 05:22 UTC
"regidrago_forretress_ex_combo_tests" time elapsed: 00:00:00
----------------------------------------------------------

51/172 Testing: regidrago_issue_1038_duplicate_crispin_wonder_tag_tests
51/172 Test: regidrago_issue_1038_duplicate_crispin_wonder_tag_tests
Command: "/home/runner/work/pokemon-sims/pokemon-sims/build/regidrago_unified_tests" "issue_1038_duplicate_crispin_wonder_tag_tests"
Directory: /home/runner/work/pokemon-sims/pokemon-sims/build
"regidrago_issue_1038_duplicate_crispin_wonder_tag_tests" start time: Jul 20 05:22 UTC
Output:
----------------------------------------------------------
[ RUN      ] issue_1038_duplicate_crispin_wonder_tag_tests
[       OK ] issue_1038_duplicate_crispin_wonder_tag_tests
<end of output>
Test time =   0.01 sec
----------------------------------------------------------
Test Passed.
"regidrago_issue_1038_duplicate_crispin_wonder_tag_tests" end time: Jul 20 05:22 UTC
"regidrago_issue_1038_duplicate_crispin_wonder_tag_tests" time elapsed: 00:00:00
----------------------------------------------------------

162/172 Testing: trace_issue_1085_fss_crispin_next_turn
162/172 Test: trace_issue_1085_fss_crispin_next_turn
Command: "/usr/local/bin/cmake" "-DSIMULATOR=/home/runner/work/pokemon-sims/pokemon-sims/build/regidrago_sim" "-P" "/home/runner/work/pokemon-sims/pokemon-sims/tests/run_issue_1085_fss_crispin_next_turn.cmake"
Directory: /home/runner/work/pokemon-sims/pokemon-sims/build
"trace_issue_1085_fss_crispin_next_turn" start time: Jul 20 05:22 UTC
Output:
----------------------------------------------------------
<end of output>
Test time =   0.02 sec
----------------------------------------------------------
Test Passed.
"trace_issue_1085_fss_crispin_next_turn" end time: Jul 20 05:22 UTC
"trace_issue_1085_fss_crispin_next_turn" time elapsed: 00:00:00
----------------------------------------------------------

53/172 Testing: regidrago_issue_1045_duplicate_held_arven_tests
53/172 Test: regidrago_issue_1045_duplicate_held_arven_tests
Command: "/home/runner/work/pokemon-sims/pokemon-sims/build/regidrago_unified_tests" "issue_1045_duplicate_held_arven_tests"
Directory: /home/runner/work/pokemon-sims/pokemon-sims/build
"regidrago_issue_1045_duplicate_held_arven_tests" start time: Jul 20 05:22 UTC
Output:
----------------------------------------------------------
[ RUN      ] issue_1045_duplicate_held_arven_tests
[       OK ] issue_1045_duplicate_held_arven_tests
<end of output>
Test time =   0.01 sec
----------------------------------------------------------
Test Passed.
"regidrago_issue_1045_duplicate_held_arven_tests" end time: Jul 20 05:22 UTC
"regidrago_issue_1045_duplicate_held_arven_tests" time elapsed: 00:00:00
----------------------------------------------------------

76/172 Testing: regidrago_issue_992_wonder_tag_gladion_held_energy_tests
76/172 Test: regidrago_issue_992_wonder_tag_gladion_held_energy_tests
Command: "/home/runner/work/pokemon-sims/pokemon-sims/build/regidrago_unified_tests" "issue_992_wonder_tag_gladion_held_energy_tests"
Directory: /home/runner/work/pokemon-sims/pokemon-sims/build
"regidrago_issue_992_wonder_tag_gladion_held_energy_tests" start time: Jul 20 05:22 UTC
Output:
----------------------------------------------------------
[ RUN      ] issue_992_wonder_tag_gladion_held_energy_tests
Issue 992 Wonder Tag Gladion tests passed
[       OK ] issue_992_wonder_tag_gladion_held_energy_tests
<end of output>
Test time =   0.01 sec
----------------------------------------------------------
Test Passed.
"regidrago_issue_992_wonder_tag_gladion_held_energy_tests" end time: Jul 20 05:22 UTC
"regidrago_issue_992_wonder_tag_gladion_held_energy_tests" time elapsed: 00:00:00
----------------------------------------------------------

48/172 Testing: regidrago_issue_1030_gladion_turo_route_tests
48/172 Test: regidrago_issue_1030_gladion_turo_route_tests
Command: "/home/runner/work/pokemon-sims/pokemon-sims/build/regidrago_unified_tests" "issue_1030_gladion_turo_route_tests"
Directory: /home/runner/work/pokemon-sims/pokemon-sims/build
"regidrago_issue_1030_gladion_turo_route_tests" start time: Jul 20 05:22 UTC
Output:
----------------------------------------------------------
[ RUN      ] issue_1030_gladion_turo_route_tests
[       OK ] issue_1030_gladion_turo_route_tests
<end of output>
Test time =   0.01 sec
----------------------------------------------------------
Test Passed.
"regidrago_issue_1030_gladion_turo_route_tests" end time: Jul 20 05:22 UTC
"regidrago_issue_1030_gladion_turo_route_tests" time elapsed: 00:00:00
----------------------------------------------------------

58/172 Testing: regidrago_issue_1057_tate_held_route_tests
58/172 Test: regidrago_issue_1057_tate_held_route_tests
Command: "/home/runner/work/pokemon-sims/pokemon-sims/build/regidrago_unified_tests" "issue_1057_tate_held_route_tests"
Directory: /home/runner/work/pokemon-sims/pokemon-sims/build
"regidrago_issue_1057_tate_held_route_tests" start time: Jul 20 05:22 UTC
Output:
----------------------------------------------------------
[ RUN      ] issue_1057_tate_held_route_tests
[       OK ] issue_1057_tate_held_route_tests
<end of output>
Test time =   0.01 sec
----------------------------------------------------------
Test Passed.
"regidrago_issue_1057_tate_held_route_tests" end time: Jul 20 05:22 UTC
"regidrago_issue_1057_tate_held_route_tests" time elapsed: 00:00:00
----------------------------------------------------------

42/172 Testing: regidrago_issue_1010_fss_hold_trace_tests
42/172 Test: regidrago_issue_1010_fss_hold_trace_tests
Command: "/home/runner/work/pokemon-sims/pokemon-sims/build/regidrago_unified_tests" "issue_1010_fss_hold_trace_tests"
Directory: /home/runner/work/pokemon-sims/pokemon-sims/build
"regidrago_issue_1010_fss_hold_trace_tests" start time: Jul 20 05:22 UTC
Output:
----------------------------------------------------------
[ RUN      ] issue_1010_fss_hold_trace_tests
Issue 1010 Forest Seal Stone hold trace tests passed
[       OK ] issue_1010_fss_hold_trace_tests
<end of output>
Test time =   0.01 sec
----------------------------------------------------------
Test Passed.
"regidrago_issue_1010_fss_hold_trace_tests" end time: Jul 20 05:22 UTC
"regidrago_issue_1010_fss_hold_trace_tests" time elapsed: 00:00:00
----------------------------------------------------------

30/172 Testing: regidrago_gladion_erika_low_impact_tests
30/172 Test: regidrago_gladion_erika_low_impact_tests
Command: "/home/runner/work/pokemon-sims/pokemon-sims/build/regidrago_unified_tests" "gladion_erika_low_impact_tests"
Directory: /home/runner/work/pokemon-sims/pokemon-sims/build
"regidrago_gladion_erika_low_impact_tests" start time: Jul 20 05:22 UTC
Output:
----------------------------------------------------------
[ RUN      ] gladion_erika_low_impact_tests
Gladion Erika low-impact tests passed
[       OK ] gladion_erika_low_impact_tests
<end of output>
Test time =   0.01 sec
----------------------------------------------------------
Test Passed.
"regidrago_gladion_erika_low_impact_tests" end time: Jul 20 05:22 UTC
"regidrago_gladion_erika_low_impact_tests" time elapsed: 00:00:00
----------------------------------------------------------

132/172 Testing: regidrago_tapu_gladion_prize_fallback_tests
132/172 Test: regidrago_tapu_gladion_prize_fallback_tests
Command: "/home/runner/work/pokemon-sims/pokemon-sims/build/regidrago_unified_tests" "tapu_gladion_prize_fallback_tests"
Directory: /home/runner/work/pokemon-sims/pokemon-sims/build
"regidrago_tapu_gladion_prize_fallback_tests" start time: Jul 20 05:22 UTC
Output:
----------------------------------------------------------
[ RUN      ] tapu_gladion_prize_fallback_tests
K1 Tapu connector tests passed
[       OK ] tapu_gladion_prize_fallback_tests
<end of output>
Test time =   0.01 sec
----------------------------------------------------------
Test Passed.
"regidrago_tapu_gladion_prize_fallback_tests" end time: Jul 20 05:22 UTC
"regidrago_tapu_gladion_prize_fallback_tests" time elapsed: 00:00:00
----------------------------------------------------------

116/172 Testing: regidrago_regidrago_policy_tests
116/172 Test: regidrago_regidrago_policy_tests
Command: "/home/runner/work/pokemon-sims/pokemon-sims/build/regidrago_unified_tests" "regidrago_policy_tests"
Directory: /home/runner/work/pokemon-sims/pokemon-sims/build
"regidrago_regidrago_policy_tests" start time: Jul 20 05:22 UTC
Output:
----------------------------------------------------------
[ RUN      ] regidrago_policy_tests
PASS gladion_fetches_prized_vstar_only_when_no_route_exists
PASS gladion_is_not_burned_when_vstar_is_already_in_hand
PASS steven_fetches_burnet_before_turn_two_item_lock
PASS steven_uses_legal_fallback_when_preferred_card_is_prized
PASS steven_resolve_reserves_gladion_for_prized_vstar
PASS steven_skips_known_dead_crispin
PASS fss_finds_steven_on_turn_one_when_three_axes_are_missing
PASS fss_uses_a_fallback_when_vstar_is_not_in_deck
PASS fss_fetches_missing_basic_energy_for_manual_attachment
PASS fss_cannot_be_used_from_a_vstar_holder
PASS existing_fss_is_usable_under_item_lock
PASS fss_is_blocked_by_rule_box_lock
PASS crispin_attaches_only_with_two_different_energy_types
PASS crispin_single_type_only_puts_energy_in_hand
PASS earthen_vessel_can_take_two_grass
PASS strict_jit_holds_payload_before_turn_two
PASS no_control_allows_early_payload_banking
PASS blender_dominates_mysterious_treasure_when_no_search_axis_exists
PASS searches_use_legal_fallback_targets_after_deck_inspection
PASS heavy_ball_inspects_prizes_and_chains_tapu
PASS known_no_basic_prize_holds_heavy_ball_for_discard_cost
PASS k1_gladion_recovers_final_prized_energy
PASS heavy_ball_reveal_marks_crispin_dead
PASS fss_reveal_preserves_burnet_over_prized_energy
PASS celestial_roar_attached_energy_leaves_discard
PASS tate_draws_from_a_four_card_dead_hand
PASS tate_refreshes_a_five_card_dead_hand
PASS fss_fetches_gladion_for_final_prized_energy
PASS full_bench_blocks_basic_search_connectors
PASS strict_serena_uses_three_safe_discards
PASS heavy_ball_oricorio_preserves_burnet_supporter
PASS legacy_star_recovered_blender_is_played_same_turn
PASS legacy_star_recovered_crispin_is_played_same_turn
PASS legacy_star_recovers_burnet_for_deck_payload
PASS lusamine_recovers_only_live_axis_connectors
PASS wonder_tag_skips_known_dead_crispin
PASS payload_selectors_fetch_burnet_when_blender_is_unavailable
PASS live_burnet_preempts_arven_when_blender_is_absent
PASS tapu_fetches_burnet_without_item_lock_when_blender_is_not_live
PASS lusamine_recovers_current_axis_connectors
PASS arven_requires_a_live_item_or_tool_route
PASS oricorio_is_held_when_earthen_vessel_already_solves_energy
PASS oricorio_works_under_rule_box_lock
PASS tapu_is_blocked_by_rule_box_lock
PASS tapu_fetches_steven_when_it_is_the_live_turn_one_connector
PASS latias_retreat_is_basic_only
PASS tate_switch_is_selected_when_it_completes_active_axis
PASS strict_jit_requires_payload_to_be_in_discard_now_and_this_turn
PASS finished_setup_does_not_burn_serena
PASS arven_fetches_forest_seal_stone_during_item_lock
PASS arven_is_not_played_during_item_lock
PASS first_turn_restrictions_and_celestial_cost
PASS evolution_timing_and_single_manual_attachment
PASS item_lock_blocks_item_cards
PASS ultra_ball_discards_payload_in_jit_window
PASS dipplin_is_legal_treasure_fallback_but_not_payload_ready
PASS late_jit_item_search_evolves_in_the_same_turn
Policy fixtures: 57/57 passed
[       OK ] regidrago_policy_tests
<end of output>
Test time =   0.02 sec
----------------------------------------------------------
Test Passed.
"regidrago_regidrago_policy_tests" end time: Jul 20 05:22 UTC
"regidrago_regidrago_policy_tests" time elapsed: 00:00:00
----------------------------------------------------------

44/172 Testing: regidrago_issue_1017_late_steven_vstar_vessel_tests
44/172 Test: regidrago_issue_1017_late_steven_vstar_vessel_tests
Command: "/home/runner/work/pokemon-sims/pokemon-sims/build/regidrago_unified_tests" "issue_1017_late_steven_vstar_vessel_tests"
Directory: /home/runner/work/pokemon-sims/pokemon-sims/build
"regidrago_issue_1017_late_steven_vstar_vessel_tests" start time: Jul 20 05:22 UTC
Output:
----------------------------------------------------------
[ RUN      ] issue_1017_late_steven_vstar_vessel_tests
[       OK ] issue_1017_late_steven_vstar_vessel_tests
<end of output>
Test time =   0.01 sec
----------------------------------------------------------
Test Passed.
"regidrago_issue_1017_late_steven_vstar_vessel_tests" end time: Jul 20 05:22 UTC
"regidrago_issue_1017_late_steven_vstar_vessel_tests" time elapsed: 00:00:00
----------------------------------------------------------

157/172 Testing: trace_issue_962_strict_first_seed104
157/172 Test: trace_issue_962_strict_first_seed104
Command: "/home/runner/work/pokemon-sims/pokemon-sims/build/regidrago_sim" "--simulate-this" "--scenario" "strict-jit/go-first" "--seed" "104" "--require-ready-by" "3"
Directory: /home/runner/work/pokemon-sims/pokemon-sims/build
"trace_issue_962_strict_first_seed104" start time: Jul 20 05:22 UTC
Output:
----------------------------------------------------------

Seed: 104 | first-ready turn: 3 | setup result: success
===== SIMULATE THIS =====
Scenario: strict-jit/go-first | DCI: strict-JIT | Locks: none
Mulligans: 1
Opening player-known state: Active=Regidrago V [-] | Bench=(none) | Hand=Mysterious Treasure, Regidrago VSTAR, Dialga-GX, Serena, Earthen Vessel, Brilliant Blender | Discard=(none)
DEBUG ONLY: prizes=Regidrago VSTAR, Grass Energy, Grass Energy, Guzma, Tapu Lele-GX, Grass Energy. Policy may use them only after a legal deck or Prize inspection.
Policy rule: strict and matchup-flex JIT require a payload to enter discard in the same player turn as the ready-state check.
T1 | DRAW | rules: R-GAME-DRAW | start-of-turn: Quick Ball
T1 | TURN START | rules: R-GAME-FIRST-TURN | Going first: drew for the turn; no Supporter or attack is permitted.
T1 | POLICY | rules: P-AXIS-01 | Start: Active=Regidrago V [-] | Bench=(none) | Hand=Mysterious Treasure, Regidrago VSTAR, Dialga-GX, Serena, Earthen Vessel, Brilliant Blender, Quick Ball | Discard=(none)
T1 | POLICY | rules: P-AXIS-01 | End: Active=Regidrago V [-] | Bench=(none) | Hand=Mysterious Treasure, Regidrago VSTAR, Dialga-GX, Serena, Earthen Vessel, Brilliant Blender, Quick Ball | Discard=(none)
T2 | DRAW | rules: R-GAME-DRAW | start-of-turn: Hisuian Goodra VSTAR
T2 | POLICY | rules: P-AXIS-01 | Start: Active=Regidrago V [-] | Bench=(none) | Hand=Mysterious Treasure, Regidrago VSTAR, Dialga-GX, Serena, Earthen Vessel, Brilliant Blender, Quick Ball, Hisuian Goodra VSTAR | Discard=(none)
T2 | EVOLVE | rules: R-GAME-EVOLVE | Evolved Regidrago V into Regidrago VSTAR.
T2 | DISCARD | rules: R-QB-01 | Hisuian Goodra VSTAR (Quick Ball cost)
T2 | DECK KNOWLEDGE | rules: P-KNOWLEDGE-01 | Quick Ball: deck inspected; Prize identities are now deducible for later decisions.
T2 | PLAY ITEM | rules: R-QB-01; R-GAME-ITEM | Searched a Basic Pokémon: Tapu Lele-GX.
T2 | BENCH | rules: R-GAME-BENCH | Tapu Lele-GX from hand.
T2 | WONDER TAG | rules: R-TAPU-01 | Searched and revealed Crispin.
T2 | DISCARD | rules: R-EV-01 | Dialga-GX (Earthen Vessel cost)
T2 | Earthen Vessel | rules: R-EV-01; R-GAME-ITEM | Searched up to 2 Basic Energy: Grass Energy, Fire Energy.
T2 | PLAY SUPPORTER | rules: R-CRISPIN-01; R-GAME-SUPPORTER | Searched Grass Energy and Fire Energy; attached Grass Energy to Regidrago VSTAR and put Fire Energy into hand.
T2 | ATTACH | rules: R-GAME-ENERGY | Grass Energy manually to Regidrago VSTAR.
T2 | POLICY | rules: P-AXIS-01 | End: Active=Regidrago VSTAR [GG] | Bench=Tapu Lele-GX [-] | Hand=Mysterious Treasure, Serena, Brilliant Blender, Fire Energy, Fire Energy | Discard=Quick Ball, Hisuian Goodra VSTAR, Earthen Vessel, Dialga-GX, Crispin
T3 | DRAW | rules: R-GAME-DRAW | start-of-turn: Channeler
T3 | POLICY | rules: P-AXIS-01 | Start: Active=Regidrago VSTAR [GG] | Bench=Tapu Lele-GX [-] | Hand=Mysterious Treasure, Serena, Brilliant Blender, Fire Energy, Fire Energy, Channeler | Discard=Quick Ball, Hisuian Goodra VSTAR, Earthen Vessel, Dialga-GX, Crispin
T3 | ATTACH | rules: R-GAME-ENERGY | Fire Energy manually to Regidrago VSTAR.
T3 | PLAY ITEM | rules: R-BLENDER-01; R-GAME-ITEM; P-DCI-01 | Searched and discarded: Mega Dragonite ex, Dragapult ex, Dipplin TWM 127.
T3 | POLICY | rules: P-AXIS-01 | End: Active=Regidrago VSTAR [GGF] | Bench=Tapu Lele-GX [-] | Hand=Mysterious Treasure, Serena, Fire Energy, Channeler | Discard=Quick Ball, Hisuian Goodra VSTAR, Earthen Vessel, Dialga-GX, Crispin, Brilliant Blender, Mega Dragonite ex, Dragapult ex, Dipplin TWM 127
T3 | READY | rules: R-RVS-01; P-JIT-01 | Active Regidrago VSTAR has GGF and a permitted Dragon payload in discard.
<end of output>
Test time =   0.00 sec
----------------------------------------------------------
Test Passed.
"trace_issue_962_strict_first_seed104" end time: Jul 20 05:22 UTC
"trace_issue_962_strict_first_seed104" time elapsed: 00:00:00
----------------------------------------------------------

56/172 Testing: regidrago_issue_1051_one_type_crispin_wonder_tag_tests
56/172 Test: regidrago_issue_1051_one_type_crispin_wonder_tag_tests
Command: "/home/runner/work/pokemon-sims/pokemon-sims/build/regidrago_unified_tests" "issue_1051_one_type_crispin_wonder_tag_tests"
Directory: /home/runner/work/pokemon-sims/pokemon-sims/build
"regidrago_issue_1051_one_type_crispin_wonder_tag_tests" start time: Jul 20 05:22 UTC
Output:
----------------------------------------------------------
[ RUN      ] issue_1051_one_type_crispin_wonder_tag_tests
[       OK ] issue_1051_one_type_crispin_wonder_tag_tests
<end of output>
Test time =   0.01 sec
----------------------------------------------------------
Test Passed.
"regidrago_issue_1051_one_type_crispin_wonder_tag_tests" end time: Jul 20 05:22 UTC
"regidrago_issue_1051_one_type_crispin_wonder_tag_tests" time elapsed: 00:00:00
----------------------------------------------------------

28/172 Testing: regidrago_fss_tate_blender_payload_tests
28/172 Test: regidrago_fss_tate_blender_payload_tests
Command: "/home/runner/work/pokemon-sims/pokemon-sims/build/regidrago_unified_tests" "fss_tate_blender_payload_tests"
Directory: /home/runner/work/pokemon-sims/pokemon-sims/build
"regidrago_fss_tate_blender_payload_tests" start time: Jul 20 05:22 UTC
Output:
----------------------------------------------------------
[ RUN      ] fss_tate_blender_payload_tests
FSS held-payload Item tests passed
[       OK ] fss_tate_blender_payload_tests
<end of output>
Test time =   0.01 sec
----------------------------------------------------------
Test Passed.
"regidrago_fss_tate_blender_payload_tests" end time: Jul 20 05:22 UTC
"regidrago_fss_tate_blender_payload_tests" time elapsed: 00:00:00
----------------------------------------------------------

137/172 Testing: regidrago_ultra_ball_cross_singleton_cost_tests
137/172 Test: regidrago_ultra_ball_cross_singleton_cost_tests
Command: "/home/runner/work/pokemon-sims/pokemon-sims/build/regidrago_unified_tests" "ultra_ball_cross_singleton_cost_tests"
Directory: /home/runner/work/pokemon-sims/pokemon-sims/build
"regidrago_ultra_ball_cross_singleton_cost_tests" start time: Jul 20 05:22 UTC
Output:
----------------------------------------------------------
[ RUN      ] ultra_ball_cross_singleton_cost_tests
[       OK ] ultra_ball_cross_singleton_cost_tests
<end of output>
Test time =   0.00 sec
----------------------------------------------------------
Test Passed.
"regidrago_ultra_ball_cross_singleton_cost_tests" end time: Jul 20 05:22 UTC
"regidrago_ultra_ball_cross_singleton_cost_tests" time elapsed: 00:00:00
----------------------------------------------------------

11/172 Testing: regidrago_burnet_ready_turn_gate_tests
11/172 Test: regidrago_burnet_ready_turn_gate_tests
Command: "/home/runner/work/pokemon-sims/pokemon-sims/build/regidrago_unified_tests" "burnet_ready_turn_gate_tests"
Directory: /home/runner/work/pokemon-sims/pokemon-sims/build
"regidrago_burnet_ready_turn_gate_tests" start time: Jul 20 05:22 UTC
Output:
----------------------------------------------------------
[ RUN      ] burnet_ready_turn_gate_tests
Burnet ready-turn gate tests passed
[       OK ] burnet_ready_turn_gate_tests
<end of output>
Test time =   0.01 sec
----------------------------------------------------------
Test Passed.
"regidrago_burnet_ready_turn_gate_tests" end time: Jul 20 05:22 UTC
"regidrago_burnet_ready_turn_gate_tests" time elapsed: 00:00:00
----------------------------------------------------------

100/172 Testing: regidrago_opening_bench_tapu_route_tests
100/172 Test: regidrago_opening_bench_tapu_route_tests
Command: "/home/runner/work/pokemon-sims/pokemon-sims/build/regidrago_unified_tests" "opening_bench_tapu_route_tests"
Directory: /home/runner/work/pokemon-sims/pokemon-sims/build
"regidrago_opening_bench_tapu_route_tests" start time: Jul 20 05:22 UTC
Output:
----------------------------------------------------------
[ RUN      ] opening_bench_tapu_route_tests
[       OK ] opening_bench_tapu_route_tests
<end of output>
Test time =   0.01 sec
----------------------------------------------------------
Test Passed.
"regidrago_opening_bench_tapu_route_tests" end time: Jul 20 05:22 UTC
"regidrago_opening_bench_tapu_route_tests" time elapsed: 00:00:00
----------------------------------------------------------

126/172 Testing: regidrago_steven_crispin_turn2_item_lock_tests
126/172 Test: regidrago_steven_crispin_turn2_item_lock_tests
Command: "/home/runner/work/pokemon-sims/pokemon-sims/build/regidrago_unified_tests" "steven_crispin_turn2_item_lock_tests"
Directory: /home/runner/work/pokemon-sims/pokemon-sims/build
"regidrago_steven_crispin_turn2_item_lock_tests" start time: Jul 20 05:22 UTC
Output:
----------------------------------------------------------
[ RUN      ] steven_crispin_turn2_item_lock_tests
[       OK ] steven_crispin_turn2_item_lock_tests
<end of output>
Test time =   0.01 sec
----------------------------------------------------------
Test Passed.
"regidrago_steven_crispin_turn2_item_lock_tests" end time: Jul 20 05:22 UTC
"regidrago_steven_crispin_turn2_item_lock_tests" time elapsed: 00:00:00
----------------------------------------------------------

14/172 Testing: regidrago_crispin_one_type_manual_attachment_tests
14/172 Test: regidrago_crispin_one_type_manual_attachment_tests
Command: "/home/runner/work/pokemon-sims/pokemon-sims/build/regidrago_unified_tests" "crispin_one_type_manual_attachment_tests"
Directory: /home/runner/work/pokemon-sims/pokemon-sims/build
"regidrago_crispin_one_type_manual_attachment_tests" start time: Jul 20 05:22 UTC
Output:
----------------------------------------------------------
[ RUN      ] crispin_one_type_manual_attachment_tests
[       OK ] crispin_one_type_manual_attachment_tests
<end of output>
Test time =   0.01 sec
----------------------------------------------------------
Test Passed.
"regidrago_crispin_one_type_manual_attachment_tests" end time: Jul 20 05:22 UTC
"regidrago_crispin_one_type_manual_attachment_tests" time elapsed: 00:00:00
----------------------------------------------------------

61/172 Testing: regidrago_issue_1093_quick_ball_crispin_energy_tests
61/172 Test: regidrago_issue_1093_quick_ball_crispin_energy_tests
Command: "/home/runner/work/pokemon-sims/pokemon-sims/build/regidrago_unified_tests" "issue_1093_quick_ball_crispin_energy_tests"
Directory: /home/runner/work/pokemon-sims/pokemon-sims/build
"regidrago_issue_1093_quick_ball_crispin_energy_tests" start time: Jul 20 05:22 UTC
Output:
----------------------------------------------------------
[ RUN      ] issue_1093_quick_ball_crispin_energy_tests
Issue 1093 Quick Ball Crispin-Energy tests passed
[       OK ] issue_1093_quick_ball_crispin_energy_tests
<end of output>
Test time =   0.01 sec
----------------------------------------------------------
Test Passed.
"regidrago_issue_1093_quick_ball_crispin_energy_tests" end time: Jul 20 05:22 UTC
"regidrago_issue_1093_quick_ball_crispin_energy_tests" time elapsed: 00:00:00
----------------------------------------------------------

62/172 Testing: regidrago_issue_1098_late_steven_crispin_treasure_tests
62/172 Test: regidrago_issue_1098_late_steven_crispin_treasure_tests
Command: "/home/runner/work/pokemon-sims/pokemon-sims/build/regidrago_unified_tests" "issue_1098_late_steven_crispin_treasure_tests"
Directory: /home/runner/work/pokemon-sims/pokemon-sims/build
"regidrago_issue_1098_late_steven_crispin_treasure_tests" start time: Jul 20 05:22 UTC
Output:
----------------------------------------------------------
[ RUN      ] issue_1098_late_steven_crispin_treasure_tests
Issue 1098 late-Steven Crispin-Treasure tests passed
[       OK ] issue_1098_late_steven_crispin_treasure_tests
<end of output>
Test time =   0.01 sec
----------------------------------------------------------
Test Passed.
"regidrago_issue_1098_late_steven_crispin_treasure_tests" end time: Jul 20 05:22 UTC
"regidrago_issue_1098_late_steven_crispin_treasure_tests" time elapsed: 00:00:00
----------------------------------------------------------

32/172 Testing: regidrago_gladion_prized_arven_route_tests
32/172 Test: regidrago_gladion_prized_arven_route_tests
Command: "/home/runner/work/pokemon-sims/pokemon-sims/build/regidrago_unified_tests" "gladion_prized_arven_route_tests"
Directory: /home/runner/work/pokemon-sims/pokemon-sims/build
"regidrago_gladion_prized_arven_route_tests" start time: Jul 20 05:22 UTC
Output:
----------------------------------------------------------
[ RUN      ] gladion_prized_arven_route_tests
[       OK ] gladion_prized_arven_route_tests
<end of output>
Test time =   0.02 sec
----------------------------------------------------------
Test Passed.
"regidrago_gladion_prized_arven_route_tests" end time: Jul 20 05:22 UTC
"regidrago_gladion_prized_arven_route_tests" time elapsed: 00:00:00
----------------------------------------------------------

39/172 Testing: regidrago_issue_1004_tapu_hold_trace_tests
39/172 Test: regidrago_issue_1004_tapu_hold_trace_tests
Command: "/home/runner/work/pokemon-sims/pokemon-sims/build/regidrago_unified_tests" "issue_1004_tapu_hold_trace_tests"
Directory: /home/runner/work/pokemon-sims/pokemon-sims/build
"regidrago_issue_1004_tapu_hold_trace_tests" start time: Jul 20 05:22 UTC
Output:
----------------------------------------------------------
[ RUN      ] issue_1004_tapu_hold_trace_tests
Issue 1004 Tapu hold trace tests passed
[       OK ] issue_1004_tapu_hold_trace_tests
<end of output>
Test time =   0.01 sec
----------------------------------------------------------
Test Passed.
"regidrago_issue_1004_tapu_hold_trace_tests" end time: Jul 20 05:22 UTC
"regidrago_issue_1004_tapu_hold_trace_tests" time elapsed: 00:00:00
----------------------------------------------------------

34/172 Testing: regidrago_gladion_revealed_crispin_route_tests
34/172 Test: regidrago_gladion_revealed_crispin_route_tests
Command: "/home/runner/work/pokemon-sims/pokemon-sims/build/regidrago_unified_tests" "gladion_revealed_crispin_route_tests"
Directory: /home/runner/work/pokemon-sims/pokemon-sims/build
"regidrago_gladion_revealed_crispin_route_tests" start time: Jul 20 05:22 UTC
Output:
----------------------------------------------------------
[ RUN      ] gladion_revealed_crispin_route_tests
[       OK ] gladion_revealed_crispin_route_tests
<end of output>
Test time =   0.01 sec
----------------------------------------------------------
Test Passed.
"regidrago_gladion_revealed_crispin_route_tests" end time: Jul 20 05:22 UTC
"regidrago_gladion_revealed_crispin_route_tests" time elapsed: 00:00:00
----------------------------------------------------------

78/172 Testing: regidrago_issue_999_wonder_tag_steven_consistency_tests
78/172 Test: regidrago_issue_999_wonder_tag_steven_consistency_tests
Command: "/home/runner/work/pokemon-sims/pokemon-sims/build/regidrago_unified_tests" "issue_999_wonder_tag_steven_consistency_tests"
Directory: /home/runner/work/pokemon-sims/pokemon-sims/build
"regidrago_issue_999_wonder_tag_steven_consistency_tests" start time: Jul 20 05:22 UTC
Output:
----------------------------------------------------------
[ RUN      ] issue_999_wonder_tag_steven_consistency_tests
Issue 999 Wonder Tag Steven consistency tests passed
[       OK ] issue_999_wonder_tag_steven_consistency_tests
<end of output>
Test time =   0.01 sec
----------------------------------------------------------
Test Passed.
"regidrago_issue_999_wonder_tag_steven_consistency_tests" end time: Jul 20 05:22 UTC
"regidrago_issue_999_wonder_tag_steven_consistency_tests" time elapsed: 00:00:00
----------------------------------------------------------

158/172 Testing: trace_issue_964_strict_first_seed43
158/172 Test: trace_issue_964_strict_first_seed43
Command: "/home/runner/work/pokemon-sims/pokemon-sims/build/regidrago_sim" "--simulate-this" "--scenario" "strict-jit/go-first" "--seed" "43" "--require-ready-by" "3"
Directory: /home/runner/work/pokemon-sims/pokemon-sims/build
"trace_issue_964_strict_first_seed43" start time: Jul 20 05:22 UTC
Output:
----------------------------------------------------------

Seed: 43 | first-ready turn: 3 | setup result: success
===== SIMULATE THIS =====
Scenario: strict-jit/go-first | DCI: strict-JIT | Locks: none
Mulligans: 2
Opening player-known state: Active=Latias ex [-] | Bench=(none) | Hand=Quick Ball, Dragapult ex, Grass Energy, Regidrago VSTAR, Grass Energy, Mysterious Treasure | Discard=(none)
DEBUG ONLY: prizes=Oricorio GRI 55, Mega Dragonite ex, Earthen Vessel, Grass Energy, Fire Energy, Mysterious Treasure. Policy may use them only after a legal deck or Prize inspection.
Policy rule: strict and matchup-flex JIT require a payload to enter discard in the same player turn as the ready-state check.
T1 | DRAW | rules: R-GAME-DRAW | start-of-turn: Arven
T1 | TURN START | rules: R-GAME-FIRST-TURN | Going first: drew for the turn; no Supporter or attack is permitted.
T1 | POLICY | rules: P-AXIS-01 | Start: Active=Latias ex [-] | Bench=(none) | Hand=Quick Ball, Dragapult ex, Grass Energy, Regidrago VSTAR, Grass Energy, Mysterious Treasure, Arven | Discard=(none)
T1 | POLICY | rules: P-AXIS-01 | End: Active=Latias ex [-] | Bench=(none) | Hand=Quick Ball, Dragapult ex, Grass Energy, Regidrago VSTAR, Grass Energy, Mysterious Treasure, Arven | Discard=(none)
T2 | DRAW | rules: R-GAME-DRAW | start-of-turn: Regidrago VSTAR
T2 | POLICY | rules: P-AXIS-01 | Start: Active=Latias ex [-] | Bench=(none) | Hand=Quick Ball, Dragapult ex, Grass Energy, Regidrago VSTAR, Grass Energy, Mysterious Treasure, Arven, Regidrago VSTAR | Discard=(none)
T2 | DISCARD | rules: R-QB-01 | Regidrago VSTAR (Quick Ball cost)
T2 | DECK KNOWLEDGE | rules: P-KNOWLEDGE-01 | Quick Ball: deck inspected; Prize identities are now deducible for later decisions.
T2 | PLAY ITEM | rules: R-QB-01; R-GAME-ITEM | Searched a Basic Pokémon: Regidrago V.
T2 | BENCH | rules: R-GAME-BENCH | Regidrago V from hand.
T2 | ATTACH | rules: R-GAME-ENERGY | Grass Energy manually to Regidrago V.
T2 | PLAY SUPPORTER | rules: R-ARVEN-01; R-GAME-SUPPORTER | Searched an Item and a Pokémon Tool: Forest Seal Stone.
T2 | ATTACH TOOL | rules: R-FSS-01; R-GAME-TOOL | Attached Forest Seal Stone to Regidrago V.
T2 | HOLD VSTAR POWER | rules: R-FSS-02; R-VSTAR-01; P-KNOWLEDGE-01; P-DCI-01 | Retained Star Alchemy because K1 proved that no searched card advances setup.
T2 | POLICY | rules: P-AXIS-01 | End: Active=Latias ex [-] | Bench=Regidrago V [G] + Forest Seal Stone | Hand=Dragapult ex, Grass Energy, Mysterious Treasure, Regidrago VSTAR | Discard=Quick Ball, Regidrago VSTAR, Arven
T3 | DRAW | rules: R-GAME-DRAW | start-of-turn: Regidrago VSTAR
T3 | POLICY | rules: P-AXIS-01 | Start: Active=Latias ex [-] | Bench=Regidrago V [G] + Forest Seal Stone | Hand=Dragapult ex, Grass Energy, Mysterious Treasure, Regidrago VSTAR, Regidrago VSTAR | Discard=Quick Ball, Regidrago VSTAR, Arven
T3 | STAR ALCHEMY | rules: R-FSS-02; R-VSTAR-01 | Searched any card: Crispin.
T3 | ATTACH | rules: R-GAME-ENERGY | Grass Energy manually to Regidrago V.
T3 | PLAY SUPPORTER | rules: R-CRISPIN-01; R-GAME-SUPPORTER | Searched Fire Energy and Grass Energy; attached Fire Energy to Regidrago V and put Grass Energy into hand.
T3 | EVOLVE | rules: R-GAME-EVOLVE | Evolved Regidrago V into Regidrago VSTAR.
T3 | DISCARD | rules: R-MT-01 | Dragapult ex (Mysterious Treasure cost)
T3 | PLAY ITEM | rules: R-MT-01; R-GAME-ITEM | No preferred target remained; legally searched Regidrago V.
T3 | RETREAT | rules: R-LATIAS-01; R-GAME-RETREAT | Latias ex gives the Basic Active no Retreat Cost; promoted the best-powered Benched Regidrago VSTAR.
T3 | POLICY | rules: P-AXIS-01 | End: Active=Regidrago VSTAR [GGF] + Forest Seal Stone | Bench=Latias ex [-] | Hand=Regidrago VSTAR, Grass Energy, Regidrago V | Discard=Quick Ball, Regidrago VSTAR, Arven, Crispin, Mysterious Treasure, Dragapult ex
T3 | READY | rules: R-RVS-01; P-JIT-01 | Active Regidrago VSTAR has GGF and a permitted Dragon payload in discard.
<end of output>
Test time =   0.01 sec
----------------------------------------------------------
Test Passed.
"trace_issue_964_strict_first_seed43" end time: Jul 20 05:22 UTC
"trace_issue_964_strict_first_seed43" time elapsed: 00:00:00
----------------------------------------------------------

133/172 Testing: regidrago_tate_switch_blender_payload_tests
133/172 Test: regidrago_tate_switch_blender_payload_tests
Command: "/home/runner/work/pokemon-sims/pokemon-sims/build/regidrago_unified_tests" "tate_switch_blender_payload_tests"
Directory: /home/runner/work/pokemon-sims/pokemon-sims/build
"regidrago_tate_switch_blender_payload_tests" start time: Jul 20 05:22 UTC
Output:
----------------------------------------------------------
[ RUN      ] tate_switch_blender_payload_tests
[       OK ] tate_switch_blender_payload_tests
<end of output>
Test time =   0.01 sec
----------------------------------------------------------
Test Passed.
"regidrago_tate_switch_blender_payload_tests" end time: Jul 20 05:22 UTC
"regidrago_tate_switch_blender_payload_tests" time elapsed: 00:00:00
----------------------------------------------------------

122/172 Testing: regidrago_serena_mandatory_discard_tests
122/172 Test: regidrago_serena_mandatory_discard_tests
Command: "/home/runner/work/pokemon-sims/pokemon-sims/build/regidrago_unified_tests" "serena_mandatory_discard_tests"
Directory: /home/runner/work/pokemon-sims/pokemon-sims/build
"regidrago_serena_mandatory_discard_tests" start time: Jul 20 05:22 UTC
Output:
----------------------------------------------------------
[ RUN      ] serena_mandatory_discard_tests
[       OK ] serena_mandatory_discard_tests
<end of output>
Test time =   0.00 sec
----------------------------------------------------------
Test Passed.
"regidrago_serena_mandatory_discard_tests" end time: Jul 20 05:22 UTC
"regidrago_serena_mandatory_discard_tests" time elapsed: 00:00:00
----------------------------------------------------------

40/172 Testing: regidrago_issue_1007_heavy_ball_hold_trace_tests
40/172 Test: regidrago_issue_1007_heavy_ball_hold_trace_tests
Command: "/home/runner/work/pokemon-sims/pokemon-sims/build/regidrago_unified_tests" "issue_1007_heavy_ball_hold_trace_tests"
Directory: /home/runner/work/pokemon-sims/pokemon-sims/build
"regidrago_issue_1007_heavy_ball_hold_trace_tests" start time: Jul 20 05:22 UTC
Output:
----------------------------------------------------------
[ RUN      ] issue_1007_heavy_ball_hold_trace_tests
Issue 1007 Heavy Ball hold trace tests passed
[       OK ] issue_1007_heavy_ball_hold_trace_tests
<end of output>
Test time =   0.03 sec
----------------------------------------------------------
Test Passed.
"regidrago_issue_1007_heavy_ball_hold_trace_tests" end time: Jul 20 05:22 UTC
"regidrago_issue_1007_heavy_ball_hold_trace_tests" time elapsed: 00:00:00
----------------------------------------------------------

65/172 Testing: regidrago_issue_962_quick_ball_vessel_resource_controls_tests
65/172 Test: regidrago_issue_962_quick_ball_vessel_resource_controls_tests
Command: "/home/runner/work/pokemon-sims/pokemon-sims/build/regidrago_unified_tests" "issue_962_quick_ball_vessel_resource_controls_tests"
Directory: /home/runner/work/pokemon-sims/pokemon-sims/build
"regidrago_issue_962_quick_ball_vessel_resource_controls_tests" start time: Jul 20 05:22 UTC
Output:
----------------------------------------------------------
[ RUN      ] issue_962_quick_ball_vessel_resource_controls_tests
Issue 962 resource controls passed
[       OK ] issue_962_quick_ball_vessel_resource_controls_tests
<end of output>
Test time =   0.01 sec
----------------------------------------------------------
Test Passed.
"regidrago_issue_962_quick_ball_vessel_resource_controls_tests" end time: Jul 20 05:22 UTC
"regidrago_issue_962_quick_ball_vessel_resource_controls_tests" time elapsed: 00:00:00
----------------------------------------------------------

55/172 Testing: regidrago_issue_1050_dynamic_dead_role_dci_tests
55/172 Test: regidrago_issue_1050_dynamic_dead_role_dci_tests
Command: "/home/runner/work/pokemon-sims/pokemon-sims/build/regidrago_unified_tests" "issue_1050_dynamic_dead_role_dci_tests"
Directory: /home/runner/work/pokemon-sims/pokemon-sims/build
"regidrago_issue_1050_dynamic_dead_role_dci_tests" start time: Jul 20 05:22 UTC
Output:
----------------------------------------------------------
[ RUN      ] issue_1050_dynamic_dead_role_dci_tests
[       OK ] issue_1050_dynamic_dead_role_dci_tests
<end of output>
Test time =   0.01 sec
----------------------------------------------------------
Test Passed.
"regidrago_issue_1050_dynamic_dead_role_dci_tests" end time: Jul 20 05:22 UTC
"regidrago_issue_1050_dynamic_dead_role_dci_tests" time elapsed: 00:00:00
----------------------------------------------------------

94/172 Testing: regidrago_lusamine_arven_item_lock_tests
94/172 Test: regidrago_lusamine_arven_item_lock_tests
Command: "/home/runner/work/pokemon-sims/pokemon-sims/build/regidrago_unified_tests" "lusamine_arven_item_lock_tests"
Directory: /home/runner/work/pokemon-sims/pokemon-sims/build
"regidrago_lusamine_arven_item_lock_tests" start time: Jul 20 05:22 UTC
Output:
----------------------------------------------------------
[ RUN      ] lusamine_arven_item_lock_tests
[       OK ] lusamine_arven_item_lock_tests
<end of output>
Test time =   0.01 sec
----------------------------------------------------------
Test Passed.
"regidrago_lusamine_arven_item_lock_tests" end time: Jul 20 05:22 UTC
"regidrago_lusamine_arven_item_lock_tests" time elapsed: 00:00:00
----------------------------------------------------------

43/172 Testing: regidrago_issue_1016_wonder_tag_duplicate_crispin_tests
43/172 Test: regidrago_issue_1016_wonder_tag_duplicate_crispin_tests
Command: "/home/runner/work/pokemon-sims/pokemon-sims/build/regidrago_unified_tests" "issue_1016_wonder_tag_duplicate_crispin_tests"
Directory: /home/runner/work/pokemon-sims/pokemon-sims/build
"regidrago_issue_1016_wonder_tag_duplicate_crispin_tests" start time: Jul 20 05:22 UTC
Output:
----------------------------------------------------------
[ RUN      ] issue_1016_wonder_tag_duplicate_crispin_tests
Issue 1016 Wonder Tag duplicate Crispin tests passed
[       OK ] issue_1016_wonder_tag_duplicate_crispin_tests
<end of output>
Test time =   0.00 sec
----------------------------------------------------------
Test Passed.
"regidrago_issue_1016_wonder_tag_duplicate_crispin_tests" end time: Jul 20 05:22 UTC
"regidrago_issue_1016_wonder_tag_duplicate_crispin_tests" time elapsed: 00:00:00
----------------------------------------------------------

12/172 Testing: regidrago_celestial_roar_live_route_tests
12/172 Test: regidrago_celestial_roar_live_route_tests
Command: "/home/runner/work/pokemon-sims/pokemon-sims/build/regidrago_unified_tests" "celestial_roar_live_route_tests"
Directory: /home/runner/work/pokemon-sims/pokemon-sims/build
"regidrago_celestial_roar_live_route_tests" start time: Jul 20 05:22 UTC
Output:
----------------------------------------------------------
[ RUN      ] celestial_roar_live_route_tests
[       OK ] celestial_roar_live_route_tests
<end of output>
Test time =   0.00 sec
----------------------------------------------------------
Test Passed.
"regidrago_celestial_roar_live_route_tests" end time: Jul 20 05:22 UTC
"regidrago_celestial_roar_live_route_tests" time elapsed: 00:00:00
----------------------------------------------------------

144/172 Testing: regidrago_wonder_tag_redundant_burnet_tests
144/172 Test: regidrago_wonder_tag_redundant_burnet_tests
Command: "/home/runner/work/pokemon-sims/pokemon-sims/build/regidrago_unified_tests" "wonder_tag_redundant_burnet_tests"
Directory: /home/runner/work/pokemon-sims/pokemon-sims/build
"regidrago_wonder_tag_redundant_burnet_tests" start time: Jul 20 05:22 UTC
Output:
----------------------------------------------------------
[ RUN      ] wonder_tag_redundant_burnet_tests
Wonder Tag redundant-Burnet tests passed
[       OK ] wonder_tag_redundant_burnet_tests
<end of output>
Test time =   0.00 sec
----------------------------------------------------------
Test Passed.
"regidrago_wonder_tag_redundant_burnet_tests" end time: Jul 20 05:22 UTC
"regidrago_wonder_tag_redundant_burnet_tests" time elapsed: 00:00:00
----------------------------------------------------------

54/172 Testing: regidrago_issue_1049_active_regi_steven_route_tests
54/172 Test: regidrago_issue_1049_active_regi_steven_route_tests
Command: "/home/runner/work/pokemon-sims/pokemon-sims/build/regidrago_unified_tests" "issue_1049_active_regi_steven_route_tests"
Directory: /home/runner/work/pokemon-sims/pokemon-sims/build
"regidrago_issue_1049_active_regi_steven_route_tests" start time: Jul 20 05:22 UTC
Output:
----------------------------------------------------------
[ RUN      ] issue_1049_active_regi_steven_route_tests
[       OK ] issue_1049_active_regi_steven_route_tests
<end of output>
Test time =   0.01 sec
----------------------------------------------------------
Test Passed.
"regidrago_issue_1049_active_regi_steven_route_tests" end time: Jul 20 05:22 UTC
"regidrago_issue_1049_active_regi_steven_route_tests" time elapsed: 00:00:00
----------------------------------------------------------

45/172 Testing: regidrago_issue_1018_quick_ball_inert_singleton_tests
45/172 Test: regidrago_issue_1018_quick_ball_inert_singleton_tests
Command: "/home/runner/work/pokemon-sims/pokemon-sims/build/regidrago_unified_tests" "issue_1018_quick_ball_inert_singleton_tests"
Directory: /home/runner/work/pokemon-sims/pokemon-sims/build
"regidrago_issue_1018_quick_ball_inert_singleton_tests" start time: Jul 20 05:22 UTC
Output:
----------------------------------------------------------
[ RUN      ] issue_1018_quick_ball_inert_singleton_tests
[       OK ] issue_1018_quick_ball_inert_singleton_tests
<end of output>
Test time =   0.00 sec
----------------------------------------------------------
Test Passed.
"regidrago_issue_1018_quick_ball_inert_singleton_tests" end time: Jul 20 05:22 UTC
"regidrago_issue_1018_quick_ball_inert_singleton_tests" time elapsed: 00:00:00
----------------------------------------------------------

99/172 Testing: regidrago_opening_active_dialga_payload_tests
99/172 Test: regidrago_opening_active_dialga_payload_tests
Command: "/home/runner/work/pokemon-sims/pokemon-sims/build/regidrago_unified_tests" "opening_active_dialga_payload_tests"
Directory: /home/runner/work/pokemon-sims/pokemon-sims/build
"regidrago_opening_active_dialga_payload_tests" start time: Jul 20 05:22 UTC
Output:
----------------------------------------------------------
[ RUN      ] opening_active_dialga_payload_tests
[       OK ] opening_active_dialga_payload_tests
<end of output>
Test time =   0.00 sec
----------------------------------------------------------
Test Passed.
"regidrago_opening_active_dialga_payload_tests" end time: Jul 20 05:22 UTC
"regidrago_opening_active_dialga_payload_tests" time elapsed: 00:00:00
----------------------------------------------------------

106/172 Testing: regidrago_oricorio_burnet_compression_tests
106/172 Test: regidrago_oricorio_burnet_compression_tests
Command: "/home/runner/work/pokemon-sims/pokemon-sims/build/regidrago_unified_tests" "oricorio_burnet_compression_tests"
Directory: /home/runner/work/pokemon-sims/pokemon-sims/build
"regidrago_oricorio_burnet_compression_tests" start time: Jul 20 05:22 UTC
Output:
----------------------------------------------------------
[ RUN      ] oricorio_burnet_compression_tests
[       OK ] oricorio_burnet_compression_tests
<end of output>
Test time =   0.00 sec
----------------------------------------------------------
Test Passed.
"regidrago_oricorio_burnet_compression_tests" end time: Jul 20 05:22 UTC
"regidrago_oricorio_burnet_compression_tests" time elapsed: 00:00:00
----------------------------------------------------------

131/172 Testing: regidrago_tapu_copy_aware_connector_tests
131/172 Test: regidrago_tapu_copy_aware_connector_tests
Command: "/home/runner/work/pokemon-sims/pokemon-sims/build/regidrago_unified_tests" "tapu_copy_aware_connector_tests"
Directory: /home/runner/work/pokemon-sims/pokemon-sims/build
"regidrago_tapu_copy_aware_connector_tests" start time: Jul 20 05:22 UTC
Output:
----------------------------------------------------------
[ RUN      ] tapu_copy_aware_connector_tests
All copy-aware Tapu connector tests passed.
[       OK ] tapu_copy_aware_connector_tests
<end of output>
Test time =   0.01 sec
----------------------------------------------------------
Test Passed.
"regidrago_tapu_copy_aware_connector_tests" end time: Jul 20 05:22 UTC
"regidrago_tapu_copy_aware_connector_tests" time elapsed: 00:00:00
----------------------------------------------------------

46/172 Testing: regidrago_issue_1022_wonder_tag_steven_fss_tests
46/172 Test: regidrago_issue_1022_wonder_tag_steven_fss_tests
Command: "/home/runner/work/pokemon-sims/pokemon-sims/build/regidrago_unified_tests" "issue_1022_wonder_tag_steven_fss_tests"
Directory: /home/runner/work/pokemon-sims/pokemon-sims/build
"regidrago_issue_1022_wonder_tag_steven_fss_tests" start time: Jul 20 05:22 UTC
Output:
----------------------------------------------------------
[ RUN      ] issue_1022_wonder_tag_steven_fss_tests
[       OK ] issue_1022_wonder_tag_steven_fss_tests
<end of output>
Test time =   0.00 sec
----------------------------------------------------------
Test Passed.
"regidrago_issue_1022_wonder_tag_steven_fss_tests" end time: Jul 20 05:22 UTC
"regidrago_issue_1022_wonder_tag_steven_fss_tests" time elapsed: 00:00:00
----------------------------------------------------------

85/172 Testing: regidrago_late_steven_t3_compression_tests
85/172 Test: regidrago_late_steven_t3_compression_tests
Command: "/home/runner/work/pokemon-sims/pokemon-sims/build/regidrago_unified_tests" "late_steven_t3_compression_tests"
Directory: /home/runner/work/pokemon-sims/pokemon-sims/build
"regidrago_late_steven_t3_compression_tests" start time: Jul 20 05:22 UTC
Output:
----------------------------------------------------------
[ RUN      ] late_steven_t3_compression_tests
[       OK ] late_steven_t3_compression_tests
<end of output>
Test time =   0.00 sec
----------------------------------------------------------
Test Passed.
"regidrago_late_steven_t3_compression_tests" end time: Jul 20 05:22 UTC
"regidrago_late_steven_t3_compression_tests" time elapsed: 00:00:00
----------------------------------------------------------

92/172 Testing: regidrago_legacy_star_vessel_payload_cost_tests
92/172 Test: regidrago_legacy_star_vessel_payload_cost_tests
Command: "/home/runner/work/pokemon-sims/pokemon-sims/build/regidrago_unified_tests" "legacy_star_vessel_payload_cost_tests"
Directory: /home/runner/work/pokemon-sims/pokemon-sims/build
"regidrago_legacy_star_vessel_payload_cost_tests" start time: Jul 20 05:22 UTC
Output:
----------------------------------------------------------
[ RUN      ] legacy_star_vessel_payload_cost_tests
Legacy Star recovery bridge tests passed
[       OK ] legacy_star_vessel_payload_cost_tests
<end of output>
Test time =   0.00 sec
----------------------------------------------------------
Test Passed.
"regidrago_legacy_star_vessel_payload_cost_tests" end time: Jul 20 05:22 UTC
"regidrago_legacy_star_vessel_payload_cost_tests" time elapsed: 00:00:00
----------------------------------------------------------

21/172 Testing: regidrago_erika_discard_tables_tests
21/172 Test: regidrago_erika_discard_tables_tests
Command: "/home/runner/work/pokemon-sims/pokemon-sims/build/regidrago_unified_tests" "erika_discard_tables_tests"
Directory: /home/runner/work/pokemon-sims/pokemon-sims/build
"regidrago_erika_discard_tables_tests" start time: Jul 20 05:22 UTC
Output:
----------------------------------------------------------
[ RUN      ] erika_discard_tables_tests
[       OK ] erika_discard_tables_tests
<end of output>
Test time =   0.00 sec
----------------------------------------------------------
Test Passed.
"regidrago_erika_discard_tables_tests" end time: Jul 20 05:22 UTC
"regidrago_erika_discard_tables_tests" time elapsed: 00:00:00
----------------------------------------------------------

89/172 Testing: regidrago_legacy_star_evolution_incense_payload_tests
89/172 Test: regidrago_legacy_star_evolution_incense_payload_tests
Command: "/home/runner/work/pokemon-sims/pokemon-sims/build/regidrago_unified_tests" "legacy_star_evolution_incense_payload_tests"
Directory: /home/runner/work/pokemon-sims/pokemon-sims/build
"regidrago_legacy_star_evolution_incense_payload_tests" start time: Jul 20 05:22 UTC
Output:
----------------------------------------------------------
[ RUN      ] legacy_star_evolution_incense_payload_tests
[       OK ] legacy_star_evolution_incense_payload_tests
<end of output>
Test time =   0.01 sec
----------------------------------------------------------
Test Passed.
"regidrago_legacy_star_evolution_incense_payload_tests" end time: Jul 20 05:22 UTC
"regidrago_legacy_star_evolution_incense_payload_tests" time elapsed: 00:00:00
----------------------------------------------------------

129/172 Testing: regidrago_steven_mysterious_treasure_dci_tests
129/172 Test: regidrago_steven_mysterious_treasure_dci_tests
Command: "/home/runner/work/pokemon-sims/pokemon-sims/build/regidrago_unified_tests" "steven_mysterious_treasure_dci_tests"
Directory: /home/runner/work/pokemon-sims/pokemon-sims/build
"regidrago_steven_mysterious_treasure_dci_tests" start time: Jul 20 05:22 UTC
Output:
----------------------------------------------------------
[ RUN      ] steven_mysterious_treasure_dci_tests
[       OK ] steven_mysterious_treasure_dci_tests
<end of output>
Test time =   0.01 sec
----------------------------------------------------------
Test Passed.
"regidrago_steven_mysterious_treasure_dci_tests" end time: Jul 20 05:22 UTC
"regidrago_steven_mysterious_treasure_dci_tests" time elapsed: 00:00:00
----------------------------------------------------------

139/172 Testing: regidrago_ultra_ball_tapu_connector_tests
139/172 Test: regidrago_ultra_ball_tapu_connector_tests
Command: "/home/runner/work/pokemon-sims/pokemon-sims/build/regidrago_unified_tests" "ultra_ball_tapu_connector_tests"
Directory: /home/runner/work/pokemon-sims/pokemon-sims/build
"regidrago_ultra_ball_tapu_connector_tests" start time: Jul 20 05:22 UTC
Output:
----------------------------------------------------------
[ RUN      ] ultra_ball_tapu_connector_tests
ultra ball connector tests passed
[       OK ] ultra_ball_tapu_connector_tests
<end of output>
Test time =   0.00 sec
----------------------------------------------------------
Test Passed.
"regidrago_ultra_ball_tapu_connector_tests" end time: Jul 20 05:22 UTC
"regidrago_ultra_ball_tapu_connector_tests" time elapsed: 00:00:00
----------------------------------------------------------

63/172 Testing: regidrago_issue_1111_held_blender_preempts_steven_tests
63/172 Test: regidrago_issue_1111_held_blender_preempts_steven_tests
Command: "/home/runner/work/pokemon-sims/pokemon-sims/build/regidrago_unified_tests" "issue_1111_held_blender_preempts_steven_tests"
Directory: /home/runner/work/pokemon-sims/pokemon-sims/build
"regidrago_issue_1111_held_blender_preempts_steven_tests" start time: Jul 20 05:22 UTC
Output:
----------------------------------------------------------
[ RUN      ] issue_1111_held_blender_preempts_steven_tests
[       OK ] issue_1111_held_blender_preempts_steven_tests
<end of output>
Test time =   0.00 sec
----------------------------------------------------------
Test Passed.
"regidrago_issue_1111_held_blender_preempts_steven_tests" end time: Jul 20 05:22 UTC
"regidrago_issue_1111_held_blender_preempts_steven_tests" time elapsed: 00:00:00
----------------------------------------------------------

119/172 Testing: regidrago_roseanne_energy_recovery_tests
119/172 Test: regidrago_roseanne_energy_recovery_tests
Command: "/home/runner/work/pokemon-sims/pokemon-sims/build/regidrago_unified_tests" "roseanne_energy_recovery_tests"
Directory: /home/runner/work/pokemon-sims/pokemon-sims/build
"regidrago_roseanne_energy_recovery_tests" start time: Jul 20 05:22 UTC
Output:
----------------------------------------------------------
[ RUN      ] roseanne_energy_recovery_tests
[       OK ] roseanne_energy_recovery_tests
<end of output>
Test time =   0.00 sec
----------------------------------------------------------
Test Passed.
"regidrago_roseanne_energy_recovery_tests" end time: Jul 20 05:22 UTC
"regidrago_roseanne_energy_recovery_tests" time elapsed: 00:00:00
----------------------------------------------------------

154/172 Testing: trace_issue_989_item_lock_seed25
154/172 Test: trace_issue_989_item_lock_seed25
Command: "/home/runner/work/pokemon-sims/pokemon-sims/build/regidrago_sim" "--simulate-this" "--scenario" "strict-jit-turn2-item-lock/go-second" "--seed" "25" "--require-ready-by" "2"
Directory: /home/runner/work/pokemon-sims/pokemon-sims/build
"trace_issue_989_item_lock_seed25" start time: Jul 20 05:22 UTC
Output:
----------------------------------------------------------

Seed: 25 | first-ready turn: 2 | setup result: success
===== SIMULATE THIS =====
Scenario: strict-jit-turn2-item-lock/go-second | DCI: strict-JIT | Locks: turn-two Item lock
Mulligans: 2
Opening player-known state: Active=Regidrago V [-] | Bench=(none) | Hand=Team Yell's Cheer, Mysterious Treasure, Dialga-GX, Forest Seal Stone, Professor Burnet, Grass Energy | Discard=(none)
DEBUG ONLY: prizes=Regidrago VSTAR, Lusamine, Steven's Resolve, Latias ex, Mysterious Treasure, Earthen Vessel. Policy may use them only after a legal deck or Prize inspection.
Policy rule: strict and matchup-flex JIT require a payload to enter discard in the same player turn as the ready-state check.
T1 | DRAW | rules: R-GAME-DRAW | start-of-turn: Mega Dragonite ex
T1 | POLICY | rules: P-AXIS-01 | Start: Active=Regidrago V [-] | Bench=(none) | Hand=Team Yell's Cheer, Mysterious Treasure, Dialga-GX, Forest Seal Stone, Professor Burnet, Grass Energy, Mega Dragonite ex | Discard=(none)
T1 | DISCARD | rules: R-MT-01 | Mega Dragonite ex (Mysterious Treasure cost)
T1 | DECK KNOWLEDGE | rules: P-KNOWLEDGE-01 | Mysterious Treasure: deck inspected; Prize identities are now deducible for later decisions.
T1 | PLAY ITEM | rules: R-MT-01; R-GAME-ITEM | Searched a Psychic or Dragon Pokémon: Regidrago VSTAR.
T1 | ATTACH TOOL | rules: R-FSS-01; R-GAME-TOOL | Attached Forest Seal Stone to Regidrago V.
T1 | STAR ALCHEMY | rules: R-FSS-02; R-VSTAR-01 | Searched any card: Crispin.
T1 | ATTACH | rules: R-GAME-ENERGY | Grass Energy manually to Regidrago V.
T1 | PLAY SUPPORTER | rules: R-CRISPIN-01; R-GAME-SUPPORTER | Searched Grass Energy and Fire Energy; attached Grass Energy to Regidrago V and put Fire Energy into hand.
T1 | HOLD ATTACK | rules: R-RV-01; R-GAME-ENERGY; R-SERENA-01; R-BURNET-01; P-JIT-01; P-COMPRESS-01 | Held Energy and a held Supporter payload route already cover the next legal ready window.
T1 | POLICY | rules: P-AXIS-01 | End: Active=Regidrago V [GG] + Forest Seal Stone | Bench=(none) | Hand=Team Yell's Cheer, Dialga-GX, Professor Burnet, Regidrago VSTAR, Fire Energy | Discard=Mysterious Treasure, Mega Dragonite ex, Crispin
T2 | DRAW | rules: R-GAME-DRAW | start-of-turn: Channeler
T2 | POLICY | rules: P-AXIS-01 | Start: Active=Regidrago V [GG] + Forest Seal Stone | Bench=(none) | Hand=Team Yell's Cheer, Dialga-GX, Professor Burnet, Regidrago VSTAR, Fire Energy, Channeler | Discard=Mysterious Treasure, Mega Dragonite ex, Crispin
T2 | ATTACH | rules: R-GAME-ENERGY | Fire Energy manually to Regidrago V.
T2 | PLAY SUPPORTER | rules: R-BURNET-01; R-GAME-SUPPORTER; P-DCI-01 | Searched and discarded: Mega Dragonite ex, Dragapult ex.
T2 | EVOLVE | rules: R-GAME-EVOLVE | Evolved Regidrago V into Regidrago VSTAR.
T2 | POLICY | rules: P-AXIS-01 | End: Active=Regidrago VSTAR [GGF] + Forest Seal Stone | Bench=(none) | Hand=Team Yell's Cheer, Dialga-GX, Channeler | Discard=Mysterious Treasure, Mega Dragonite ex, Crispin, Professor Burnet, Mega Dragonite ex, Dragapult ex
T2 | READY | rules: R-RVS-01; P-JIT-01 | Active Regidrago VSTAR has GGF and a permitted Dragon payload in discard.
<end of output>
Test time =   0.00 sec
----------------------------------------------------------
Test Passed.
"trace_issue_989_item_lock_seed25" end time: Jul 20 05:22 UTC
"trace_issue_989_item_lock_seed25" time elapsed: 00:00:00
----------------------------------------------------------

33/172 Testing: regidrago_gladion_revealed_axis_tests
33/172 Test: regidrago_gladion_revealed_axis_tests
Command: "/home/runner/work/pokemon-sims/pokemon-sims/build/regidrago_unified_tests" "gladion_revealed_axis_tests"
Directory: /home/runner/work/pokemon-sims/pokemon-sims/build
"regidrago_gladion_revealed_axis_tests" start time: Jul 20 05:22 UTC
Output:
----------------------------------------------------------
[ RUN      ] gladion_revealed_axis_tests
[       OK ] gladion_revealed_axis_tests
<end of output>
Test time =   0.00 sec
----------------------------------------------------------
Test Passed.
"regidrago_gladion_revealed_axis_tests" end time: Jul 20 05:22 UTC
"regidrago_gladion_revealed_axis_tests" time elapsed: 00:00:00
----------------------------------------------------------

24/172 Testing: regidrago_forest_seal_stone_rulebox_tests
24/172 Test: regidrago_forest_seal_stone_rulebox_tests
Command: "/home/runner/work/pokemon-sims/pokemon-sims/build/regidrago_unified_tests" "forest_seal_stone_rulebox_tests"
Directory: /home/runner/work/pokemon-sims/pokemon-sims/build
"regidrago_forest_seal_stone_rulebox_tests" start time: Jul 20 05:22 UTC
Output:
----------------------------------------------------------
[ RUN      ] forest_seal_stone_rulebox_tests
[       OK ] forest_seal_stone_rulebox_tests
<end of output>
Test time =   0.00 sec
----------------------------------------------------------
Test Passed.
"regidrago_forest_seal_stone_rulebox_tests" end time: Jul 20 05:22 UTC
"regidrago_forest_seal_stone_rulebox_tests" time elapsed: 00:00:00
----------------------------------------------------------

35/172 Testing: regidrago_gladion_serena_item_lock_tests
35/172 Test: regidrago_gladion_serena_item_lock_tests
Command: "/home/runner/work/pokemon-sims/pokemon-sims/build/regidrago_unified_tests" "gladion_serena_item_lock_tests"
Directory: /home/runner/work/pokemon-sims/pokemon-sims/build
"regidrago_gladion_serena_item_lock_tests" start time: Jul 20 05:22 UTC
Output:
----------------------------------------------------------
[ RUN      ] gladion_serena_item_lock_tests
[       OK ] gladion_serena_item_lock_tests
<end of output>
Test time =   0.00 sec
----------------------------------------------------------
Test Passed.
"regidrago_gladion_serena_item_lock_tests" end time: Jul 20 05:22 UTC
"regidrago_gladion_serena_item_lock_tests" time elapsed: 00:00:00
----------------------------------------------------------

110/172 Testing: regidrago_pokemon_communication_post_exchange_target_tests
110/172 Test: regidrago_pokemon_communication_post_exchange_target_tests
Command: "/home/runner/work/pokemon-sims/pokemon-sims/build/regidrago_unified_tests" "pokemon_communication_post_exchange_target_tests"
Directory: /home/runner/work/pokemon-sims/pokemon-sims/build
"regidrago_pokemon_communication_post_exchange_target_tests" start time: Jul 20 05:22 UTC
Output:
----------------------------------------------------------
[ RUN      ] pokemon_communication_post_exchange_target_tests
[       OK ] pokemon_communication_post_exchange_target_tests
<end of output>
Test time =   0.00 sec
----------------------------------------------------------
Test Passed.
"regidrago_pokemon_communication_post_exchange_target_tests" end time: Jul 20 05:22 UTC
"regidrago_pokemon_communication_post_exchange_target_tests" time elapsed: 00:00:00
----------------------------------------------------------

67/172 Testing: regidrago_issue_964_quick_ball_duplicate_vstar_tests
67/172 Test: regidrago_issue_964_quick_ball_duplicate_vstar_tests
Command: "/home/runner/work/pokemon-sims/pokemon-sims/build/regidrago_unified_tests" "issue_964_quick_ball_duplicate_vstar_tests"
Directory: /home/runner/work/pokemon-sims/pokemon-sims/build
"regidrago_issue_964_quick_ball_duplicate_vstar_tests" start time: Jul 20 05:22 UTC
Output:
----------------------------------------------------------
[ RUN      ] issue_964_quick_ball_duplicate_vstar_tests
Issue 964 Quick Ball duplicate-VSTAR tests passed
[       OK ] issue_964_quick_ball_duplicate_vstar_tests
<end of output>
Test time =   0.00 sec
----------------------------------------------------------
Test Passed.
"regidrago_issue_964_quick_ball_duplicate_vstar_tests" end time: Jul 20 05:22 UTC
"regidrago_issue_964_quick_ball_duplicate_vstar_tests" time elapsed: 00:00:00
----------------------------------------------------------

18/172 Testing: regidrago_duplicate_quick_ball_cost_tests
18/172 Test: regidrago_duplicate_quick_ball_cost_tests
Command: "/home/runner/work/pokemon-sims/pokemon-sims/build/regidrago_unified_tests" "duplicate_quick_ball_cost_tests"
Directory: /home/runner/work/pokemon-sims/pokemon-sims/build
"regidrago_duplicate_quick_ball_cost_tests" start time: Jul 20 05:22 UTC
Output:
----------------------------------------------------------
[ RUN      ] duplicate_quick_ball_cost_tests
[       OK ] duplicate_quick_ball_cost_tests
<end of output>
Test time =   0.01 sec
----------------------------------------------------------
Test Passed.
"regidrago_duplicate_quick_ball_cost_tests" end time: Jul 20 05:22 UTC
"regidrago_duplicate_quick_ball_cost_tests" time elapsed: 00:00:00
----------------------------------------------------------

29/172 Testing: regidrago_full_turn_order_tests
29/172 Test: regidrago_full_turn_order_tests
[...]
T2 | BENCH | rules: R-GAME-BENCH | Tapu Lele-GX from hand.
T2 | WONDER TAG | rules: R-TAPU-01 | Searched and revealed Crispin.
T2 | ATTACH | rules: R-GAME-ENERGY | Grass Energy manually to Regidrago V.
T2 | PLAY SUPPORTER | rules: R-CRISPIN-01; R-GAME-SUPPORTER | Searched Fire Energy and Grass Energy; attached Fire Energy to Regidrago V and put Grass Energy into hand.
T2 | EVOLVE | rules: R-GAME-EVOLVE | Evolved Regidrago V into Regidrago VSTAR.
T2 | POLICY | rules: P-AXIS-01 | End: Active=Regidrago VSTAR [GGF] + Forest Seal Stone | Bench=Tapu Lele-GX [-] | Hand=Chaotic Swell, Steven's Resolve, Mysterious Treasure, Grass Energy, Quick Ball | Discard=Crispin, Mysterious Treasure, Dialga-GX, Crispin
T3 | DRAW | rules: R-GAME-DRAW | start-of-turn: Brilliant Blender
T3 | POLICY | rules: P-AXIS-01 | Start: Active=Regidrago VSTAR [GGF] + Forest Seal Stone | Bench=Tapu Lele-GX [-] | Hand=Chaotic Swell, Steven's Resolve, Mysterious Treasure, Grass Energy, Quick Ball, Brilliant Blender | Discard=Crispin, Mysterious Treasure, Dialga-GX, Crispin
T3 | PLAY ITEM | rules: R-BLENDER-01; R-GAME-ITEM; P-DCI-01 | Searched and discarded: Mega Dragonite ex, Dragapult ex, Hisuian Goodra VSTAR, Dipplin TWM 127.
T3 | POLICY | rules: P-AXIS-01 | End: Active=Regidrago VSTAR [GGF] + Forest Seal Stone | Bench=Tapu Lele-GX [-] | Hand=Chaotic Swell, Steven's Resolve, Mysterious Treasure, Grass Energy, Quick Ball | Discard=Crispin, Mysterious Treasure, Dialga-GX, Crispin, Brilliant Blender, Mega Dragonite ex, Dragapult ex, Hisuian Goodra VSTAR, Dipplin TWM 127
T3 | READY | rules: R-RVS-01; P-JIT-01 | Active Regidrago VSTAR has GGF and a permitted Dragon payload in discard.
<end of output>
Test time =   0.00 sec
----------------------------------------------------------
Test Passed.
"trace_issue_1111_held_blender_preempts_steven" end time: Jul 20 05:22 UTC
"trace_issue_1111_held_blender_preempts_steven" time elapsed: 00:00:00
----------------------------------------------------------

91/172 Testing: regidrago_legacy_star_post_powerglass_vessel_tests
91/172 Test: regidrago_legacy_star_post_powerglass_vessel_tests
Command: "/home/runner/work/pokemon-sims/pokemon-sims/build/regidrago_unified_tests" "legacy_star_post_powerglass_vessel_tests"
Directory: /home/runner/work/pokemon-sims/pokemon-sims/build
"regidrago_legacy_star_post_powerglass_vessel_tests" start time: Jul 20 05:22 UTC
Output:
----------------------------------------------------------
[ RUN      ] legacy_star_post_powerglass_vessel_tests
Legacy Star post-Powerglass Vessel tests passed
[       OK ] legacy_star_post_powerglass_vessel_tests
<end of output>
Test time =   0.00 sec
----------------------------------------------------------
Test Passed.
"regidrago_legacy_star_post_powerglass_vessel_tests" end time: Jul 20 05:22 UTC
"regidrago_legacy_star_post_powerglass_vessel_tests" time elapsed: 00:00:00
----------------------------------------------------------

152/172 Testing: trace_turn2_item_lock_t3
152/172 Test: trace_turn2_item_lock_t3
Command: "/home/runner/work/pokemon-sims/pokemon-sims/build/regidrago_sim" "--simulate-this" "--scenario" "strict-jit-turn2-item-lock/go-second" "--seed" "1" "--require-ready-by" "3"
Directory: /home/runner/work/pokemon-sims/pokemon-sims/build
"trace_turn2_item_lock_t3" start time: Jul 20 05:22 UTC
Output:
----------------------------------------------------------

Seed: 1 | first-ready turn: 2 | setup result: success
===== SIMULATE THIS =====
Scenario: strict-jit-turn2-item-lock/go-second | DCI: strict-JIT | Locks: turn-two Item lock
Mulligans: 1
Opening player-known state: Active=Tapu Lele-GX [-] | Bench=(none) | Hand=Grass Energy, Hisuian Heavy Ball, Professor Burnet, Fire Energy, Brilliant Blender, Dipplin TWM 127 | Discard=(none)
DEBUG ONLY: prizes=Tate & Liza, Regidrago V, Gladion, Tapu Lele-GX, Regidrago VSTAR, Grass Energy. Policy may use them only after a legal deck or Prize inspection.
Policy rule: strict and matchup-flex JIT require a payload to enter discard in the same player turn as the ready-state check.
T1 | DRAW | rules: R-GAME-DRAW | start-of-turn: Regidrago V
T1 | POLICY | rules: P-AXIS-01 | Start: Active=Tapu Lele-GX [-] | Bench=(none) | Hand=Grass Energy, Hisuian Heavy Ball, Professor Burnet, Fire Energy, Brilliant Blender, Dipplin TWM 127, Regidrago V | Discard=(none)
T1 | BENCH | rules: R-GAME-BENCH | Regidrago V from hand.
T1 | PLAY ITEM | rules: R-HEAVYBALL-01; R-GAME-ITEM; P-KNOWLEDGE-01; P-COMPRESS-01 | Looked at Prize cards and exchanged Heavy Ball for Tapu Lele-GX.
T1 | BENCH | rules: R-GAME-BENCH | Tapu Lele-GX from hand.
T1 | DECK KNOWLEDGE | rules: P-KNOWLEDGE-01 | Wonder Tag: deck inspected; Prize identities are now deducible for later decisions.
T1 | WONDER TAG | rules: R-TAPU-01 | Searched and revealed Steven's Resolve.
T1 | ATTACH | rules: R-GAME-ENERGY | Grass Energy manually to Regidrago V.
T1 | PLAY SUPPORTER | rules: R-STEVEN-01; R-GAME-SUPPORTER | Searched up to 3 cards: Regidrago VSTAR, Crispin, Latias ex. Turn ended.
T1 | TURN END | rules: R-STEVEN-01 or R-RV-01 | Active=Tapu Lele-GX [-] | Bench=Regidrago V [G]; Tapu Lele-GX [-] | Hand=Professor Burnet, Fire Energy, Brilliant Blender, Dipplin TWM 127, Regidrago VSTAR, Crispin, Latias ex | Discard=Steven's Resolve
T2 | DRAW | rules: R-GAME-DRAW | start-of-turn: Professor Turo's Scenario
T2 | POLICY | rules: P-AXIS-01 | Start: Active=Tapu Lele-GX [-] | Bench=Regidrago V [G]; Tapu Lele-GX [-] | Hand=Professor Burnet, Fire Energy, Brilliant Blender, Dipplin TWM 127, Regidrago VSTAR, Crispin, Latias ex, Professor Turo's Scenario | Discard=Steven's Resolve
T2 | ATTACH | rules: R-GAME-ENERGY | Fire Energy manually to Regidrago V.
T2 | PLAY SUPPORTER | rules: R-CRISPIN-01; R-GAME-SUPPORTER | Searched Grass Energy and Fire Energy; attached Grass Energy to Regidrago V and put Fire Energy into hand.
T2 | EVOLVE | rules: R-GAME-EVOLVE | Evolved Regidrago V into Regidrago VSTAR.
T2 | BENCH | rules: R-GAME-BENCH | Latias ex from hand.
T2 | LEGACY STAR | rules: R-RVS-01; R-VSTAR-01 | Discarded top 7: Quick Ball, Field Blower, Dialga-GX, Gladion, Mysterious Treasure, Grass Energy, Forest Seal Stone; recovered: Crispin.
T2 | RETREAT | rules: R-LATIAS-01; R-GAME-RETREAT | Latias ex gives the Basic Active no Retreat Cost; promoted the best-powered Benched Regidrago VSTAR.
T2 | POLICY | rules: P-AXIS-01 | End: Active=Regidrago VSTAR [GGF] | Bench=Tapu Lele-GX [-]; Tapu Lele-GX [-]; Latias ex [-] | Hand=Professor Burnet, Brilliant Blender, Dipplin TWM 127, Professor Turo's Scenario, Fire Energy, Crispin | Discard=Steven's Resolve, Quick Ball, Field Blower, Dialga-GX, Gladion, Mysterious Treasure, Grass Energy, Forest Seal Stone
T2 | READY | rules: R-RVS-01; P-JIT-01 | Active Regidrago VSTAR has GGF and a permitted Dragon payload in discard.
<end of output>
Test time =   0.00 sec
----------------------------------------------------------
Test Passed.
"trace_turn2_item_lock_t3" end time: Jul 20 05:22 UTC
"trace_turn2_item_lock_t3" time elapsed: 00:00:00
----------------------------------------------------------

105/172 Testing: regidrago_opening_tapu_oricorio_tests
105/172 Test: regidrago_opening_tapu_oricorio_tests
Command: "/home/runner/work/pokemon-sims/pokemon-sims/build/regidrago_unified_tests" "opening_tapu_oricorio_tests"
Directory: /home/runner/work/pokemon-sims/pokemon-sims/build
"regidrago_opening_tapu_oricorio_tests" start time: Jul 20 05:22 UTC
Output:
----------------------------------------------------------
[ RUN      ] opening_tapu_oricorio_tests
[       OK ] opening_tapu_oricorio_tests
<end of output>
Test time =   0.00 sec
----------------------------------------------------------
Test Passed.
"regidrago_opening_tapu_oricorio_tests" end time: Jul 20 05:22 UTC
"regidrago_opening_tapu_oricorio_tests" time elapsed: 00:00:00
----------------------------------------------------------

23/172 Testing: regidrago_evolution_incense_vstar_fallback_tests
23/172 Test: regidrago_evolution_incense_vstar_fallback_tests
Command: "/home/runner/work/pokemon-sims/pokemon-sims/build/regidrago_unified_tests" "evolution_incense_vstar_fallback_tests"
Directory: /home/runner/work/pokemon-sims/pokemon-sims/build
"regidrago_evolution_incense_vstar_fallback_tests" start time: Jul 20 05:22 UTC
Output:
----------------------------------------------------------
[ RUN      ] evolution_incense_vstar_fallback_tests
[       OK ] evolution_incense_vstar_fallback_tests
<end of output>
Test time =   0.00 sec
----------------------------------------------------------
Test Passed.
"regidrago_evolution_incense_vstar_fallback_tests" end time: Jul 20 05:22 UTC
"regidrago_evolution_incense_vstar_fallback_tests" time elapsed: 00:00:00
----------------------------------------------------------

98/172 Testing: regidrago_no_redundant_item_tests
98/172 Test: regidrago_no_redundant_item_tests
Command: "/home/runner/work/pokemon-sims/pokemon-sims/build/regidrago_unified_tests" "no_redundant_item_tests"
Directory: /home/runner/work/pokemon-sims/pokemon-sims/build
"regidrago_no_redundant_item_tests" start time: Jul 20 05:22 UTC
Output:
----------------------------------------------------------
[ RUN      ] no_redundant_item_tests
[       OK ] no_redundant_item_tests
<end of output>
Test time =   0.00 sec
----------------------------------------------------------
Test Passed.
"regidrago_no_redundant_item_tests" end time: Jul 20 05:22 UTC
"regidrago_no_redundant_item_tests" time elapsed: 00:00:00
----------------------------------------------------------

84/172 Testing: regidrago_late_steven_basic_connector_tests
84/172 Test: regidrago_late_steven_basic_connector_tests
Command: "/home/runner/work/pokemon-sims/pokemon-sims/build/regidrago_unified_tests" "late_steven_basic_connector_tests"
Directory: /home/runner/work/pokemon-sims/pokemon-sims/build
"regidrago_late_steven_basic_connector_tests" start time: Jul 20 05:22 UTC
Output:
----------------------------------------------------------
[ RUN      ] late_steven_basic_connector_tests
[       OK ] late_steven_basic_connector_tests
<end of output>
Test time =   0.00 sec
----------------------------------------------------------
Test Passed.
"regidrago_late_steven_basic_connector_tests" end time: Jul 20 05:22 UTC
"regidrago_late_steven_basic_connector_tests" time elapsed: 00:00:00
----------------------------------------------------------

101/172 Testing: regidrago_opening_latias_bench_tests
101/172 Test: regidrago_opening_latias_bench_tests
Command: "/home/runner/work/pokemon-sims/pokemon-sims/build/regidrago_unified_tests" "opening_latias_bench_tests"
Directory: /home/runner/work/pokemon-sims/pokemon-sims/build
"regidrago_opening_latias_bench_tests" start time: Jul 20 05:22 UTC
Output:
----------------------------------------------------------
[ RUN      ] opening_latias_bench_tests
[       OK ] opening_latias_bench_tests
<end of output>
Test time =   0.00 sec
----------------------------------------------------------
Test Passed.
"regidrago_opening_latias_bench_tests" end time: Jul 20 05:22 UTC
"regidrago_opening_latias_bench_tests" time elapsed: 00:00:00
----------------------------------------------------------

77/172 Testing: regidrago_issue_993_wonder_tag_arven_held_burnet_tests
77/172 Test: regidrago_issue_993_wonder_tag_arven_held_burnet_tests
Command: "/home/runner/work/pokemon-sims/pokemon-sims/build/regidrago_unified_tests" "issue_993_wonder_tag_arven_held_burnet_tests"
Directory: /home/runner/work/pokemon-sims/pokemon-sims/build
"regidrago_issue_993_wonder_tag_arven_held_burnet_tests" start time: Jul 20 05:22 UTC
Output:
----------------------------------------------------------
[ RUN      ] issue_993_wonder_tag_arven_held_burnet_tests
Issue 993 Wonder Tag Arven tests passed
[       OK ] issue_993_wonder_tag_arven_held_burnet_tests
<end of output>
Test time =   0.00 sec
----------------------------------------------------------
Test Passed.
"regidrago_issue_993_wonder_tag_arven_held_burnet_tests" end time: Jul 20 05:22 UTC
"regidrago_issue_993_wonder_tag_arven_held_burnet_tests" time elapsed: 00:00:00
----------------------------------------------------------

20/172 Testing: regidrago_erika_deck_thinning_tests
20/172 Test: regidrago_erika_deck_thinning_tests
Command: "/home/runner/work/pokemon-sims/pokemon-sims/build/regidrago_unified_tests" "erika_deck_thinning_tests"
Directory: /home/runner/work/pokemon-sims/pokemon-sims/build
"regidrago_erika_deck_thinning_tests" start time: Jul 20 05:22 UTC
Output:
----------------------------------------------------------
[ RUN      ] erika_deck_thinning_tests
Erika deck-thinning tests passed
[       OK ] erika_deck_thinning_tests
<end of output>
Test time =   0.00 sec
----------------------------------------------------------
Test Passed.
"regidrago_erika_deck_thinning_tests" end time: Jul 20 05:22 UTC
"regidrago_erika_deck_thinning_tests" time elapsed: 00:00:00
----------------------------------------------------------

153/172 Testing: trace_issue_925_turn2_item_lock_seed25
153/172 Test: trace_issue_925_turn2_item_lock_seed25
Command: "/home/runner/work/pokemon-sims/pokemon-sims/build/regidrago_sim" "--simulate-this" "--scenario" "strict-jit-turn2-item-lock/go-second" "--seed" "25" "--require-ready-by" "2"
Directory: /home/runner/work/pokemon-sims/pokemon-sims/build
"trace_issue_925_turn2_item_lock_seed25" start time: Jul 20 05:22 UTC
Output:
----------------------------------------------------------

Seed: 25 | first-ready turn: 2 | setup result: success
===== SIMULATE THIS =====
Scenario: strict-jit-turn2-item-lock/go-second | DCI: strict-JIT | Locks: turn-two Item lock
Mulligans: 2
Opening player-known state: Active=Regidrago V [-] | Bench=(none) | Hand=Team Yell's Cheer, Mysterious Treasure, Dialga-GX, Forest Seal Stone, Professor Burnet, Grass Energy | Discard=(none)
DEBUG ONLY: prizes=Regidrago VSTAR, Lusamine, Steven's Resolve, Latias ex, Mysterious Treasure, Earthen Vessel. Policy may use them only after a legal deck or Prize inspection.
Policy rule: strict and matchup-flex JIT require a payload to enter discard in the same player turn as the ready-state check.
T1 | DRAW | rules: R-GAME-DRAW | start-of-turn: Mega Dragonite ex
T1 | POLICY | rules: P-AXIS-01 | Start: Active=Regidrago V [-] | Bench=(none) | Hand=Team Yell's Cheer, Mysterious Treasure, Dialga-GX, Forest Seal Stone, Professor Burnet, Grass Energy, Mega Dragonite ex | Discard=(none)
T1 | DISCARD | rules: R-MT-01 | Mega Dragonite ex (Mysterious Treasure cost)
T1 | DECK KNOWLEDGE | rules: P-KNOWLEDGE-01 | Mysterious Treasure: deck inspected; Prize identities are now deducible for later decisions.
T1 | PLAY ITEM | rules: R-MT-01; R-GAME-ITEM | Searched a Psychic or Dragon Pokémon: Regidrago VSTAR.
T1 | ATTACH TOOL | rules: R-FSS-01; R-GAME-TOOL | Attached Forest Seal Stone to Regidrago V.
T1 | STAR ALCHEMY | rules: R-FSS-02; R-VSTAR-01 | Searched any card: Crispin.
T1 | ATTACH | rules: R-GAME-ENERGY | Grass Energy manually to Regidrago V.
T1 | PLAY SUPPORTER | rules: R-CRISPIN-01; R-GAME-SUPPORTER | Searched Grass Energy and Fire Energy; attached Grass Energy to Regidrago V and put Fire Energy into hand.
T1 | HOLD ATTACK | rules: R-RV-01; R-GAME-ENERGY; R-SERENA-01; R-BURNET-01; P-JIT-01; P-COMPRESS-01 | Held Energy and a held Supporter payload route already cover the next legal ready window.
T1 | POLICY | rules: P-AXIS-01 | End: Active=Regidrago V [GG] + Forest Seal Stone | Bench=(none) | Hand=Team Yell's Cheer, Dialga-GX, Professor Burnet, Regidrago VSTAR, Fire Energy | Discard=Mysterious Treasure, Mega Dragonite ex, Crispin
T2 | DRAW | rules: R-GAME-DRAW | start-of-turn: Channeler
T2 | POLICY | rules: P-AXIS-01 | Start: Active=Regidrago V [GG] + Forest Seal Stone | Bench=(none) | Hand=Team Yell's Cheer, Dialga-GX, Professor Burnet, Regidrago VSTAR, Fire Energy, Channeler | Discard=Mysterious Treasure, Mega Dragonite ex, Crispin
T2 | ATTACH | rules: R-GAME-ENERGY | Fire Energy manually to Regidrago V.
T2 | PLAY SUPPORTER | rules: R-BURNET-01; R-GAME-SUPPORTER; P-DCI-01 | Searched and discarded: Mega Dragonite ex, Dragapult ex.
T2 | EVOLVE | rules: R-GAME-EVOLVE | Evolved Regidrago V into Regidrago VSTAR.
T2 | POLICY | rules: P-AXIS-01 | End: Active=Regidrago VSTAR [GGF] + Forest Seal Stone | Bench=(none) | Hand=Team Yell's Cheer, Dialga-GX, Channeler | Discard=Mysterious Treasure, Mega Dragonite ex, Crispin, Professor Burnet, Mega Dragonite ex, Dragapult ex
T2 | READY | rules: R-RVS-01; P-JIT-01 | Active Regidrago VSTAR has GGF and a permitted Dragon payload in discard.
<end of output>
Test time =   0.00 sec
----------------------------------------------------------
Test Passed.
"trace_issue_925_turn2_item_lock_seed25" end time: Jul 20 05:22 UTC
"trace_issue_925_turn2_item_lock_seed25" time elapsed: 00:00:00
----------------------------------------------------------

171/172 Testing: setup_report_contract
171/172 Test: setup_report_contract
Command: "/opt/hostedtoolcache/Python/3.12.13/x64/bin/python3.12" "/home/runner/work/pokemon-sims/pokemon-sims/tests/setup_report_contract_tests.py"
Directory: /home/runner/work/pokemon-sims/pokemon-sims/build
"setup_report_contract" start time: Jul 20 05:22 UTC
Output:
----------------------------------------------------------
<end of output>
Test time =   0.12 sec
----------------------------------------------------------
Test Passed.
"setup_report_contract" end time: Jul 20 05:22 UTC
"setup_report_contract" time elapsed: 00:00:00
----------------------------------------------------------

147/172 Testing: regidrago_cli_mode_contract
147/172 Test: regidrago_cli_mode_contract
Command: "/usr/local/bin/cmake" "-DSIMULATOR=/home/runner/work/pokemon-sims/pokemon-sims/build/regidrago_sim" "-DTEST_DIR=/home/runner/work/pokemon-sims/pokemon-sims/build/cli-mode-contract" "-P" "/home/runner/work/pokemon-sims/pokemon-sims/tests/run_cli_mode_contract.cmake"
Directory: /home/runner/work/pokemon-sims/pokemon-sims/build
"regidrago_cli_mode_contract" start time: Jul 20 05:22 UTC
Output:
----------------------------------------------------------
<end of output>
Test time =   0.94 sec
----------------------------------------------------------
Test Passed.
"regidrago_cli_mode_contract" end time: Jul 20 05:22 UTC
"regidrago_cli_mode_contract" time elapsed: 00:00:00
----------------------------------------------------------

145/172 Testing: regidrago_sim_self_test
145/172 Test: regidrago_sim_self_test
Command: "/home/runner/work/pokemon-sims/pokemon-sims/build/regidrago_sim" "--self-test"
Directory: /home/runner/work/pokemon-sims/pokemon-sims/build
"regidrago_sim_self_test" start time: Jul 20 05:22 UTC
Output:
----------------------------------------------------------
<end of output>
Test time =   0.96 sec
----------------------------------------------------------
Test Passed.
"regidrago_sim_self_test" end time: Jul 20 05:22 UTC
"regidrago_sim_self_test" time elapsed: 00:00:00
----------------------------------------------------------

168/172 Testing: regidrago_sim_matrix_smoke
168/172 Test: regidrago_sim_matrix_smoke
Command: "/home/runner/work/pokemon-sims/pokemon-sims/build/regidrago_sim" "--trials" "100" "--seed" "20260705" "--out" "/home/runner/work/pokemon-sims/pokemon-sims/build/smoke_results.csv"
Directory: /home/runner/work/pokemon-sims/pokemon-sims/build
"regidrago_sim_matrix_smoke" start time: Jul 20 05:22 UTC
Output:
----------------------------------------------------------
<end of output>
Test time =   0.11 sec
----------------------------------------------------------
Test Passed.
"regidrago_sim_matrix_smoke" end time: Jul 20 05:22 UTC
"regidrago_sim_matrix_smoke" time elapsed: 00:00:00
----------------------------------------------------------

End testing: Jul 20 05:22 UTC
