Start testing: Jul 29 21:12 UTC
----------------------------------------------------------
1/353 Testing: regidrago_arven_complementary_latias_route_tests
1/353 Test: regidrago_arven_complementary_latias_route_tests
Command: "/home/runner/work/pokemon-sims/pokemon-sims/build-finalize/regidrago_unified_tests" "arven_complementary_latias_route_tests"
Directory: /home/runner/work/pokemon-sims/pokemon-sims/build-finalize
"regidrago_arven_complementary_latias_route_tests" start time: Jul 29 21:12 UTC
Output:
----------------------------------------------------------
[ RUN      ] arven_complementary_latias_route_tests
[       OK ] arven_complementary_latias_route_tests
<end of output>
Test time =   0.00 sec
----------------------------------------------------------
Test Passed.
"regidrago_arven_complementary_latias_route_tests" end time: Jul 29 21:12 UTC
"regidrago_arven_complementary_latias_route_tests" time elapsed: 00:00:00
----------------------------------------------------------

2/353 Testing: regidrago_arven_fss_blender_contention_tests
2/353 Test: regidrago_arven_fss_blender_contention_tests
Command: "/home/runner/work/pokemon-sims/pokemon-sims/build-finalize/regidrago_unified_tests" "arven_fss_blender_contention_tests"
Directory: /home/runner/work/pokemon-sims/pokemon-sims/build-finalize
"regidrago_arven_fss_blender_contention_tests" start time: Jul 29 21:12 UTC
Output:
----------------------------------------------------------
[ RUN      ] arven_fss_blender_contention_tests
arven_fss_blender_contention_tests: all checks passed
[       OK ] arven_fss_blender_contention_tests
<end of output>
Test time =   0.00 sec
----------------------------------------------------------
Test Passed.
"regidrago_arven_fss_blender_contention_tests" end time: Jul 29 21:12 UTC
"regidrago_arven_fss_blender_contention_tests" time elapsed: 00:00:00
----------------------------------------------------------

3/353 Testing: regidrago_arven_fss_rulebox_tests
3/353 Test: regidrago_arven_fss_rulebox_tests
Command: "/home/runner/work/pokemon-sims/pokemon-sims/build-finalize/regidrago_unified_tests" "arven_fss_rulebox_tests"
Directory: /home/runner/work/pokemon-sims/pokemon-sims/build-finalize
"regidrago_arven_fss_rulebox_tests" start time: Jul 29 21:12 UTC
Output:
----------------------------------------------------------
[ RUN      ] arven_fss_rulebox_tests
[       OK ] arven_fss_rulebox_tests
<end of output>
Test time =   0.01 sec
----------------------------------------------------------
Test Passed.
"regidrago_arven_fss_rulebox_tests" end time: Jul 29 21:12 UTC
"regidrago_arven_fss_rulebox_tests" time elapsed: 00:00:00
----------------------------------------------------------

4/353 Testing: regidrago_arven_heavy_ball_prize_tests
4/353 Test: regidrago_arven_heavy_ball_prize_tests
Command: "/home/runner/work/pokemon-sims/pokemon-sims/build-finalize/regidrago_unified_tests" "arven_heavy_ball_prize_tests"
Directory: /home/runner/work/pokemon-sims/pokemon-sims/build-finalize
"regidrago_arven_heavy_ball_prize_tests" start time: Jul 29 21:12 UTC
Output:
----------------------------------------------------------
[ RUN      ] arven_heavy_ball_prize_tests
Arven Heavy Ball prize tests passed
[       OK ] arven_heavy_ball_prize_tests
<end of output>
Test time =   0.00 sec
----------------------------------------------------------
Test Passed.
"regidrago_arven_heavy_ball_prize_tests" end time: Jul 29 21:12 UTC
"regidrago_arven_heavy_ball_prize_tests" time elapsed: 00:00:00
----------------------------------------------------------

5/353 Testing: regidrago_benched_vstar_recovery_tests
5/353 Test: regidrago_benched_vstar_recovery_tests
Command: "/home/runner/work/pokemon-sims/pokemon-sims/build-finalize/regidrago_unified_tests" "benched_vstar_recovery_tests"
Directory: /home/runner/work/pokemon-sims/pokemon-sims/build-finalize
"regidrago_benched_vstar_recovery_tests" start time: Jul 29 21:12 UTC
Output:
----------------------------------------------------------
[ RUN      ] benched_vstar_recovery_tests
[       OK ] benched_vstar_recovery_tests
<end of output>
Test time =   0.01 sec
----------------------------------------------------------
Test Passed.
"regidrago_benched_vstar_recovery_tests" end time: Jul 29 21:12 UTC
"regidrago_benched_vstar_recovery_tests" time elapsed: 00:00:00
----------------------------------------------------------

6/353 Testing: regidrago_blender_active_promotion_gate_tests
6/353 Test: regidrago_blender_active_promotion_gate_tests
Command: "/home/runner/work/pokemon-sims/pokemon-sims/build-finalize/regidrago_unified_tests" "blender_active_promotion_gate_tests"
Directory: /home/runner/work/pokemon-sims/pokemon-sims/build-finalize
"regidrago_blender_active_promotion_gate_tests" start time: Jul 29 21:12 UTC
Output:
----------------------------------------------------------
[ RUN      ] blender_active_promotion_gate_tests
Blender Active-promotion gate tests passed
[       OK ] blender_active_promotion_gate_tests
<end of output>
Test time =   0.00 sec
----------------------------------------------------------
Test Passed.
"regidrago_blender_active_promotion_gate_tests" end time: Jul 29 21:12 UTC
"regidrago_blender_active_promotion_gate_tests" time elapsed: 00:00:00
----------------------------------------------------------

7/353 Testing: regidrago_blender_energy_completion_gate_tests
7/353 Test: regidrago_blender_energy_completion_gate_tests
Command: "/home/runner/work/pokemon-sims/pokemon-sims/build-finalize/regidrago_unified_tests" "blender_energy_completion_gate_tests"
Directory: /home/runner/work/pokemon-sims/pokemon-sims/build-finalize
"regidrago_blender_energy_completion_gate_tests" start time: Jul 29 21:12 UTC
Output:
----------------------------------------------------------
[ RUN      ] blender_energy_completion_gate_tests
All Brilliant Blender Energy-completion gate tests passed.
[       OK ] blender_energy_completion_gate_tests
<end of output>
Test time =   0.01 sec
----------------------------------------------------------
Test Passed.
"regidrago_blender_energy_completion_gate_tests" end time: Jul 29 21:12 UTC
"regidrago_blender_energy_completion_gate_tests" time elapsed: 00:00:00
----------------------------------------------------------

8/353 Testing: regidrago_blender_fss_tate_hold_tests
8/353 Test: regidrago_blender_fss_tate_hold_tests
Command: "/home/runner/work/pokemon-sims/pokemon-sims/build-finalize/regidrago_unified_tests" "blender_fss_tate_hold_tests"
Directory: /home/runner/work/pokemon-sims/pokemon-sims/build-finalize
"regidrago_blender_fss_tate_hold_tests" start time: Jul 29 21:12 UTC
Output:
----------------------------------------------------------
[ RUN      ] blender_fss_tate_hold_tests
[       OK ] blender_fss_tate_hold_tests
<end of output>
Test time =   0.00 sec
----------------------------------------------------------
Test Passed.
"regidrago_blender_fss_tate_hold_tests" end time: Jul 29 21:12 UTC
"regidrago_blender_fss_tate_hold_tests" time elapsed: 00:00:00
----------------------------------------------------------

9/353 Testing: regidrago_blender_vstar_card_axis_tests
9/353 Test: regidrago_blender_vstar_card_axis_tests
Command: "/home/runner/work/pokemon-sims/pokemon-sims/build-finalize/regidrago_unified_tests" "blender_vstar_card_axis_tests"
Directory: /home/runner/work/pokemon-sims/pokemon-sims/build-finalize
"regidrago_blender_vstar_card_axis_tests" start time: Jul 29 21:12 UTC
Output:
----------------------------------------------------------
[ RUN      ] blender_vstar_card_axis_tests
Blender VSTAR card-axis tests passed
[       OK ] blender_vstar_card_axis_tests
<end of output>
Test time =   0.00 sec
----------------------------------------------------------
Test Passed.
"regidrago_blender_vstar_card_axis_tests" end time: Jul 29 21:12 UTC
"regidrago_blender_vstar_card_axis_tests" time elapsed: 00:00:00
----------------------------------------------------------

10/353 Testing: regidrago_burnet_no_vstar_route_tests
10/353 Test: regidrago_burnet_no_vstar_route_tests
Command: "/home/runner/work/pokemon-sims/pokemon-sims/build-finalize/regidrago_unified_tests" "burnet_no_vstar_route_tests"
Directory: /home/runner/work/pokemon-sims/pokemon-sims/build-finalize
"regidrago_burnet_no_vstar_route_tests" start time: Jul 29 21:12 UTC
Output:
----------------------------------------------------------
[ RUN      ] burnet_no_vstar_route_tests
Burnet no-VSTAR-route tests passed
[       OK ] burnet_no_vstar_route_tests
<end of output>
Test time =   0.00 sec
----------------------------------------------------------
Test Passed.
"regidrago_burnet_no_vstar_route_tests" end time: Jul 29 21:12 UTC
"regidrago_burnet_no_vstar_route_tests" time elapsed: 00:00:00
----------------------------------------------------------

11/353 Testing: regidrago_burnet_ready_turn_gate_tests
11/353 Test: regidrago_burnet_ready_turn_gate_tests
Command: "/home/runner/work/pokemon-sims/pokemon-sims/build-finalize/regidrago_unified_tests" "burnet_ready_turn_gate_tests"
Directory: /home/runner/work/pokemon-sims/pokemon-sims/build-finalize
"regidrago_burnet_ready_turn_gate_tests" start time: Jul 29 21:12 UTC
Output:
----------------------------------------------------------
[ RUN      ] burnet_ready_turn_gate_tests
Burnet ready-turn gate tests passed
[       OK ] burnet_ready_turn_gate_tests
<end of output>
Test time =   0.00 sec
----------------------------------------------------------
Test Passed.
"regidrago_burnet_ready_turn_gate_tests" end time: Jul 29 21:12 UTC
"regidrago_burnet_ready_turn_gate_tests" time elapsed: 00:00:00
----------------------------------------------------------

12/353 Testing: regidrago_celestial_roar_live_route_tests
12/353 Test: regidrago_celestial_roar_live_route_tests
Command: "/home/runner/work/pokemon-sims/pokemon-sims/build-finalize/regidrago_unified_tests" "celestial_roar_live_route_tests"
Directory: /home/runner/work/pokemon-sims/pokemon-sims/build-finalize
"regidrago_celestial_roar_live_route_tests" start time: Jul 29 21:12 UTC
Output:
----------------------------------------------------------
[ RUN      ] celestial_roar_live_route_tests
[       OK ] celestial_roar_live_route_tests
<end of output>
Test time =   0.00 sec
----------------------------------------------------------
Test Passed.
"regidrago_celestial_roar_live_route_tests" end time: Jul 29 21:12 UTC
"regidrago_celestial_roar_live_route_tests" time elapsed: 00:00:00
----------------------------------------------------------

13/353 Testing: regidrago_costed_search_target_outlet_tests
13/353 Test: regidrago_costed_search_target_outlet_tests
Command: "/home/runner/work/pokemon-sims/pokemon-sims/build-finalize/regidrago_unified_tests" "costed_search_target_outlet_tests"
Directory: /home/runner/work/pokemon-sims/pokemon-sims/build-finalize
"regidrago_costed_search_target_outlet_tests" start time: Jul 29 21:12 UTC
Output:
----------------------------------------------------------
[ RUN      ] costed_search_target_outlet_tests
costed search target outlet tests passed
[       OK ] costed_search_target_outlet_tests
<end of output>
Test time =   0.01 sec
----------------------------------------------------------
Test Passed.
"regidrago_costed_search_target_outlet_tests" end time: Jul 29 21:12 UTC
"regidrago_costed_search_target_outlet_tests" time elapsed: 00:00:00
----------------------------------------------------------

14/353 Testing: regidrago_crispin_one_type_manual_attachment_tests
14/353 Test: regidrago_crispin_one_type_manual_attachment_tests
Command: "/home/runner/work/pokemon-sims/pokemon-sims/build-finalize/regidrago_unified_tests" "crispin_one_type_manual_attachment_tests"
Directory: /home/runner/work/pokemon-sims/pokemon-sims/build-finalize
"regidrago_crispin_one_type_manual_attachment_tests" start time: Jul 29 21:12 UTC
Output:
----------------------------------------------------------
[ RUN      ] crispin_one_type_manual_attachment_tests
[       OK ] crispin_one_type_manual_attachment_tests
<end of output>
Test time =   0.00 sec
----------------------------------------------------------
Test Passed.
"regidrago_crispin_one_type_manual_attachment_tests" end time: Jul 29 21:12 UTC
"regidrago_crispin_one_type_manual_attachment_tests" time elapsed: 00:00:00
----------------------------------------------------------

15/353 Testing: regidrago_discard_recovery_provenance_tests
15/353 Test: regidrago_discard_recovery_provenance_tests
Command: "/home/runner/work/pokemon-sims/pokemon-sims/build-finalize/regidrago_unified_tests" "discard_recovery_provenance_tests"
Directory: /home/runner/work/pokemon-sims/pokemon-sims/build-finalize
"regidrago_discard_recovery_provenance_tests" start time: Jul 29 21:12 UTC
Output:
----------------------------------------------------------
[ RUN      ] discard_recovery_provenance_tests
[       OK ] discard_recovery_provenance_tests
<end of output>
Test time =   0.00 sec
----------------------------------------------------------
Test Passed.
"regidrago_discard_recovery_provenance_tests" end time: Jul 29 21:12 UTC
"regidrago_discard_recovery_provenance_tests" time elapsed: 00:00:00
----------------------------------------------------------

16/353 Testing: regidrago_duplicate_earthen_vessel_cost_tests
16/353 Test: regidrago_duplicate_earthen_vessel_cost_tests
Command: "/home/runner/work/pokemon-sims/pokemon-sims/build-finalize/regidrago_unified_tests" "duplicate_earthen_vessel_cost_tests"
Directory: /home/runner/work/pokemon-sims/pokemon-sims/build-finalize
"regidrago_duplicate_earthen_vessel_cost_tests" start time: Jul 29 21:12 UTC
Output:
----------------------------------------------------------
[ RUN      ] duplicate_earthen_vessel_cost_tests
[       OK ] duplicate_earthen_vessel_cost_tests
<end of output>
Test time =   0.01 sec
----------------------------------------------------------
Test Passed.
"regidrago_duplicate_earthen_vessel_cost_tests" end time: Jul 29 21:12 UTC
"regidrago_duplicate_earthen_vessel_cost_tests" time elapsed: 00:00:00
----------------------------------------------------------

17/353 Testing: regidrago_duplicate_mysterious_treasure_cost_tests
17/353 Test: regidrago_duplicate_mysterious_treasure_cost_tests
Command: "/home/runner/work/pokemon-sims/pokemon-sims/build-finalize/regidrago_unified_tests" "duplicate_mysterious_treasure_cost_tests"
Directory: /home/runner/work/pokemon-sims/pokemon-sims/build-finalize
"regidrago_duplicate_mysterious_treasure_cost_tests" start time: Jul 29 21:12 UTC
Output:
----------------------------------------------------------
[ RUN      ] duplicate_mysterious_treasure_cost_tests
[       OK ] duplicate_mysterious_treasure_cost_tests
<end of output>
Test time =   0.00 sec
----------------------------------------------------------
Test Passed.
"regidrago_duplicate_mysterious_treasure_cost_tests" end time: Jul 29 21:12 UTC
"regidrago_duplicate_mysterious_treasure_cost_tests" time elapsed: 00:00:00
----------------------------------------------------------

18/353 Testing: regidrago_duplicate_quick_ball_cost_tests
18/353 Test: regidrago_duplicate_quick_ball_cost_tests
Command: "/home/runner/work/pokemon-sims/pokemon-sims/build-finalize/regidrago_unified_tests" "duplicate_quick_ball_cost_tests"
Directory: /home/runner/work/pokemon-sims/pokemon-sims/build-finalize
"regidrago_duplicate_quick_ball_cost_tests" start time: Jul 29 21:12 UTC
Output:
----------------------------------------------------------
[ RUN      ] duplicate_quick_ball_cost_tests
[       OK ] duplicate_quick_ball_cost_tests
<end of output>
Test time =   0.00 sec
----------------------------------------------------------
Test Passed.
"regidrago_duplicate_quick_ball_cost_tests" end time: Jul 29 21:12 UTC
"regidrago_duplicate_quick_ball_cost_tests" time elapsed: 00:00:00
----------------------------------------------------------

19/353 Testing: regidrago_empty_deck_search_tests
19/353 Test: regidrago_empty_deck_search_tests
Command: "/home/runner/work/pokemon-sims/pokemon-sims/build-finalize/regidrago_unified_tests" "empty_deck_search_tests"
Directory: /home/runner/work/pokemon-sims/pokemon-sims/build-finalize
"regidrago_empty_deck_search_tests" start time: Jul 29 21:12 UTC
Output:
----------------------------------------------------------
[ RUN      ] empty_deck_search_tests
empty-deck search tests passed
[       OK ] empty_deck_search_tests
<end of output>
Test time =   0.00 sec
----------------------------------------------------------
Test Passed.
"regidrago_empty_deck_search_tests" end time: Jul 29 21:12 UTC
"regidrago_empty_deck_search_tests" time elapsed: 00:00:00
----------------------------------------------------------

20/353 Testing: regidrago_erika_deck_thinning_tests
20/353 Test: regidrago_erika_deck_thinning_tests
Command: "/home/runner/work/pokemon-sims/pokemon-sims/build-finalize/regidrago_unified_tests" "erika_deck_thinning_tests"
Directory: /home/runner/work/pokemon-sims/pokemon-sims/build-finalize
"regidrago_erika_deck_thinning_tests" start time: Jul 29 21:12 UTC
Output:
----------------------------------------------------------
[ RUN      ] erika_deck_thinning_tests
Erika deck-thinning tests passed
[       OK ] erika_deck_thinning_tests
<end of output>
Test time =   0.00 sec
----------------------------------------------------------
Test Passed.
"regidrago_erika_deck_thinning_tests" end time: Jul 29 21:12 UTC
"regidrago_erika_deck_thinning_tests" time elapsed: 00:00:00
----------------------------------------------------------

21/353 Testing: regidrago_erika_discard_tables_tests
21/353 Test: regidrago_erika_discard_tables_tests
Command: "/home/runner/work/pokemon-sims/pokemon-sims/build-finalize/regidrago_unified_tests" "erika_discard_tables_tests"
Directory: /home/runner/work/pokemon-sims/pokemon-sims/build-finalize
"regidrago_erika_discard_tables_tests" start time: Jul 29 21:12 UTC
Output:
----------------------------------------------------------
[ RUN      ] erika_discard_tables_tests
[       OK ] erika_discard_tables_tests
<end of output>
Test time =   0.00 sec
----------------------------------------------------------
Test Passed.
"regidrago_erika_discard_tables_tests" end time: Jul 29 21:12 UTC
"regidrago_erika_discard_tables_tests" time elapsed: 00:00:00
----------------------------------------------------------

22/353 Testing: regidrago_evolution_incense_payload_tests
22/353 Test: regidrago_evolution_incense_payload_tests
Command: "/home/runner/work/pokemon-sims/pokemon-sims/build-finalize/regidrago_unified_tests" "evolution_incense_payload_tests"
Directory: /home/runner/work/pokemon-sims/pokemon-sims/build-finalize
"regidrago_evolution_incense_payload_tests" start time: Jul 29 21:12 UTC
Output:
----------------------------------------------------------
[ RUN      ] evolution_incense_payload_tests
Evolution Incense payload tests passed
[       OK ] evolution_incense_payload_tests
<end of output>
Test time =   0.00 sec
----------------------------------------------------------
Test Passed.
"regidrago_evolution_incense_payload_tests" end time: Jul 29 21:12 UTC
"regidrago_evolution_incense_payload_tests" time elapsed: 00:00:00
----------------------------------------------------------

23/353 Testing: regidrago_evolution_incense_vstar_fallback_tests
23/353 Test: regidrago_evolution_incense_vstar_fallback_tests
Command: "/home/runner/work/pokemon-sims/pokemon-sims/build-finalize/regidrago_unified_tests" "evolution_incense_vstar_fallback_tests"
Directory: /home/runner/work/pokemon-sims/pokemon-sims/build-finalize
"regidrago_evolution_incense_vstar_fallback_tests" start time: Jul 29 21:12 UTC
Output:
----------------------------------------------------------
[ RUN      ] evolution_incense_vstar_fallback_tests
[       OK ] evolution_incense_vstar_fallback_tests
<end of output>
Test time =   0.00 sec
----------------------------------------------------------
Test Passed.
"regidrago_evolution_incense_vstar_fallback_tests" end time: Jul 29 21:12 UTC
"regidrago_evolution_incense_vstar_fallback_tests" time elapsed: 00:00:00
----------------------------------------------------------

24/353 Testing: regidrago_forest_seal_stone_rulebox_tests
24/353 Test: regidrago_forest_seal_stone_rulebox_tests
Command: "/home/runner/work/pokemon-sims/pokemon-sims/build-finalize/regidrago_unified_tests" "forest_seal_stone_rulebox_tests"
Directory: /home/runner/work/pokemon-sims/pokemon-sims/build-finalize
"regidrago_forest_seal_stone_rulebox_tests" start time: Jul 29 21:12 UTC
Output:
----------------------------------------------------------
[ RUN      ] forest_seal_stone_rulebox_tests
[       OK ] forest_seal_stone_rulebox_tests
<end of output>
Test time =   0.00 sec
----------------------------------------------------------
Test Passed.
"regidrago_forest_seal_stone_rulebox_tests" end time: Jul 29 21:12 UTC
"regidrago_forest_seal_stone_rulebox_tests" time elapsed: 00:00:00
----------------------------------------------------------

26/353 Testing: regidrago_fss_crispin_priority_tests
26/353 Test: regidrago_fss_crispin_priority_tests
Command: "/home/runner/work/pokemon-sims/pokemon-sims/build-finalize/regidrago_unified_tests" "fss_crispin_priority_tests"
Directory: /home/runner/work/pokemon-sims/pokemon-sims/build-finalize
"regidrago_fss_crispin_priority_tests" start time: Jul 29 21:12 UTC
Output:
----------------------------------------------------------
[ RUN      ] fss_crispin_priority_tests
[       OK ] fss_crispin_priority_tests
<end of output>
Test time =   0.00 sec
----------------------------------------------------------
Test Passed.
"regidrago_fss_crispin_priority_tests" end time: Jul 29 21:12 UTC
"regidrago_fss_crispin_priority_tests" time elapsed: 00:00:00
----------------------------------------------------------

27/353 Testing: regidrago_fss_hold_trace_requires_tool_tests
27/353 Test: regidrago_fss_hold_trace_requires_tool_tests
Command: "/home/runner/work/pokemon-sims/pokemon-sims/build-finalize/regidrago_unified_tests" "fss_hold_trace_requires_tool_tests"
Directory: /home/runner/work/pokemon-sims/pokemon-sims/build-finalize
"regidrago_fss_hold_trace_requires_tool_tests" start time: Jul 29 21:12 UTC
Output:
----------------------------------------------------------
[ RUN      ] fss_hold_trace_requires_tool_tests
[       OK ] fss_hold_trace_requires_tool_tests
<end of output>
Test time =   0.00 sec
----------------------------------------------------------
Test Passed.
"regidrago_fss_hold_trace_requires_tool_tests" end time: Jul 29 21:12 UTC
"regidrago_fss_hold_trace_requires_tool_tests" time elapsed: 00:00:00
----------------------------------------------------------

29/353 Testing: regidrago_full_turn_order_tests
29/353 Test: regidrago_full_turn_order_tests
Command: "/home/runner/work/pokemon-sims/pokemon-sims/build-finalize/regidrago_unified_tests" "full_turn_order_tests"
Directory: /home/runner/work/pokemon-sims/pokemon-sims/build-finalize
"regidrago_full_turn_order_tests" start time: Jul 29 21:12 UTC
Output:
----------------------------------------------------------
[ RUN      ] full_turn_order_tests
[       OK ] full_turn_order_tests
<end of output>
Test time =   0.00 sec
----------------------------------------------------------
Test Passed.
"regidrago_full_turn_order_tests" end time: Jul 29 21:12 UTC
"regidrago_full_turn_order_tests" time elapsed: 00:00:00
----------------------------------------------------------

28/353 Testing: regidrago_fss_tate_blender_payload_tests
28/353 Test: regidrago_fss_tate_blender_payload_tests
Command: "/home/runner/work/pokemon-sims/pokemon-sims/build-finalize/regidrago_unified_tests" "fss_tate_blender_payload_tests"
Directory: /home/runner/work/pokemon-sims/pokemon-sims/build-finalize
"regidrago_fss_tate_blender_payload_tests" start time: Jul 29 21:12 UTC
Output:
----------------------------------------------------------
[ RUN      ] fss_tate_blender_payload_tests
FSS held-payload Item tests passed
[       OK ] fss_tate_blender_payload_tests
<end of output>
Test time =   0.01 sec
----------------------------------------------------------
Test Passed.
"regidrago_fss_tate_blender_payload_tests" end time: Jul 29 21:12 UTC
"regidrago_fss_tate_blender_payload_tests" time elapsed: 00:00:00
----------------------------------------------------------

30/353 Testing: regidrago_gladion_erika_low_impact_tests
30/353 Test: regidrago_gladion_erika_low_impact_tests
Command: "/home/runner/work/pokemon-sims/pokemon-sims/build-finalize/regidrago_unified_tests" "gladion_erika_low_impact_tests"
Directory: /home/runner/work/pokemon-sims/pokemon-sims/build-finalize
"regidrago_gladion_erika_low_impact_tests" start time: Jul 29 21:12 UTC
Output:
----------------------------------------------------------
[ RUN      ] gladion_erika_low_impact_tests
Gladion Erika low-impact tests passed
[       OK ] gladion_erika_low_impact_tests
<end of output>
Test time =   0.00 sec
----------------------------------------------------------
Test Passed.
"regidrago_gladion_erika_low_impact_tests" end time: Jul 29 21:12 UTC
"regidrago_gladion_erika_low_impact_tests" time elapsed: 00:00:00
----------------------------------------------------------

31/353 Testing: regidrago_gladion_mysterious_treasure_ultra_cost_tests
31/353 Test: regidrago_gladion_mysterious_treasure_ultra_cost_tests
Command: "/home/runner/work/pokemon-sims/pokemon-sims/build-finalize/regidrago_unified_tests" "gladion_mysterious_treasure_ultra_cost_tests"
Directory: /home/runner/work/pokemon-sims/pokemon-sims/build-finalize
"regidrago_gladion_mysterious_treasure_ultra_cost_tests" start time: Jul 29 21:12 UTC
Output:
----------------------------------------------------------
[ RUN      ] gladion_mysterious_treasure_ultra_cost_tests
[       OK ] gladion_mysterious_treasure_ultra_cost_tests
<end of output>
Test time =   0.00 sec
----------------------------------------------------------
Test Passed.
"regidrago_gladion_mysterious_treasure_ultra_cost_tests" end time: Jul 29 21:12 UTC
"regidrago_gladion_mysterious_treasure_ultra_cost_tests" time elapsed: 00:00:00
----------------------------------------------------------

25/353 Testing: regidrago_forretress_ex_combo_tests
25/353 Test: regidrago_forretress_ex_combo_tests
Command: "/home/runner/work/pokemon-sims/pokemon-sims/build-finalize/regidrago_unified_tests" "forretress_ex_combo_tests"
Directory: /home/runner/work/pokemon-sims/pokemon-sims/build-finalize
"regidrago_forretress_ex_combo_tests" start time: Jul 29 21:12 UTC
Output:
----------------------------------------------------------
[ RUN      ] forretress_ex_combo_tests
[       OK ] forretress_ex_combo_tests
<end of output>
Test time =   0.01 sec
----------------------------------------------------------
Test Passed.
"regidrago_forretress_ex_combo_tests" end time: Jul 29 21:12 UTC
"regidrago_forretress_ex_combo_tests" time elapsed: 00:00:00
----------------------------------------------------------

33/353 Testing: regidrago_gladion_revealed_axis_tests
33/353 Test: regidrago_gladion_revealed_axis_tests
Command: "/home/runner/work/pokemon-sims/pokemon-sims/build-finalize/regidrago_unified_tests" "gladion_revealed_axis_tests"
Directory: /home/runner/work/pokemon-sims/pokemon-sims/build-finalize
"regidrago_gladion_revealed_axis_tests" start time: Jul 29 21:12 UTC
Output:
----------------------------------------------------------
[ RUN      ] gladion_revealed_axis_tests
[       OK ] gladion_revealed_axis_tests
<end of output>
Test time =   0.00 sec
----------------------------------------------------------
Test Passed.
"regidrago_gladion_revealed_axis_tests" end time: Jul 29 21:12 UTC
"regidrago_gladion_revealed_axis_tests" time elapsed: 00:00:00
----------------------------------------------------------

32/353 Testing: regidrago_gladion_prized_arven_route_tests
32/353 Test: regidrago_gladion_prized_arven_route_tests
Command: "/home/runner/work/pokemon-sims/pokemon-sims/build-finalize/regidrago_unified_tests" "gladion_prized_arven_route_tests"
Directory: /home/runner/work/pokemon-sims/pokemon-sims/build-finalize
"regidrago_gladion_prized_arven_route_tests" start time: Jul 29 21:12 UTC
Output:
----------------------------------------------------------
[ RUN      ] gladion_prized_arven_route_tests
[       OK ] gladion_prized_arven_route_tests
<end of output>
Test time =   0.01 sec
----------------------------------------------------------
Test Passed.
"regidrago_gladion_prized_arven_route_tests" end time: Jul 29 21:12 UTC
"regidrago_gladion_prized_arven_route_tests" time elapsed: 00:00:00
----------------------------------------------------------

34/353 Testing: regidrago_gladion_revealed_crispin_route_tests
34/353 Test: regidrago_gladion_revealed_crispin_route_tests
Command: "/home/runner/work/pokemon-sims/pokemon-sims/build-finalize/regidrago_unified_tests" "gladion_revealed_crispin_route_tests"
Directory: /home/runner/work/pokemon-sims/pokemon-sims/build-finalize
"regidrago_gladion_revealed_crispin_route_tests" start time: Jul 29 21:12 UTC
Output:
----------------------------------------------------------
[ RUN      ] gladion_revealed_crispin_route_tests
[       OK ] gladion_revealed_crispin_route_tests
<end of output>
Test time =   0.00 sec
----------------------------------------------------------
Test Passed.
"regidrago_gladion_revealed_crispin_route_tests" end time: Jul 29 21:12 UTC
"regidrago_gladion_revealed_crispin_route_tests" time elapsed: 00:00:00
----------------------------------------------------------

35/353 Testing: regidrago_gladion_serena_item_lock_tests
35/353 Test: regidrago_gladion_serena_item_lock_tests
Command: "/home/runner/work/pokemon-sims/pokemon-sims/build-finalize/regidrago_unified_tests" "gladion_serena_item_lock_tests"
Directory: /home/runner/work/pokemon-sims/pokemon-sims/build-finalize
"regidrago_gladion_serena_item_lock_tests" start time: Jul 29 21:12 UTC
Output:
----------------------------------------------------------
[ RUN      ] gladion_serena_item_lock_tests
[       OK ] gladion_serena_item_lock_tests
<end of output>
Test time =   0.00 sec
----------------------------------------------------------
Test Passed.
"regidrago_gladion_serena_item_lock_tests" end time: Jul 29 21:12 UTC
"regidrago_gladion_serena_item_lock_tests" time elapsed: 00:00:00
----------------------------------------------------------

36/353 Testing: regidrago_gladion_unpayable_search_tests
36/353 Test: regidrago_gladion_unpayable_search_tests
Command: "/home/runner/work/pokemon-sims/pokemon-sims/build-finalize/regidrago_unified_tests" "gladion_unpayable_search_tests"
Directory: /home/runner/work/pokemon-sims/pokemon-sims/build-finalize
"regidrago_gladion_unpayable_search_tests" start time: Jul 29 21:12 UTC
Output:
----------------------------------------------------------
[ RUN      ] gladion_unpayable_search_tests
[       OK ] gladion_unpayable_search_tests
<end of output>
Test time =   0.00 sec
----------------------------------------------------------
Test Passed.
"regidrago_gladion_unpayable_search_tests" end time: Jul 29 21:12 UTC
"regidrago_gladion_unpayable_search_tests" time elapsed: 00:00:00
----------------------------------------------------------

37/353 Testing: regidrago_guzma_opponent_bench_tests
37/353 Test: regidrago_guzma_opponent_bench_tests
Command: "/home/runner/work/pokemon-sims/pokemon-sims/build-finalize/regidrago_unified_tests" "guzma_opponent_bench_tests"
Directory: /home/runner/work/pokemon-sims/pokemon-sims/build-finalize
"regidrago_guzma_opponent_bench_tests" start time: Jul 29 21:12 UTC
Output:
----------------------------------------------------------
[ RUN      ] guzma_opponent_bench_tests
guzma opponent-Bench regressions passed
[       OK ] guzma_opponent_bench_tests
<end of output>
Test time =   0.00 sec
----------------------------------------------------------
Test Passed.
"regidrago_guzma_opponent_bench_tests" end time: Jul 29 21:12 UTC
"regidrago_guzma_opponent_bench_tests" time elapsed: 00:00:00
----------------------------------------------------------

38/353 Testing: regidrago_issue_1002_steven_target_availability_tests
38/353 Test: regidrago_issue_1002_steven_target_availability_tests
Command: "/home/runner/work/pokemon-sims/pokemon-sims/build-finalize/regidrago_unified_tests" "issue_1002_steven_target_availability_tests"
Directory: /home/runner/work/pokemon-sims/pokemon-sims/build-finalize
"regidrago_issue_1002_steven_target_availability_tests" start time: Jul 29 21:12 UTC
Output:
----------------------------------------------------------
[ RUN      ] issue_1002_steven_target_availability_tests
Issue 1002 Steven target availability tests passed
[       OK ] issue_1002_steven_target_availability_tests
<end of output>
Test time =   0.00 sec
----------------------------------------------------------
Test Passed.
"regidrago_issue_1002_steven_target_availability_tests" end time: Jul 29 21:12 UTC
"regidrago_issue_1002_steven_target_availability_tests" time elapsed: 00:00:00
----------------------------------------------------------

39/353 Testing: regidrago_issue_1004_tapu_hold_trace_tests
39/353 Test: regidrago_issue_1004_tapu_hold_trace_tests
Command: "/home/runner/work/pokemon-sims/pokemon-sims/build-finalize/regidrago_unified_tests" "issue_1004_tapu_hold_trace_tests"
Directory: /home/runner/work/pokemon-sims/pokemon-sims/build-finalize
"regidrago_issue_1004_tapu_hold_trace_tests" start time: Jul 29 21:12 UTC
Output:
----------------------------------------------------------
[ RUN      ] issue_1004_tapu_hold_trace_tests
Issue 1004 Tapu hold trace tests passed
[       OK ] issue_1004_tapu_hold_trace_tests
<end of output>
Test time =   0.01 sec
----------------------------------------------------------
Test Passed.
"regidrago_issue_1004_tapu_hold_trace_tests" end time: Jul 29 21:12 UTC
"regidrago_issue_1004_tapu_hold_trace_tests" time elapsed: 00:00:00
----------------------------------------------------------

40/353 Testing: regidrago_issue_1007_heavy_ball_hold_trace_tests
40/353 Test: regidrago_issue_1007_heavy_ball_hold_trace_tests
Command: "/home/runner/work/pokemon-sims/pokemon-sims/build-finalize/regidrago_unified_tests" "issue_1007_heavy_ball_hold_trace_tests"
Directory: /home/runner/work/pokemon-sims/pokemon-sims/build-finalize
"regidrago_issue_1007_heavy_ball_hold_trace_tests" start time: Jul 29 21:12 UTC
Output:
----------------------------------------------------------
[ RUN      ] issue_1007_heavy_ball_hold_trace_tests
Issue 1007 Heavy Ball hold trace tests passed
[       OK ] issue_1007_heavy_ball_hold_trace_tests
<end of output>
Test time =   0.01 sec
----------------------------------------------------------
Test Passed.
"regidrago_issue_1007_heavy_ball_hold_trace_tests" end time: Jul 29 21:12 UTC
"regidrago_issue_1007_heavy_ball_hold_trace_tests" time elapsed: 00:00:00
----------------------------------------------------------

41/353 Testing: regidrago_issue_1009_steven_zero_energy_latias_vessel_tests
41/353 Test: regidrago_issue_1009_steven_zero_energy_latias_vessel_tests
Command: "/home/runner/work/pokemon-sims/pokemon-sims/build-finalize/regidrago_unified_tests" "issue_1009_steven_zero_energy_latias_vessel_tests"
Directory: /home/runner/work/pokemon-sims/pokemon-sims/build-finalize
"regidrago_issue_1009_steven_zero_energy_latias_vessel_tests" start time: Jul 29 21:12 UTC
Output:
----------------------------------------------------------
[ RUN      ] issue_1009_steven_zero_energy_latias_vessel_tests
Issue 1009 Steven zero-Energy Latias-Vessel tests passed
[       OK ] issue_1009_steven_zero_energy_latias_vessel_tests
<end of output>
Test time =   0.01 sec
----------------------------------------------------------
Test Passed.
"regidrago_issue_1009_steven_zero_energy_latias_vessel_tests" end time: Jul 29 21:12 UTC
"regidrago_issue_1009_steven_zero_energy_latias_vessel_tests" time elapsed: 00:00:00
----------------------------------------------------------

42/353 Testing: regidrago_issue_1010_fss_hold_trace_tests
42/353 Test: regidrago_issue_1010_fss_hold_trace_tests
Command: "/home/runner/work/pokemon-sims/pokemon-sims/build-finalize/regidrago_unified_tests" "issue_1010_fss_hold_trace_tests"
Directory: /home/runner/work/pokemon-sims/pokemon-sims/build-finalize
"regidrago_issue_1010_fss_hold_trace_tests" start time: Jul 29 21:12 UTC
Output:
----------------------------------------------------------
[ RUN      ] issue_1010_fss_hold_trace_tests
Issue 1010 Forest Seal Stone hold trace tests passed
[       OK ] issue_1010_fss_hold_trace_tests
<end of output>
Test time =   0.01 sec
----------------------------------------------------------
Test Passed.
"regidrago_issue_1010_fss_hold_trace_tests" end time: Jul 29 21:12 UTC
"regidrago_issue_1010_fss_hold_trace_tests" time elapsed: 00:00:00
----------------------------------------------------------

43/353 Testing: regidrago_issue_1016_wonder_tag_duplicate_crispin_tests
43/353 Test: regidrago_issue_1016_wonder_tag_duplicate_crispin_tests
Command: "/home/runner/work/pokemon-sims/pokemon-sims/build-finalize/regidrago_unified_tests" "issue_1016_wonder_tag_duplicate_crispin_tests"
Directory: /home/runner/work/pokemon-sims/pokemon-sims/build-finalize
"regidrago_issue_1016_wonder_tag_duplicate_crispin_tests" start time: Jul 29 21:12 UTC
Output:
----------------------------------------------------------
[ RUN      ] issue_1016_wonder_tag_duplicate_crispin_tests
Issue 1016 Wonder Tag duplicate Crispin tests passed
[       OK ] issue_1016_wonder_tag_duplicate_crispin_tests
<end of output>
Test time =   0.00 sec
----------------------------------------------------------
Test Passed.
"regidrago_issue_1016_wonder_tag_duplicate_crispin_tests" end time: Jul 29 21:12 UTC
"regidrago_issue_1016_wonder_tag_duplicate_crispin_tests" time elapsed: 00:00:00
----------------------------------------------------------

44/353 Testing: regidrago_issue_1017_late_steven_vstar_vessel_tests
44/353 Test: regidrago_issue_1017_late_steven_vstar_vessel_tests
Command: "/home/runner/work/pokemon-sims/pokemon-sims/build-finalize/regidrago_unified_tests" "issue_1017_late_steven_vstar_vessel_tests"
Directory: /home/runner/work/pokemon-sims/pokemon-sims/build-finalize
"regidrago_issue_1017_late_steven_vstar_vessel_tests" start time: Jul 29 21:12 UTC
Output:
----------------------------------------------------------
[ RUN      ] issue_1017_late_steven_vstar_vessel_tests
[       OK ] issue_1017_late_steven_vstar_vessel_tests
<end of output>
Test time =   0.01 sec
----------------------------------------------------------
Test Passed.
"regidrago_issue_1017_late_steven_vstar_vessel_tests" end time: Jul 29 21:12 UTC
"regidrago_issue_1017_late_steven_vstar_vessel_tests" time elapsed: 00:00:00
----------------------------------------------------------

45/353 Testing: regidrago_issue_1018_quick_ball_inert_singleton_tests
45/353 Test: regidrago_issue_1018_quick_ball_inert_singleton_tests
Command: "/home/runner/work/pokemon-sims/pokemon-sims/build-finalize/regidrago_unified_tests" "issue_1018_quick_ball_inert_singleton_tests"
Directory: /home/runner/work/pokemon-sims/pokemon-sims/build-finalize
"regidrago_issue_1018_quick_ball_inert_singleton_tests" start time: Jul 29 21:12 UTC
Output:
----------------------------------------------------------
[ RUN      ] issue_1018_quick_ball_inert_singleton_tests
[       OK ] issue_1018_quick_ball_inert_singleton_tests
<end of output>
Test time =   0.00 sec
----------------------------------------------------------
Test Passed.
"regidrago_issue_1018_quick_ball_inert_singleton_tests" end time: Jul 29 21:12 UTC
"regidrago_issue_1018_quick_ball_inert_singleton_tests" time elapsed: 00:00:00
----------------------------------------------------------

46/353 Testing: regidrago_issue_1022_wonder_tag_steven_fss_tests
46/353 Test: regidrago_issue_1022_wonder_tag_steven_fss_tests
Command: "/home/runner/work/pokemon-sims/pokemon-sims/build-finalize/regidrago_unified_tests" "issue_1022_wonder_tag_steven_fss_tests"
Directory: /home/runner/work/pokemon-sims/pokemon-sims/build-finalize
"regidrago_issue_1022_wonder_tag_steven_fss_tests" start time: Jul 29 21:12 UTC
Output:
----------------------------------------------------------
[ RUN      ] issue_1022_wonder_tag_steven_fss_tests
[       OK ] issue_1022_wonder_tag_steven_fss_tests
<end of output>
Test time =   0.01 sec
----------------------------------------------------------
Test Passed.
"regidrago_issue_1022_wonder_tag_steven_fss_tests" end time: Jul 29 21:12 UTC
"regidrago_issue_1022_wonder_tag_steven_fss_tests" time elapsed: 00:00:00
----------------------------------------------------------

47/353 Testing: regidrago_issue_1023_late_steven_payload_treasure_tests
47/353 Test: regidrago_issue_1023_late_steven_payload_treasure_tests
Command: "/home/runner/work/pokemon-sims/pokemon-sims/build-finalize/regidrago_unified_tests" "issue_1023_late_steven_payload_treasure_tests"
Directory: /home/runner/work/pokemon-sims/pokemon-sims/build-finalize
"regidrago_issue_1023_late_steven_payload_treasure_tests" start time: Jul 29 21:12 UTC
Output:
----------------------------------------------------------
[ RUN      ] issue_1023_late_steven_payload_treasure_tests
[       OK ] issue_1023_late_steven_payload_treasure_tests
<end of output>
Test time =   0.01 sec
----------------------------------------------------------
Test Passed.
"regidrago_issue_1023_late_steven_payload_treasure_tests" end time: Jul 29 21:12 UTC
"regidrago_issue_1023_late_steven_payload_treasure_tests" time elapsed: 00:00:00
----------------------------------------------------------

49/353 Testing: regidrago_issue_1031_blender_latias_energy_tests
49/353 Test: regidrago_issue_1031_blender_latias_energy_tests
Command: "/home/runner/work/pokemon-sims/pokemon-sims/build-finalize/regidrago_unified_tests" "issue_1031_blender_latias_energy_tests"
Directory: /home/runner/work/pokemon-sims/pokemon-sims/build-finalize
"regidrago_issue_1031_blender_latias_energy_tests" start time: Jul 29 21:12 UTC
Output:
----------------------------------------------------------
[ RUN      ] issue_1031_blender_latias_energy_tests
Issue 1031 Blender-Latias Energy tests passed
[       OK ] issue_1031_blender_latias_energy_tests
<end of output>
Test time =   0.00 sec
----------------------------------------------------------
Test Passed.
"regidrago_issue_1031_blender_latias_energy_tests" end time: Jul 29 21:12 UTC
"regidrago_issue_1031_blender_latias_energy_tests" time elapsed: 00:00:00
----------------------------------------------------------

48/353 Testing: regidrago_issue_1030_gladion_turo_route_tests
48/353 Test: regidrago_issue_1030_gladion_turo_route_tests
Command: "/home/runner/work/pokemon-sims/pokemon-sims/build-finalize/regidrago_unified_tests" "issue_1030_gladion_turo_route_tests"
Directory: /home/runner/work/pokemon-sims/pokemon-sims/build-finalize
"regidrago_issue_1030_gladion_turo_route_tests" start time: Jul 29 21:12 UTC
Output:
----------------------------------------------------------
[ RUN      ] issue_1030_gladion_turo_route_tests
[       OK ] issue_1030_gladion_turo_route_tests
<end of output>
Test time =   0.01 sec
----------------------------------------------------------
Test Passed.
"regidrago_issue_1030_gladion_turo_route_tests" end time: Jul 29 21:12 UTC
"regidrago_issue_1030_gladion_turo_route_tests" time elapsed: 00:00:00
----------------------------------------------------------

50/353 Testing: regidrago_issue_1032_post_attach_treasure_tests
50/353 Test: regidrago_issue_1032_post_attach_treasure_tests
Command: "/home/runner/work/pokemon-sims/pokemon-sims/build-finalize/regidrago_unified_tests" "issue_1032_post_attach_treasure_tests"
Directory: /home/runner/work/pokemon-sims/pokemon-sims/build-finalize
"regidrago_issue_1032_post_attach_treasure_tests" start time: Jul 29 21:12 UTC
Output:
----------------------------------------------------------
[ RUN      ] issue_1032_post_attach_treasure_tests
[       OK ] issue_1032_post_attach_treasure_tests
<end of output>
Test time =   0.01 sec
----------------------------------------------------------
Test Passed.
"regidrago_issue_1032_post_attach_treasure_tests" end time: Jul 29 21:12 UTC
"regidrago_issue_1032_post_attach_treasure_tests" time elapsed: 00:00:00
----------------------------------------------------------

51/353 Testing: regidrago_issue_1038_duplicate_crispin_wonder_tag_tests
51/353 Test: regidrago_issue_1038_duplicate_crispin_wonder_tag_tests
Command: "/home/runner/work/pokemon-sims/pokemon-sims/build-finalize/regidrago_unified_tests" "issue_1038_duplicate_crispin_wonder_tag_tests"
Directory: /home/runner/work/pokemon-sims/pokemon-sims/build-finalize
"regidrago_issue_1038_duplicate_crispin_wonder_tag_tests" start time: Jul 29 21:12 UTC
Output:
----------------------------------------------------------
[ RUN      ] issue_1038_duplicate_crispin_wonder_tag_tests
[       OK ] issue_1038_duplicate_crispin_wonder_tag_tests
<end of output>
Test time =   0.01 sec
----------------------------------------------------------
Test Passed.
"regidrago_issue_1038_duplicate_crispin_wonder_tag_tests" end time: Jul 29 21:12 UTC
"regidrago_issue_1038_duplicate_crispin_wonder_tag_tests" time elapsed: 00:00:00
----------------------------------------------------------

52/353 Testing: regidrago_issue_1039_duplicate_gladion_wonder_tag_tests
52/353 Test: regidrago_issue_1039_duplicate_gladion_wonder_tag_tests
Command: "/home/runner/work/pokemon-sims/pokemon-sims/build-finalize/regidrago_unified_tests" "issue_1039_duplicate_gladion_wonder_tag_tests"
Directory: /home/runner/work/pokemon-sims/pokemon-sims/build-finalize
"regidrago_issue_1039_duplicate_gladion_wonder_tag_tests" start time: Jul 29 21:12 UTC
Output:
----------------------------------------------------------
[ RUN      ] issue_1039_duplicate_gladion_wonder_tag_tests
[       OK ] issue_1039_duplicate_gladion_wonder_tag_tests
<end of output>
Test time =   0.00 sec
----------------------------------------------------------
Test Passed.
"regidrago_issue_1039_duplicate_gladion_wonder_tag_tests" end time: Jul 29 21:12 UTC
"regidrago_issue_1039_duplicate_gladion_wonder_tag_tests" time elapsed: 00:00:00
----------------------------------------------------------

54/353 Testing: regidrago_issue_1049_active_regi_steven_route_tests
54/353 Test: regidrago_issue_1049_active_regi_steven_route_tests
Command: "/home/runner/work/pokemon-sims/pokemon-sims/build-finalize/regidrago_unified_tests" "issue_1049_active_regi_steven_route_tests"
Directory: /home/runner/work/pokemon-sims/pokemon-sims/build-finalize
"regidrago_issue_1049_active_regi_steven_route_tests" start time: Jul 29 21:12 UTC
Output:
----------------------------------------------------------
[ RUN      ] issue_1049_active_regi_steven_route_tests
[       OK ] issue_1049_active_regi_steven_route_tests
<end of output>
Test time =   0.00 sec
----------------------------------------------------------
Test Passed.
"regidrago_issue_1049_active_regi_steven_route_tests" end time: Jul 29 21:12 UTC
"regidrago_issue_1049_active_regi_steven_route_tests" time elapsed: 00:00:00
----------------------------------------------------------

53/353 Testing: regidrago_issue_1045_duplicate_held_arven_tests
53/353 Test: regidrago_issue_1045_duplicate_held_arven_tests
Command: "/home/runner/work/pokemon-sims/pokemon-sims/build-finalize/regidrago_unified_tests" "issue_1045_duplicate_held_arven_tests"
Directory: /home/runner/work/pokemon-sims/pokemon-sims/build-finalize
"regidrago_issue_1045_duplicate_held_arven_tests" start time: Jul 29 21:12 UTC
Output:
----------------------------------------------------------
[ RUN      ] issue_1045_duplicate_held_arven_tests
[       OK ] issue_1045_duplicate_held_arven_tests
<end of output>
Test time =   0.01 sec
----------------------------------------------------------
Test Passed.
"regidrago_issue_1045_duplicate_held_arven_tests" end time: Jul 29 21:12 UTC
"regidrago_issue_1045_duplicate_held_arven_tests" time elapsed: 00:00:00
----------------------------------------------------------

55/353 Testing: regidrago_issue_1050_dynamic_dead_role_dci_tests
55/353 Test: regidrago_issue_1050_dynamic_dead_role_dci_tests
Command: "/home/runner/work/pokemon-sims/pokemon-sims/build-finalize/regidrago_unified_tests" "issue_1050_dynamic_dead_role_dci_tests"
Directory: /home/runner/work/pokemon-sims/pokemon-sims/build-finalize
"regidrago_issue_1050_dynamic_dead_role_dci_tests" start time: Jul 29 21:12 UTC
Output:
----------------------------------------------------------
[ RUN      ] issue_1050_dynamic_dead_role_dci_tests
[       OK ] issue_1050_dynamic_dead_role_dci_tests
<end of output>
Test time =   0.01 sec
----------------------------------------------------------
Test Passed.
"regidrago_issue_1050_dynamic_dead_role_dci_tests" end time: Jul 29 21:12 UTC
"regidrago_issue_1050_dynamic_dead_role_dci_tests" time elapsed: 00:00:00
----------------------------------------------------------

56/353 Testing: regidrago_issue_1051_one_type_crispin_wonder_tag_tests
56/353 Test: regidrago_issue_1051_one_type_crispin_wonder_tag_tests
Command: "/home/runner/work/pokemon-sims/pokemon-sims/build-finalize/regidrago_unified_tests" "issue_1051_one_type_crispin_wonder_tag_tests"
Directory: /home/runner/work/pokemon-sims/pokemon-sims/build-finalize
"regidrago_issue_1051_one_type_crispin_wonder_tag_tests" start time: Jul 29 21:12 UTC
Output:
----------------------------------------------------------
[ RUN      ] issue_1051_one_type_crispin_wonder_tag_tests
[       OK ] issue_1051_one_type_crispin_wonder_tag_tests
<end of output>
Test time =   0.01 sec
----------------------------------------------------------
Test Passed.
"regidrago_issue_1051_one_type_crispin_wonder_tag_tests" end time: Jul 29 21:12 UTC
"regidrago_issue_1051_one_type_crispin_wonder_tag_tests" time elapsed: 00:00:00
----------------------------------------------------------

59/353 Testing: regidrago_issue_1059_prized_treasure_gladion_tests
59/353 Test: regidrago_issue_1059_prized_treasure_gladion_tests
Command: "/home/runner/work/pokemon-sims/pokemon-sims/build-finalize/regidrago_unified_tests" "issue_1059_prized_treasure_gladion_tests"
Directory: /home/runner/work/pokemon-sims/pokemon-sims/build-finalize
"regidrago_issue_1059_prized_treasure_gladion_tests" start time: Jul 29 21:12 UTC
Output:
----------------------------------------------------------
[ RUN      ] issue_1059_prized_treasure_gladion_tests
[       OK ] issue_1059_prized_treasure_gladion_tests
<end of output>
Test time =   0.00 sec
----------------------------------------------------------
Test Passed.
"regidrago_issue_1059_prized_treasure_gladion_tests" end time: Jul 29 21:12 UTC
"regidrago_issue_1059_prized_treasure_gladion_tests" time elapsed: 00:00:00
----------------------------------------------------------

58/353 Testing: regidrago_issue_1057_tate_held_route_tests
58/353 Test: regidrago_issue_1057_tate_held_route_tests
Command: "/home/runner/work/pokemon-sims/pokemon-sims/build-finalize/regidrago_unified_tests" "issue_1057_tate_held_route_tests"
Directory: /home/runner/work/pokemon-sims/pokemon-sims/build-finalize
"regidrago_issue_1057_tate_held_route_tests" start time: Jul 29 21:12 UTC
Output:
----------------------------------------------------------
[ RUN      ] issue_1057_tate_held_route_tests
[       OK ] issue_1057_tate_held_route_tests
<end of output>
Test time =   0.01 sec
----------------------------------------------------------
Test Passed.
"regidrago_issue_1057_tate_held_route_tests" end time: Jul 29 21:12 UTC
"regidrago_issue_1057_tate_held_route_tests" time elapsed: 00:00:00
----------------------------------------------------------

60/353 Testing: regidrago_issue_1090_gladion_arven_route_tests
60/353 Test: regidrago_issue_1090_gladion_arven_route_tests
Command: "/home/runner/work/pokemon-sims/pokemon-sims/build-finalize/regidrago_unified_tests" "issue_1090_gladion_arven_route_tests"
Directory: /home/runner/work/pokemon-sims/pokemon-sims/build-finalize
"regidrago_issue_1090_gladion_arven_route_tests" start time: Jul 29 21:12 UTC
Output:
----------------------------------------------------------
[ RUN      ] issue_1090_gladion_arven_route_tests
[       OK ] issue_1090_gladion_arven_route_tests
<end of output>
Test time =   0.00 sec
----------------------------------------------------------
Test Passed.
"regidrago_issue_1090_gladion_arven_route_tests" end time: Jul 29 21:12 UTC
"regidrago_issue_1090_gladion_arven_route_tests" time elapsed: 00:00:00
----------------------------------------------------------

57/353 Testing: regidrago_issue_1056_held_payload_gladion_tests
57/353 Test: regidrago_issue_1056_held_payload_gladion_tests
Command: "/home/runner/work/pokemon-sims/pokemon-sims/build-finalize/regidrago_unified_tests" "issue_1056_held_payload_gladion_tests"
Directory: /home/runner/work/pokemon-sims/pokemon-sims/build-finalize
"regidrago_issue_1056_held_payload_gladion_tests" start time: Jul 29 21:12 UTC
Output:
----------------------------------------------------------
[ RUN      ] issue_1056_held_payload_gladion_tests
[       OK ] issue_1056_held_payload_gladion_tests
<end of output>
Test time =   0.01 sec
----------------------------------------------------------
Test Passed.
"regidrago_issue_1056_held_payload_gladion_tests" end time: Jul 29 21:12 UTC
"regidrago_issue_1056_held_payload_gladion_tests" time elapsed: 00:00:00
----------------------------------------------------------

61/353 Testing: regidrago_issue_1093_quick_ball_crispin_energy_tests
61/353 Test: regidrago_issue_1093_quick_ball_crispin_energy_tests
Command: "/home/runner/work/pokemon-sims/pokemon-sims/build-finalize/regidrago_unified_tests" "issue_1093_quick_ball_crispin_energy_tests"
Directory: /home/runner/work/pokemon-sims/pokemon-sims/build-finalize
"regidrago_issue_1093_quick_ball_crispin_energy_tests" start time: Jul 29 21:12 UTC
Output:
----------------------------------------------------------
[ RUN      ] issue_1093_quick_ball_crispin_energy_tests
Issue 1093 Quick Ball Crispin-Energy tests passed
[       OK ] issue_1093_quick_ball_crispin_energy_tests
<end of output>
Test time =   0.00 sec
----------------------------------------------------------
Test Passed.
"regidrago_issue_1093_quick_ball_crispin_energy_tests" end time: Jul 29 21:12 UTC
"regidrago_issue_1093_quick_ball_crispin_energy_tests" time elapsed: 00:00:00
----------------------------------------------------------

62/353 Testing: regidrago_issue_1098_late_steven_crispin_treasure_tests
62/353 Test: regidrago_issue_1098_late_steven_crispin_treasure_tests
Command: "/home/runner/work/pokemon-sims/pokemon-sims/build-finalize/regidrago_unified_tests" "issue_1098_late_steven_crispin_treasure_tests"
Directory: /home/runner/work/pokemon-sims/pokemon-sims/build-finalize
"regidrago_issue_1098_late_steven_crispin_treasure_tests" start time: Jul 29 21:12 UTC
Output:
----------------------------------------------------------
[ RUN      ] issue_1098_late_steven_crispin_treasure_tests
Issue 1098 late-Steven Crispin-Treasure tests passed
[       OK ] issue_1098_late_steven_crispin_treasure_tests
<end of output>
Test time =   0.01 sec
----------------------------------------------------------
Test Passed.
"regidrago_issue_1098_late_steven_crispin_treasure_tests" end time: Jul 29 21:12 UTC
"regidrago_issue_1098_late_steven_crispin_treasure_tests" time elapsed: 00:00:00
----------------------------------------------------------

63/353 Testing: regidrago_issue_1108_known_burnet_steven_route_tests
63/353 Test: regidrago_issue_1108_known_burnet_steven_route_tests
Command: "/home/runner/work/pokemon-sims/pokemon-sims/build-finalize/regidrago_unified_tests" "issue_1108_known_burnet_steven_route_tests"
Directory: /home/runner/work/pokemon-sims/pokemon-sims/build-finalize
"regidrago_issue_1108_known_burnet_steven_route_tests" start time: Jul 29 21:12 UTC
Output:
----------------------------------------------------------
[ RUN      ] issue_1108_known_burnet_steven_route_tests
[       OK ] issue_1108_known_burnet_steven_route_tests
<end of output>
Test time =   0.01 sec
----------------------------------------------------------
Test Passed.
"regidrago_issue_1108_known_burnet_steven_route_tests" end time: Jul 29 21:12 UTC
"regidrago_issue_1108_known_burnet_steven_route_tests" time elapsed: 00:00:00
----------------------------------------------------------

64/353 Testing: regidrago_issue_1109_late_steven_blender_tests
64/353 Test: regidrago_issue_1109_late_steven_blender_tests
Command: "/home/runner/work/pokemon-sims/pokemon-sims/build-finalize/regidrago_unified_tests" "issue_1109_late_steven_blender_tests"
Directory: /home/runner/work/pokemon-sims/pokemon-sims/build-finalize
"regidrago_issue_1109_late_steven_blender_tests" start time: Jul 29 21:12 UTC
Output:
----------------------------------------------------------
[ RUN      ] issue_1109_late_steven_blender_tests
[       OK ] issue_1109_late_steven_blender_tests
<end of output>
Test time =   0.00 sec
----------------------------------------------------------
Test Passed.
"regidrago_issue_1109_late_steven_blender_tests" end time: Jul 29 21:12 UTC
"regidrago_issue_1109_late_steven_blender_tests" time elapsed: 00:00:00
----------------------------------------------------------

66/353 Testing: regidrago_issue_1111_held_blender_preempts_steven_tests
66/353 Test: regidrago_issue_1111_held_blender_preempts_steven_tests
Command: "/home/runner/work/pokemon-sims/pokemon-sims/build-finalize/regidrago_unified_tests" "issue_1111_held_blender_preempts_steven_tests"
Directory: /home/runner/work/pokemon-sims/pokemon-sims/build-finalize
"regidrago_issue_1111_held_blender_preempts_steven_tests" start time: Jul 29 21:12 UTC
Output:
----------------------------------------------------------
[ RUN      ] issue_1111_held_blender_preempts_steven_tests
[       OK ] issue_1111_held_blender_preempts_steven_tests
<end of output>
Test time =   0.00 sec
----------------------------------------------------------
Test Passed.
"regidrago_issue_1111_held_blender_preempts_steven_tests" end time: Jul 29 21:12 UTC
"regidrago_issue_1111_held_blender_preempts_steven_tests" time elapsed: 00:00:00
----------------------------------------------------------

67/353 Testing: regidrago_issue_1112_late_steven_burnet_tests
67/353 Test: regidrago_issue_1112_late_steven_burnet_tests
Command: "/home/runner/work/pokemon-sims/pokemon-sims/build-finalize/regidrago_unified_tests" "issue_1112_late_steven_burnet_tests"
Directory: /home/runner/work/pokemon-sims/pokemon-sims/build-finalize
"regidrago_issue_1112_late_steven_burnet_tests" start time: Jul 29 21:12 UTC
Output:
----------------------------------------------------------
[ RUN      ] issue_1112_late_steven_burnet_tests
[       OK ] issue_1112_late_steven_burnet_tests
<end of output>
Test time =   0.00 sec
----------------------------------------------------------
Test Passed.
"regidrago_issue_1112_late_steven_burnet_tests" end time: Jul 29 21:12 UTC
"regidrago_issue_1112_late_steven_burnet_tests" time elapsed: 00:00:00
----------------------------------------------------------

65/353 Testing: regidrago_issue_1110_tate_yields_to_burnet_tests
65/353 Test: regidrago_issue_1110_tate_yields_to_burnet_tests
Command: "/home/runner/work/pokemon-sims/pokemon-sims/build-finalize/regidrago_unified_tests" "issue_1110_tate_yields_to_burnet_tests"
Directory: /home/runner/work/pokemon-sims/pokemon-sims/build-finalize
"regidrago_issue_1110_tate_yields_to_burnet_tests" start time: Jul 29 21:12 UTC
Output:
----------------------------------------------------------
[ RUN      ] issue_1110_tate_yields_to_burnet_tests
[       OK ] issue_1110_tate_yields_to_burnet_tests
<end of output>
Test time =   0.01 sec
----------------------------------------------------------
Test Passed.
"regidrago_issue_1110_tate_yields_to_burnet_tests" end time: Jul 29 21:12 UTC
"regidrago_issue_1110_tate_yields_to_burnet_tests" time elapsed: 00:00:00
----------------------------------------------------------

68/353 Testing: regidrago_issue_1113_late_steven_blender_energy_tests
68/353 Test: regidrago_issue_1113_late_steven_blender_energy_tests
Command: "/home/runner/work/pokemon-sims/pokemon-sims/build-finalize/regidrago_unified_tests" "issue_1113_late_steven_blender_energy_tests"
Directory: /home/runner/work/pokemon-sims/pokemon-sims/build-finalize
"regidrago_issue_1113_late_steven_blender_energy_tests" start time: Jul 29 21:12 UTC
Output:
----------------------------------------------------------
[ RUN      ] issue_1113_late_steven_blender_energy_tests
[       OK ] issue_1113_late_steven_blender_energy_tests
<end of output>
Test time =   0.00 sec
----------------------------------------------------------
Test Passed.
"regidrago_issue_1113_late_steven_blender_energy_tests" end time: Jul 29 21:12 UTC
"regidrago_issue_1113_late_steven_blender_energy_tests" time elapsed: 00:00:00
----------------------------------------------------------

69/353 Testing: regidrago_issue_1114_latias_burnet_preempts_gladion_tests
69/353 Test: regidrago_issue_1114_latias_burnet_preempts_gladion_tests
Command: "/home/runner/work/pokemon-sims/pokemon-sims/build-finalize/regidrago_unified_tests" "issue_1114_latias_burnet_preempts_gladion_tests"
Directory: /home/runner/work/pokemon-sims/pokemon-sims/build-finalize
"regidrago_issue_1114_latias_burnet_preempts_gladion_tests" start time: Jul 29 21:12 UTC
Output:
----------------------------------------------------------
[ RUN      ] issue_1114_latias_burnet_preempts_gladion_tests
[       OK ] issue_1114_latias_burnet_preempts_gladion_tests
<end of output>
Test time =   0.00 sec
----------------------------------------------------------
Test Passed.
"regidrago_issue_1114_latias_burnet_preempts_gladion_tests" end time: Jul 29 21:12 UTC
"regidrago_issue_1114_latias_burnet_preempts_gladion_tests" time elapsed: 00:00:00
----------------------------------------------------------

70/353 Testing: regidrago_issue_1115_held_burnet_preempts_gladion_tests
70/353 Test: regidrago_issue_1115_held_burnet_preempts_gladion_tests
Command: "/home/runner/work/pokemon-sims/pokemon-sims/build-finalize/regidrago_unified_tests" "issue_1115_held_burnet_preempts_gladion_tests"
Directory: /home/runner/work/pokemon-sims/pokemon-sims/build-finalize
"regidrago_issue_1115_held_burnet_preempts_gladion_tests" start time: Jul 29 21:12 UTC
Output:
----------------------------------------------------------
[ RUN      ] issue_1115_held_burnet_preempts_gladion_tests
[       OK ] issue_1115_held_burnet_preempts_gladion_tests
<end of output>
Test time =   0.00 sec
----------------------------------------------------------
Test Passed.
"regidrago_issue_1115_held_burnet_preempts_gladion_tests" end time: Jul 29 21:12 UTC
"regidrago_issue_1115_held_burnet_preempts_gladion_tests" time elapsed: 00:00:00
----------------------------------------------------------

71/353 Testing: regidrago_issue_1117_held_burnet_preempts_steven_tests
71/353 Test: regidrago_issue_1117_held_burnet_preempts_steven_tests
Command: "/home/runner/work/pokemon-sims/pokemon-sims/build-finalize/regidrago_unified_tests" "issue_1117_held_burnet_preempts_steven_tests"
Directory: /home/runner/work/pokemon-sims/pokemon-sims/build-finalize
"regidrago_issue_1117_held_burnet_preempts_steven_tests" start time: Jul 29 21:12 UTC
Output:
----------------------------------------------------------
[ RUN      ] issue_1117_held_burnet_preempts_steven_tests
[       OK ] issue_1117_held_burnet_preempts_steven_tests
<end of output>
Test time =   0.00 sec
----------------------------------------------------------
Test Passed.
"regidrago_issue_1117_held_burnet_preempts_steven_tests" end time: Jul 29 21:12 UTC
"regidrago_issue_1117_held_burnet_preempts_steven_tests" time elapsed: 00:00:00
----------------------------------------------------------

73/353 Testing: regidrago_issue_1126_latias_serena_preempts_gladion_tests
73/353 Test: regidrago_issue_1126_latias_serena_preempts_gladion_tests
Command: "/home/runner/work/pokemon-sims/pokemon-sims/build-finalize/regidrago_unified_tests" "issue_1126_latias_serena_preempts_gladion_tests"
Directory: /home/runner/work/pokemon-sims/pokemon-sims/build-finalize
"regidrago_issue_1126_latias_serena_preempts_gladion_tests" start time: Jul 29 21:12 UTC
Output:
----------------------------------------------------------
[ RUN      ] issue_1126_latias_serena_preempts_gladion_tests
[       OK ] issue_1126_latias_serena_preempts_gladion_tests
<end of output>
Test time =   0.00 sec
----------------------------------------------------------
Test Passed.
"regidrago_issue_1126_latias_serena_preempts_gladion_tests" end time: Jul 29 21:12 UTC
"regidrago_issue_1126_latias_serena_preempts_gladion_tests" time elapsed: 00:00:00
----------------------------------------------------------

75/353 Testing: regidrago_issue_1137_fss_latias_burnet_tests
75/353 Test: regidrago_issue_1137_fss_latias_burnet_tests
Command: "/home/runner/work/pokemon-sims/pokemon-sims/build-finalize/regidrago_unified_tests" "issue_1137_fss_latias_burnet_tests"
Directory: /home/runner/work/pokemon-sims/pokemon-sims/build-finalize
"regidrago_issue_1137_fss_latias_burnet_tests" start time: Jul 29 21:12 UTC
Output:
----------------------------------------------------------
[ RUN      ] issue_1137_fss_latias_burnet_tests
[       OK ] issue_1137_fss_latias_burnet_tests
<end of output>
Test time =   0.00 sec
----------------------------------------------------------
Test Passed.
"regidrago_issue_1137_fss_latias_burnet_tests" end time: Jul 29 21:12 UTC
"regidrago_issue_1137_fss_latias_burnet_tests" time elapsed: 00:00:00
----------------------------------------------------------

74/353 Testing: regidrago_issue_1130_tate_hidden_order_tests
74/353 Test: regidrago_issue_1130_tate_hidden_order_tests
Command: "/home/runner/work/pokemon-sims/pokemon-sims/build-finalize/regidrago_unified_tests" "issue_1130_tate_hidden_order_tests"
Directory: /home/runner/work/pokemon-sims/pokemon-sims/build-finalize
"regidrago_issue_1130_tate_hidden_order_tests" start time: Jul 29 21:12 UTC
Output:
----------------------------------------------------------
[ RUN      ] issue_1130_tate_hidden_order_tests
[       OK ] issue_1130_tate_hidden_order_tests
<end of output>
Test time =   0.01 sec
----------------------------------------------------------
Test Passed.
"regidrago_issue_1130_tate_hidden_order_tests" end time: Jul 29 21:12 UTC
"regidrago_issue_1130_tate_hidden_order_tests" time elapsed: 00:00:00
----------------------------------------------------------

77/353 Testing: regidrago_issue_1145_post_attach_treasure_latias_tests
77/353 Test: regidrago_issue_1145_post_attach_treasure_latias_tests
Command: "/home/runner/work/pokemon-sims/pokemon-sims/build-finalize/regidrago_unified_tests" "issue_1145_post_attach_treasure_latias_tests"
Directory: /home/runner/work/pokemon-sims/pokemon-sims/build-finalize
"regidrago_issue_1145_post_attach_treasure_latias_tests" start time: Jul 29 21:12 UTC
Output:
----------------------------------------------------------
[ RUN      ] issue_1145_post_attach_treasure_latias_tests
Issue 1145 post-attachment Treasure Latias tests passed
[       OK ] issue_1145_post_attach_treasure_latias_tests
<end of output>
Test time =   0.00 sec
----------------------------------------------------------
Test Passed.
"regidrago_issue_1145_post_attach_treasure_latias_tests" end time: Jul 29 21:12 UTC
"regidrago_issue_1145_post_attach_treasure_latias_tests" time elapsed: 00:00:00
----------------------------------------------------------

76/353 Testing: regidrago_issue_1139_fss_bank_tate_tests
76/353 Test: regidrago_issue_1139_fss_bank_tate_tests
Command: "/home/runner/work/pokemon-sims/pokemon-sims/build-finalize/regidrago_unified_tests" "issue_1139_fss_bank_tate_tests"
Directory: /home/runner/work/pokemon-sims/pokemon-sims/build-finalize
"regidrago_issue_1139_fss_bank_tate_tests" start time: Jul 29 21:12 UTC
Output:
----------------------------------------------------------
[ RUN      ] issue_1139_fss_bank_tate_tests
[       OK ] issue_1139_fss_bank_tate_tests
<end of output>
Test time =   0.01 sec
----------------------------------------------------------
Test Passed.
"regidrago_issue_1139_fss_bank_tate_tests" end time: Jul 29 21:12 UTC
"regidrago_issue_1139_fss_bank_tate_tests" time elapsed: 00:00:00
----------------------------------------------------------

78/353 Testing: regidrago_issue_1146_quick_ball_surplus_energy_tests
78/353 Test: regidrago_issue_1146_quick_ball_surplus_energy_tests
Command: "/home/runner/work/pokemon-sims/pokemon-sims/build-finalize/regidrago_unified_tests" "issue_1146_quick_ball_surplus_energy_tests"
Directory: /home/runner/work/pokemon-sims/pokemon-sims/build-finalize
"regidrago_issue_1146_quick_ball_surplus_energy_tests" start time: Jul 29 21:12 UTC
Output:
----------------------------------------------------------
[ RUN      ] issue_1146_quick_ball_surplus_energy_tests
Issue 1146 Quick Ball surplus Energy tests passed
[       OK ] issue_1146_quick_ball_surplus_energy_tests
<end of output>
Test time =   0.00 sec
----------------------------------------------------------
Test Passed.
"regidrago_issue_1146_quick_ball_surplus_energy_tests" end time: Jul 29 21:12 UTC
"regidrago_issue_1146_quick_ball_surplus_energy_tests" time elapsed: 00:00:00
----------------------------------------------------------

79/353 Testing: regidrago_issue_1147_late_supporter_item_replay_tests
79/353 Test: regidrago_issue_1147_late_supporter_item_replay_tests
Command: "/home/runner/work/pokemon-sims/pokemon-sims/build-finalize/regidrago_unified_tests" "issue_1147_late_supporter_item_replay_tests"
Directory: /home/runner/work/pokemon-sims/pokemon-sims/build-finalize
"regidrago_issue_1147_late_supporter_item_replay_tests" start time: Jul 29 21:12 UTC
Output:
----------------------------------------------------------
[ RUN      ] issue_1147_late_supporter_item_replay_tests
Issue 1147 late-Supporter Item replay tests passed
[       OK ] issue_1147_late_supporter_item_replay_tests
<end of output>
Test time =   0.00 sec
----------------------------------------------------------
Test Passed.
"regidrago_issue_1147_late_supporter_item_replay_tests" end time: Jul 29 21:12 UTC
"regidrago_issue_1147_late_supporter_item_replay_tests" time elapsed: 00:00:00
----------------------------------------------------------

80/353 Testing: regidrago_issue_1152_post_legacy_supporter_item_replay_tests
80/353 Test: regidrago_issue_1152_post_legacy_supporter_item_replay_tests
Command: "/home/runner/work/pokemon-sims/pokemon-sims/build-finalize/regidrago_unified_tests" "issue_1152_post_legacy_supporter_item_replay_tests"
Directory: /home/runner/work/pokemon-sims/pokemon-sims/build-finalize
"regidrago_issue_1152_post_legacy_supporter_item_replay_tests" start time: Jul 29 21:12 UTC
Output:
----------------------------------------------------------
[ RUN      ] issue_1152_post_legacy_supporter_item_replay_tests
Issue 1152 post-Legacy Supporter Item replay tests passed
[       OK ] issue_1152_post_legacy_supporter_item_replay_tests
<end of output>
Test time =   0.00 sec
----------------------------------------------------------
Test Passed.
"regidrago_issue_1152_post_legacy_supporter_item_replay_tests" end time: Jul 29 21:12 UTC
"regidrago_issue_1152_post_legacy_supporter_item_replay_tests" time elapsed: 00:00:00
----------------------------------------------------------

82/353 Testing: regidrago_issue_1155_quick_ball_unused_attachment_tests
82/353 Test: regidrago_issue_1155_quick_ball_unused_attachment_tests
Command: "/home/runner/work/pokemon-sims/pokemon-sims/build-finalize/regidrago_unified_tests" "issue_1155_quick_ball_unused_attachment_tests"
Directory: /home/runner/work/pokemon-sims/pokemon-sims/build-finalize
"regidrago_issue_1155_quick_ball_unused_attachment_tests" start time: Jul 29 21:12 UTC
Output:
----------------------------------------------------------
[ RUN      ] issue_1155_quick_ball_unused_attachment_tests
Issue 1155 unused-attachment Quick Ball tests passed
[       OK ] issue_1155_quick_ball_unused_attachment_tests
<end of output>
Test time =   0.00 sec
----------------------------------------------------------
Test Passed.
"regidrago_issue_1155_quick_ball_unused_attachment_tests" end time: Jul 29 21:12 UTC
"regidrago_issue_1155_quick_ball_unused_attachment_tests" time elapsed: 00:00:00
----------------------------------------------------------

81/353 Testing: regidrago_issue_1154_quick_ball_payload_axis_tests
81/353 Test: regidrago_issue_1154_quick_ball_payload_axis_tests
Command: "/home/runner/work/pokemon-sims/pokemon-sims/build-finalize/regidrago_unified_tests" "issue_1154_quick_ball_payload_axis_tests"
Directory: /home/runner/work/pokemon-sims/pokemon-sims/build-finalize
"regidrago_issue_1154_quick_ball_payload_axis_tests" start time: Jul 29 21:12 UTC
Output:
----------------------------------------------------------
[ RUN      ] issue_1154_quick_ball_payload_axis_tests
Issue 1154 Quick Ball payload-axis tests passed
[       OK ] issue_1154_quick_ball_payload_axis_tests
<end of output>
Test time =   0.00 sec
----------------------------------------------------------
Test Passed.
"regidrago_issue_1154_quick_ball_payload_axis_tests" end time: Jul 29 21:12 UTC
"regidrago_issue_1154_quick_ball_payload_axis_tests" time elapsed: 00:00:00
----------------------------------------------------------

72/353 Testing: regidrago_issue_1118_multi_deck_secret_box_tests
72/353 Test: regidrago_issue_1118_multi_deck_secret_box_tests
Command: "/home/runner/work/pokemon-sims/pokemon-sims/build-finalize/regidrago_unified_tests" "issue_1118_multi_deck_secret_box_tests"
Directory: /home/runner/work/pokemon-sims/pokemon-sims/build-finalize
"regidrago_issue_1118_multi_deck_secret_box_tests" start time: Jul 29 21:12 UTC
Output:
----------------------------------------------------------
[ RUN      ] issue_1118_multi_deck_secret_box_tests
[       OK ] issue_1118_multi_deck_secret_box_tests
<end of output>
Test time =   0.02 sec
----------------------------------------------------------
Test Passed.
"regidrago_issue_1118_multi_deck_secret_box_tests" end time: Jul 29 21:12 UTC
"regidrago_issue_1118_multi_deck_secret_box_tests" time elapsed: 00:00:00
----------------------------------------------------------

84/353 Testing: regidrago_issue_1165_turo_tapu_replay_tests
84/353 Test: regidrago_issue_1165_turo_tapu_replay_tests
Command: "/home/runner/work/pokemon-sims/pokemon-sims/build-finalize/regidrago_unified_tests" "issue_1165_turo_tapu_replay_tests"
Directory: /home/runner/work/pokemon-sims/pokemon-sims/build-finalize
"regidrago_issue_1165_turo_tapu_replay_tests" start time: Jul 29 21:12 UTC
Output:
----------------------------------------------------------
[ RUN      ] issue_1165_turo_tapu_replay_tests
[       OK ] issue_1165_turo_tapu_replay_tests
<end of output>
Test time =   0.00 sec
----------------------------------------------------------
Test Passed.
"regidrago_issue_1165_turo_tapu_replay_tests" end time: Jul 29 21:12 UTC
"regidrago_issue_1165_turo_tapu_replay_tests" time elapsed: 00:00:00
----------------------------------------------------------

83/353 Testing: regidrago_issue_1162_tate_active_vstar_order_tests
83/353 Test: regidrago_issue_1162_tate_active_vstar_order_tests
Command: "/home/runner/work/pokemon-sims/pokemon-sims/build-finalize/regidrago_unified_tests" "issue_1162_tate_active_vstar_order_tests"
Directory: /home/runner/work/pokemon-sims/pokemon-sims/build-finalize
"regidrago_issue_1162_tate_active_vstar_order_tests" start time: Jul 29 21:12 UTC
Output:
----------------------------------------------------------
[ RUN      ] issue_1162_tate_active_vstar_order_tests
[       OK ] issue_1162_tate_active_vstar_order_tests
<end of output>
Test time =   0.01 sec
----------------------------------------------------------
Test Passed.
"regidrago_issue_1162_tate_active_vstar_order_tests" end time: Jul 29 21:12 UTC
"regidrago_issue_1162_tate_active_vstar_order_tests" time elapsed: 00:00:00
----------------------------------------------------------

85/353 Testing: regidrago_issue_1166_wonder_tag_future_gladion_tests
85/353 Test: regidrago_issue_1166_wonder_tag_future_gladion_tests
Command: "/home/runner/work/pokemon-sims/pokemon-sims/build-finalize/regidrago_unified_tests" "issue_1166_wonder_tag_future_gladion_tests"
Directory: /home/runner/work/pokemon-sims/pokemon-sims/build-finalize
"regidrago_issue_1166_wonder_tag_future_gladion_tests" start time: Jul 29 21:12 UTC
Output:
----------------------------------------------------------
[ RUN      ] issue_1166_wonder_tag_future_gladion_tests
[       OK ] issue_1166_wonder_tag_future_gladion_tests
<end of output>
Test time =   0.00 sec
----------------------------------------------------------
Test Passed.
"regidrago_issue_1166_wonder_tag_future_gladion_tests" end time: Jul 29 21:12 UTC
"regidrago_issue_1166_wonder_tag_future_gladion_tests" time elapsed: 00:00:00
----------------------------------------------------------

86/353 Testing: regidrago_issue_1167_treasure_vessel_redundant_payload_tests
86/353 Test: regidrago_issue_1167_treasure_vessel_redundant_payload_tests
Command: "/home/runner/work/pokemon-sims/pokemon-sims/build-finalize/regidrago_unified_tests" "issue_1167_treasure_vessel_redundant_payload_tests"
Directory: /home/runner/work/pokemon-sims/pokemon-sims/build-finalize
"regidrago_issue_1167_treasure_vessel_redundant_payload_tests" start time: Jul 29 21:12 UTC
Output:
----------------------------------------------------------
[ RUN      ] issue_1167_treasure_vessel_redundant_payload_tests
[       OK ] issue_1167_treasure_vessel_redundant_payload_tests
<end of output>
Test time =   0.00 sec
----------------------------------------------------------
Test Passed.
"regidrago_issue_1167_treasure_vessel_redundant_payload_tests" end time: Jul 29 21:12 UTC
"regidrago_issue_1167_treasure_vessel_redundant_payload_tests" time elapsed: 00:00:00
----------------------------------------------------------

87/353 Testing: regidrago_issue_1174_celestial_roar_gladion_treasure_tests
87/353 Test: regidrago_issue_1174_celestial_roar_gladion_treasure_tests
Command: "/home/runner/work/pokemon-sims/pokemon-sims/build-finalize/regidrago_unified_tests" "issue_1174_celestial_roar_gladion_treasure_tests"
Directory: /home/runner/work/pokemon-sims/pokemon-sims/build-finalize
"regidrago_issue_1174_celestial_roar_gladion_treasure_tests" start time: Jul 29 21:12 UTC
Output:
----------------------------------------------------------
[ RUN      ] issue_1174_celestial_roar_gladion_treasure_tests
Issue 1174 Celestial Roar Gladion-Treasure tests passed
[       OK ] issue_1174_celestial_roar_gladion_treasure_tests
<end of output>
Test time =   0.01 sec
----------------------------------------------------------
Test Passed.
"regidrago_issue_1174_celestial_roar_gladion_treasure_tests" end time: Jul 29 21:12 UTC
"regidrago_issue_1174_celestial_roar_gladion_treasure_tests" time elapsed: 00:00:00
----------------------------------------------------------

88/353 Testing: regidrago_issue_1185_quick_ball_strict_surplus_energy_tests
88/353 Test: regidrago_issue_1185_quick_ball_strict_surplus_energy_tests
Command: "/home/runner/work/pokemon-sims/pokemon-sims/build-finalize/regidrago_unified_tests" "issue_1185_quick_ball_strict_surplus_energy_tests"
Directory: /home/runner/work/pokemon-sims/pokemon-sims/build-finalize
"regidrago_issue_1185_quick_ball_strict_surplus_energy_tests" start time: Jul 29 21:12 UTC
Output:
----------------------------------------------------------
[ RUN      ] issue_1185_quick_ball_strict_surplus_energy_tests
Issue 1185 strict-JIT surplus Energy tests passed
[       OK ] issue_1185_quick_ball_strict_surplus_energy_tests
<end of output>
Test time =   0.01 sec
[...]
T3 | ATTACH | rules: R-GAME-ENERGY | Fire Energy manually to Regidrago V.
T3 | POLICY | rules: P-AXIS-01 | End: Active=Dialga-GX [-] | Bench=Tapu Lele-GX [-]; Regidrago V [GGF] | Hand=Mysterious Treasure, Serena, Quick Ball, Gladion, Arven, Earthen Vessel | Discard=Crispin
T4 | DRAW | rules: R-GAME-DRAW | start-of-turn: Mega Dragonite ex
T4 | POLICY | rules: P-AXIS-01 | Start: Active=Dialga-GX [-] | Bench=Tapu Lele-GX [-]; Regidrago V [GGF] | Hand=Mysterious Treasure, Serena, Quick Ball, Gladion, Arven, Earthen Vessel, Mega Dragonite ex | Discard=Crispin
T4 | PLAY SUPPORTER | rules: R-ARVEN-01; R-GAME-SUPPORTER | Searched an Item and a Pokémon Tool: Forest Seal Stone.
T4 | ATTACH TOOL | rules: R-FSS-01; R-GAME-TOOL | Attached Forest Seal Stone to Regidrago V.
T4 | STAR ALCHEMY | rules: R-FSS-02; R-VSTAR-01 | Searched any card: Regidrago VSTAR.
T4 | EVOLVE | rules: R-GAME-EVOLVE | Evolved Regidrago V into Regidrago VSTAR.
T4 | POLICY | rules: P-AXIS-01 | End: Active=Dialga-GX [-] | Bench=Tapu Lele-GX [-]; Regidrago VSTAR [GGF] + Forest Seal Stone | Hand=Mysterious Treasure, Serena, Quick Ball, Gladion, Earthen Vessel, Mega Dragonite ex | Discard=Crispin, Arven
T5 | DRAW | rules: R-GAME-DRAW | start-of-turn: Latias ex
T5 | POLICY | rules: P-AXIS-01 | Start: Active=Dialga-GX [-] | Bench=Tapu Lele-GX [-]; Regidrago VSTAR [GGF] + Forest Seal Stone | Hand=Mysterious Treasure, Serena, Quick Ball, Gladion, Earthen Vessel, Mega Dragonite ex, Latias ex | Discard=Crispin, Arven
T5 | BENCH | rules: R-GAME-BENCH | Latias ex from hand.
T5 | DISCARD | rules: R-SERENA-01 | Mega Dragonite ex (Serena chosen discard)
T5 | DRAW | rules: R-GAME-DRAW | Serena: Professor Turo's Scenario
T5 | PLAY SUPPORTER | rules: R-SERENA-01; R-GAME-SUPPORTER | Used Serena draw mode after discarding at least one card.
T5 | RETREAT | rules: R-LATIAS-01; R-GAME-RETREAT | Latias ex gives the Basic Active no Retreat Cost; promoted the best-powered Benched Regidrago VSTAR.
T5 | POLICY | rules: P-AXIS-01 | End: Active=Regidrago VSTAR [GGF] + Forest Seal Stone | Bench=Tapu Lele-GX [-]; Dialga-GX [-]; Latias ex [-] | Hand=Mysterious Treasure, Quick Ball, Gladion, Earthen Vessel, Professor Turo's Scenario | Discard=Crispin, Arven, Serena, Mega Dragonite ex
T5 | READY | rules: R-RVS-01; P-JIT-01 | Active Regidrago VSTAR has GGF and a permitted Dragon payload in discard.
T5 | SETUP FAILURE | rules: P-T5-FAIL-01 | First reached readiness on T5. T5 is diagnostic, so the game remains a setup loss.
<end of output>
Test time =   0.00 sec
----------------------------------------------------------
Test Passed.
"trace_issue_1126_latias_serena_preempts_gladion" end time: Jul 29 21:12 UTC
"trace_issue_1126_latias_serena_preempts_gladion" time elapsed: 00:00:00
----------------------------------------------------------

346/353 Testing: card_audit_contract
346/353 Test: card_audit_contract
Command: "/opt/hostedtoolcache/Python/3.12.13/x64/bin/python3.12" "/home/runner/work/pokemon-sims/pokemon-sims/tests/card_audit_contract_tests.py"
Directory: /home/runner/work/pokemon-sims/pokemon-sims/build-finalize
"card_audit_contract" start time: Jul 29 21:12 UTC
Output:
----------------------------------------------------------
<end of output>
Test time =   0.23 sec
----------------------------------------------------------
Test Passed.
"card_audit_contract" end time: Jul 29 21:12 UTC
"card_audit_contract" time elapsed: 00:00:00
----------------------------------------------------------

347/353 Testing: card_audit_category_contract
347/353 Test: card_audit_category_contract
Command: "/opt/hostedtoolcache/Python/3.12.13/x64/bin/python3.12" "/home/runner/work/pokemon-sims/pokemon-sims/tests/card_audit_category_contract_tests.py"
Directory: /home/runner/work/pokemon-sims/pokemon-sims/build-finalize
"card_audit_category_contract" start time: Jul 29 21:12 UTC
Output:
----------------------------------------------------------
<end of output>
Test time =   0.07 sec
----------------------------------------------------------
Test Passed.
"card_audit_category_contract" end time: Jul 29 21:12 UTC
"card_audit_category_contract" time elapsed: 00:00:00
----------------------------------------------------------

348/353 Testing: setup_report_contract
348/353 Test: setup_report_contract
Command: "/opt/hostedtoolcache/Python/3.12.13/x64/bin/python3.12" "/home/runner/work/pokemon-sims/pokemon-sims/tests/setup_report_contract_tests.py"
Directory: /home/runner/work/pokemon-sims/pokemon-sims/build-finalize
"setup_report_contract" start time: Jul 29 21:12 UTC
Output:
----------------------------------------------------------
<end of output>
Test time =   0.12 sec
----------------------------------------------------------
Test Passed.
"setup_report_contract" end time: Jul 29 21:12 UTC
"setup_report_contract" time elapsed: 00:00:00
----------------------------------------------------------

349/353 Testing: multi_deck_report_contract
349/353 Test: multi_deck_report_contract
Command: "/opt/hostedtoolcache/Python/3.12.13/x64/bin/python3.12" "/home/runner/work/pokemon-sims/pokemon-sims/tests/multi_deck_report_contract_tests.py"
Directory: /home/runner/work/pokemon-sims/pokemon-sims/build-finalize
"multi_deck_report_contract" start time: Jul 29 21:12 UTC
Output:
----------------------------------------------------------
<end of output>
Test time =   0.10 sec
----------------------------------------------------------
Test Passed.
"multi_deck_report_contract" end time: Jul 29 21:12 UTC
"multi_deck_report_contract" time elapsed: 00:00:00
----------------------------------------------------------

350/353 Testing: setup_docs_generator_contract
350/353 Test: setup_docs_generator_contract
Command: "/opt/hostedtoolcache/Python/3.12.13/x64/bin/python3.12" "/home/runner/work/pokemon-sims/pokemon-sims/tests/update_setup_docs_tests.py"
Directory: /home/runner/work/pokemon-sims/pokemon-sims/build-finalize
"setup_docs_generator_contract" start time: Jul 29 21:12 UTC
Output:
----------------------------------------------------------
<end of output>
Test time =   0.23 sec
----------------------------------------------------------
Test Passed.
"setup_docs_generator_contract" end time: Jul 29 21:12 UTC
"setup_docs_generator_contract" time elapsed: 00:00:00
----------------------------------------------------------

351/353 Testing: trace_issue_1137_fss_latias_burnet
351/353 Test: trace_issue_1137_fss_latias_burnet
Command: "/home/runner/work/pokemon-sims/pokemon-sims/build-finalize/regidrago_sim" "--simulate-this" "--scenario" "strict-jit/go-first" "--seed" "17" "--require-ready-by" "3"
Directory: /home/runner/work/pokemon-sims/pokemon-sims/build-finalize
"trace_issue_1137_fss_latias_burnet" start time: Jul 29 21:12 UTC
Output:
----------------------------------------------------------

Deck: regidrago-shell | Seed: 17 | first-ready turn: 3 | setup result: success
Seed: 17 | first-ready turn: 3 | setup result: success
===== SIMULATE THIS =====
Deck: regidrago-shell
Scenario: strict-jit/go-first | DCI: strict-JIT | Locks: none
Mulligans: 1
Opening player-known state: Active=Oricorio GRI 55 [-] | Bench=(none) | Hand=Channeler, Regidrago VSTAR, Tapu Lele-GX, Mega Dragonite ex, Quick Ball, Regidrago VSTAR | Discard=(none)
DEBUG ONLY: prizes=Powerglass, Lusamine, Chaotic Swell, Grass Energy, Arven, Quick Ball. Policy may use them only after a legal deck or Prize inspection.
Policy rule: strict and matchup-flex JIT require a payload to enter discard in the same player turn as the ready-state check.
T1 | DRAW | rules: R-GAME-DRAW | start-of-turn: Professor Burnet
T1 | TURN START | rules: R-GAME-FIRST-TURN | Going first: drew for the turn; no Supporter or attack is permitted.
T1 | POLICY | rules: P-AXIS-01 | Start: Active=Oricorio GRI 55 [-] | Bench=(none) | Hand=Channeler, Regidrago VSTAR, Tapu Lele-GX, Mega Dragonite ex, Quick Ball, Regidrago VSTAR, Professor Burnet | Discard=(none)
T1 | DISCARD | rules: R-QB-01 | Regidrago VSTAR (Quick Ball cost)
T1 | DECK KNOWLEDGE | rules: P-KNOWLEDGE-01 | Quick Ball: deck inspected; Prize identities are now deducible for later decisions.
T1 | PLAY ITEM | rules: R-QB-01; R-GAME-ITEM | Searched a Basic Pokémon: Regidrago V.
T1 | BENCH | rules: R-GAME-BENCH | Regidrago V from hand.
T1 | POLICY | rules: P-AXIS-01 | End: Active=Oricorio GRI 55 [-] | Bench=Regidrago V [-] | Hand=Channeler, Tapu Lele-GX, Mega Dragonite ex, Regidrago VSTAR, Professor Burnet | Discard=Quick Ball, Regidrago VSTAR
T2 | DRAW | rules: R-GAME-DRAW | start-of-turn: Forest Seal Stone
T2 | POLICY | rules: P-AXIS-01 | Start: Active=Oricorio GRI 55 [-] | Bench=Regidrago V [-] | Hand=Channeler, Tapu Lele-GX, Mega Dragonite ex, Regidrago VSTAR, Professor Burnet, Forest Seal Stone | Discard=Quick Ball, Regidrago VSTAR
T2 | BENCH | rules: R-GAME-BENCH | Tapu Lele-GX from hand.
T2 | WONDER TAG | rules: R-TAPU-01 | Searched and revealed Crispin.
T2 | ATTACH TOOL | rules: R-FSS-01; R-GAME-TOOL | Attached Forest Seal Stone to Regidrago V.
T2 | STAR ALCHEMY | rules: R-FSS-02; R-VSTAR-01 | Searched any card: Latias ex.
T2 | PLAY SUPPORTER | rules: R-CRISPIN-01; R-GAME-SUPPORTER | Searched Grass Energy and Fire Energy; attached Grass Energy to Regidrago V and put Fire Energy into hand.
T2 | ATTACH | rules: R-GAME-ENERGY | Fire Energy manually to Regidrago V.
T2 | EVOLVE | rules: R-GAME-EVOLVE | Evolved Regidrago V into Regidrago VSTAR.
T2 | BENCH | rules: R-GAME-BENCH | Latias ex from hand.
T2 | RETREAT | rules: R-LATIAS-01; R-GAME-RETREAT | Latias ex gives the Basic Active no Retreat Cost; promoted the best-powered Benched Regidrago VSTAR.
T2 | POLICY | rules: P-AXIS-01 | End: Active=Regidrago VSTAR [GF] + Forest Seal Stone | Bench=Oricorio GRI 55 [-]; Tapu Lele-GX [-]; Latias ex [-] | Hand=Channeler, Mega Dragonite ex, Professor Burnet | Discard=Quick Ball, Regidrago VSTAR, Crispin
T3 | DRAW | rules: R-GAME-DRAW | start-of-turn: Earthen Vessel
T3 | POLICY | rules: P-AXIS-01 | Start: Active=Regidrago VSTAR [GF] + Forest Seal Stone | Bench=Oricorio GRI 55 [-]; Tapu Lele-GX [-]; Latias ex [-] | Hand=Channeler, Mega Dragonite ex, Professor Burnet, Earthen Vessel | Discard=Quick Ball, Regidrago VSTAR, Crispin
T3 | DISCARD | rules: R-EV-01 | Mega Dragonite ex (Earthen Vessel cost)
T3 | Earthen Vessel | rules: R-EV-01; R-GAME-ITEM | Searched up to 2 Basic Energy: Grass Energy, Grass Energy.
T3 | ATTACH | rules: R-GAME-ENERGY | Grass Energy manually to Regidrago VSTAR.
T3 | POLICY | rules: P-AXIS-01 | End: Active=Regidrago VSTAR [GGF] + Forest Seal Stone | Bench=Oricorio GRI 55 [-]; Tapu Lele-GX [-]; Latias ex [-] | Hand=Channeler, Professor Burnet, Grass Energy | Discard=Quick Ball, Regidrago VSTAR, Crispin, Earthen Vessel, Mega Dragonite ex
T3 | READY | rules: R-RVS-01; P-JIT-01 | Active Regidrago VSTAR has GGF and a permitted Dragon payload in discard.
<end of output>
Test time =   0.00 sec
----------------------------------------------------------
Test Passed.
"trace_issue_1137_fss_latias_burnet" end time: Jul 29 21:12 UTC
"trace_issue_1137_fss_latias_burnet" time elapsed: 00:00:00
----------------------------------------------------------

352/353 Testing: trace_issue_1139_fss_banks_tate
352/353 Test: trace_issue_1139_fss_banks_tate
Command: "/home/runner/work/pokemon-sims/pokemon-sims/build-finalize/regidrago_sim" "--simulate-this" "--scenario" "strict-jit/go-first" "--seed" "100" "--require-ready-by" "5"
Directory: /home/runner/work/pokemon-sims/pokemon-sims/build-finalize
"trace_issue_1139_fss_banks_tate" start time: Jul 29 21:12 UTC
Output:
----------------------------------------------------------

Deck: regidrago-shell | Seed: 100 | first-ready turn: 4 | setup result: success
Seed: 100 | first-ready turn: 4 | setup result: success
===== SIMULATE THIS =====
Deck: regidrago-shell
Scenario: strict-jit/go-first | DCI: strict-JIT | Locks: none
Mulligans: 1
Opening player-known state: Active=Dialga-GX [-] | Bench=(none) | Hand=Klara, Grass Energy, Arven, Grass Energy, Dragapult ex, Quick Ball | Discard=(none)
DEBUG ONLY: prizes=Grass Energy, Crispin, Regidrago V, Earthen Vessel, Arven, Latias ex. Policy may use them only after a legal deck or Prize inspection.
Policy rule: strict and matchup-flex JIT require a payload to enter discard in the same player turn as the ready-state check.
T1 | DRAW | rules: R-GAME-DRAW | start-of-turn: Steven's Resolve
T1 | TURN START | rules: R-GAME-FIRST-TURN | Going first: drew for the turn; no Supporter or attack is permitted.
T1 | POLICY | rules: P-AXIS-01 | Start: Active=Dialga-GX [-] | Bench=(none) | Hand=Klara, Grass Energy, Arven, Grass Energy, Dragapult ex, Quick Ball, Steven's Resolve | Discard=(none)
T1 | POLICY | rules: P-AXIS-01 | End: Active=Dialga-GX [-] | Bench=(none) | Hand=Klara, Grass Energy, Arven, Grass Energy, Dragapult ex, Quick Ball, Steven's Resolve | Discard=(none)
T2 | DRAW | rules: R-GAME-DRAW | start-of-turn: Brilliant Blender
T2 | POLICY | rules: P-AXIS-01 | Start: Active=Dialga-GX [-] | Bench=(none) | Hand=Klara, Grass Energy, Arven, Grass Energy, Dragapult ex, Quick Ball, Steven's Resolve, Brilliant Blender | Discard=(none)
T2 | DECK KNOWLEDGE | rules: P-KNOWLEDGE-01 | Steven's Resolve: deck inspected; Prize identities are now deducible for later decisions.
T2 | PLAY SUPPORTER | rules: R-STEVEN-01; R-GAME-SUPPORTER | Searched up to 3 cards: Regidrago V, Regidrago VSTAR, Crispin. Turn ended.
T2 | TURN END | rules: R-STEVEN-01 or R-RV-01 | Active=Dialga-GX [-] | Bench=(none) | Hand=Klara, Grass Energy, Arven, Grass Energy, Dragapult ex, Quick Ball, Brilliant Blender, Regidrago V, Regidrago VSTAR, Crispin | Discard=Steven's Resolve
T3 | DRAW | rules: R-GAME-DRAW | start-of-turn: Dipplin TWM 127
T3 | POLICY | rules: P-AXIS-01 | Start: Active=Dialga-GX [-] | Bench=(none) | Hand=Klara, Grass Energy, Arven, Grass Energy, Dragapult ex, Quick Ball, Brilliant Blender, Regidrago V, Regidrago VSTAR, Crispin, Dipplin TWM 127 | Discard=Steven's Resolve
T3 | BENCH | rules: R-GAME-BENCH | Regidrago V from hand.
T3 | ATTACH | rules: R-GAME-ENERGY | Grass Energy manually to Regidrago V.
T3 | PLAY SUPPORTER | rules: R-CRISPIN-01; R-GAME-SUPPORTER | Searched Grass Energy and Fire Energy; attached Grass Energy to Regidrago V and put Fire Energy into hand.
T3 | POLICY | rules: P-AXIS-01 | End: Active=Dialga-GX [-] | Bench=Regidrago V [GG] | Hand=Klara, Arven, Grass Energy, Dragapult ex, Brilliant Blender, Regidrago VSTAR, Dipplin TWM 127, Fire Energy, Quick Ball | Discard=Steven's Resolve, Crispin
T4 | DRAW | rules: R-GAME-DRAW | start-of-turn: Oricorio GRI 55
T4 | POLICY | rules: P-AXIS-01 | Start: Active=Dialga-GX [-] | Bench=Regidrago V [GG] | Hand=Klara, Arven, Grass Energy, Dragapult ex, Brilliant Blender, Regidrago VSTAR, Dipplin TWM 127, Fire Energy, Quick Ball, Oricorio GRI 55 | Discard=Steven's Resolve, Crispin
T4 | ATTACH | rules: R-GAME-ENERGY | Fire Energy manually to Regidrago V.
T4 | EVOLVE | rules: R-GAME-EVOLVE | Evolved Regidrago V into Regidrago VSTAR.
T4 | DISCARD | rules: R-QB-01 | Dragapult ex (Quick Ball cost)
T4 | PLAY ITEM | rules: R-QB-01; R-GAME-ITEM | Searched a Basic Pokémon: Tapu Lele-GX.
T4 | BENCH | rules: R-GAME-BENCH | Tapu Lele-GX from hand.
T4 | WONDER TAG | rules: R-TAPU-01 | Searched and revealed Tate & Liza.
T4 | PLAY SUPPORTER | rules: R-TATE-01; R-GAME-SUPPORTER | Tate & Liza switch mode: promoted the best-powered Benched Regidrago VSTAR.
T4 | POLICY | rules: P-AXIS-01 | End: Active=Regidrago VSTAR [GGF] | Bench=Dialga-GX [-]; Tapu Lele-GX [-] | Hand=Klara, Arven, Grass Energy, Brilliant Blender, Dipplin TWM 127, Oricorio GRI 55 | Discard=Steven's Resolve, Crispin, Quick Ball, Dragapult ex, Tate & Liza
T4 | READY | rules: R-RVS-01; P-JIT-01 | Active Regidrago VSTAR has GGF and a permitted Dragon payload in discard.
<end of output>
Test time =   0.00 sec
----------------------------------------------------------
Test Passed.
"trace_issue_1139_fss_banks_tate" end time: Jul 29 21:12 UTC
"trace_issue_1139_fss_banks_tate" time elapsed: 00:00:00
----------------------------------------------------------

315/353 Testing: regidrago_sim_self_test
315/353 Test: regidrago_sim_self_test
Command: "/home/runner/work/pokemon-sims/pokemon-sims/build-finalize/regidrago_sim" "--self-test"
Directory: /home/runner/work/pokemon-sims/pokemon-sims/build-finalize
"regidrago_sim_self_test" start time: Jul 29 21:12 UTC
Output:
----------------------------------------------------------
<end of output>
Test time =   1.17 sec
----------------------------------------------------------
Test Passed.
"regidrago_sim_self_test" end time: Jul 29 21:12 UTC
"regidrago_sim_self_test" time elapsed: 00:00:01
----------------------------------------------------------

353/353 Testing: issue_1333_tapu_live_print_contract
353/353 Test: issue_1333_tapu_live_print_contract
Command: "/opt/hostedtoolcache/Python/3.12.13/x64/bin/python3.12" "/home/runner/work/pokemon-sims/pokemon-sims/tests/issue_1333_tapu_live_print_tests.py"
Directory: /home/runner/work/pokemon-sims/pokemon-sims/build-finalize
"issue_1333_tapu_live_print_contract" start time: Jul 29 21:12 UTC
Output:
----------------------------------------------------------
<end of output>
Test time =   0.10 sec
----------------------------------------------------------
Test Passed.
"issue_1333_tapu_live_print_contract" end time: Jul 29 21:12 UTC
"issue_1333_tapu_live_print_contract" time elapsed: 00:00:00
----------------------------------------------------------

317/353 Testing: regidrago_cli_mode_contract
317/353 Test: regidrago_cli_mode_contract
Command: "/usr/local/bin/cmake" "-DSIMULATOR=/home/runner/work/pokemon-sims/pokemon-sims/build-finalize/regidrago_sim" "-DTEST_DIR=/home/runner/work/pokemon-sims/pokemon-sims/build-finalize/cli-mode-contract" "-P" "/home/runner/work/pokemon-sims/pokemon-sims/tests/run_cli_mode_contract.cmake"
Directory: /home/runner/work/pokemon-sims/pokemon-sims/build-finalize
"regidrago_cli_mode_contract" start time: Jul 29 21:12 UTC
Output:
----------------------------------------------------------
<end of output>
Test time =   1.33 sec
----------------------------------------------------------
Test Passed.
"regidrago_cli_mode_contract" end time: Jul 29 21:12 UTC
"regidrago_cli_mode_contract" time elapsed: 00:00:01
----------------------------------------------------------

157/353 Testing: regidrago_issue_1461_steven_next_draw_tests
157/353 Test: regidrago_issue_1461_steven_next_draw_tests
Command: "/home/runner/work/pokemon-sims/pokemon-sims/build-finalize/regidrago_unified_tests" "issue_1461_steven_next_draw_tests"
Directory: /home/runner/work/pokemon-sims/pokemon-sims/build-finalize
"regidrago_issue_1461_steven_next_draw_tests" start time: Jul 29 21:12 UTC
Output:
----------------------------------------------------------
[ RUN      ] issue_1461_steven_next_draw_tests
[       OK ] issue_1461_steven_next_draw_tests
<end of output>
Test time =  67.34 sec
----------------------------------------------------------
Test Passed.
"regidrago_issue_1461_steven_next_draw_tests" end time: Jul 29 21:13 UTC
"regidrago_issue_1461_steven_next_draw_tests" time elapsed: 00:01:07
----------------------------------------------------------

345/353 Testing: regidrago_sim_matrix_smoke
345/353 Test: regidrago_sim_matrix_smoke
Command: "/home/runner/work/pokemon-sims/pokemon-sims/build-finalize/regidrago_sim" "--trials" "100" "--seed" "20260705" "--out" "/home/runner/work/pokemon-sims/pokemon-sims/build-finalize/smoke_results.csv"
Directory: /home/runner/work/pokemon-sims/pokemon-sims/build-finalize
"regidrago_sim_matrix_smoke" start time: Jul 29 21:13 UTC
Output:
----------------------------------------------------------
<end of output>
Test time =   0.17 sec
----------------------------------------------------------
Test Passed.
"regidrago_sim_matrix_smoke" end time: Jul 29 21:13 UTC
"regidrago_sim_matrix_smoke" time elapsed: 00:00:00
----------------------------------------------------------

End testing: Jul 29 21:13 UTC
