Start testing: Jul 18 18:03 UTC
----------------------------------------------------------
1/112 Testing: regidrago_arven_complementary_latias_route_tests
1/112 Test: regidrago_arven_complementary_latias_route_tests
Command: "/home/runner/work/pokemon-sims/pokemon-sims/build-finalize/regidrago_unified_tests" "arven_complementary_latias_route_tests"
Directory: /home/runner/work/pokemon-sims/pokemon-sims/build-finalize
"regidrago_arven_complementary_latias_route_tests" start time: Jul 18 18:03 UTC
Output:
----------------------------------------------------------
[ RUN      ] arven_complementary_latias_route_tests
[       OK ] arven_complementary_latias_route_tests
<end of output>
Test time =   0.00 sec
----------------------------------------------------------
Test Passed.
"regidrago_arven_complementary_latias_route_tests" end time: Jul 18 18:03 UTC
"regidrago_arven_complementary_latias_route_tests" time elapsed: 00:00:00
----------------------------------------------------------

2/112 Testing: regidrago_arven_fss_blender_contention_tests
2/112 Test: regidrago_arven_fss_blender_contention_tests
Command: "/home/runner/work/pokemon-sims/pokemon-sims/build-finalize/regidrago_unified_tests" "arven_fss_blender_contention_tests"
Directory: /home/runner/work/pokemon-sims/pokemon-sims/build-finalize
"regidrago_arven_fss_blender_contention_tests" start time: Jul 18 18:03 UTC
Output:
----------------------------------------------------------
[ RUN      ] arven_fss_blender_contention_tests
arven_fss_blender_contention_tests: all checks passed
[       OK ] arven_fss_blender_contention_tests
<end of output>
Test time =   0.01 sec
----------------------------------------------------------
Test Passed.
"regidrago_arven_fss_blender_contention_tests" end time: Jul 18 18:03 UTC
"regidrago_arven_fss_blender_contention_tests" time elapsed: 00:00:00
----------------------------------------------------------

3/112 Testing: regidrago_arven_fss_rulebox_tests
3/112 Test: regidrago_arven_fss_rulebox_tests
Command: "/home/runner/work/pokemon-sims/pokemon-sims/build-finalize/regidrago_unified_tests" "arven_fss_rulebox_tests"
Directory: /home/runner/work/pokemon-sims/pokemon-sims/build-finalize
"regidrago_arven_fss_rulebox_tests" start time: Jul 18 18:03 UTC
Output:
----------------------------------------------------------
[ RUN      ] arven_fss_rulebox_tests
[       OK ] arven_fss_rulebox_tests
<end of output>
Test time =   0.00 sec
----------------------------------------------------------
Test Passed.
"regidrago_arven_fss_rulebox_tests" end time: Jul 18 18:03 UTC
"regidrago_arven_fss_rulebox_tests" time elapsed: 00:00:00
----------------------------------------------------------

4/112 Testing: regidrago_arven_heavy_ball_prize_tests
4/112 Test: regidrago_arven_heavy_ball_prize_tests
Command: "/home/runner/work/pokemon-sims/pokemon-sims/build-finalize/regidrago_unified_tests" "arven_heavy_ball_prize_tests"
Directory: /home/runner/work/pokemon-sims/pokemon-sims/build-finalize
"regidrago_arven_heavy_ball_prize_tests" start time: Jul 18 18:03 UTC
Output:
----------------------------------------------------------
[ RUN      ] arven_heavy_ball_prize_tests
Arven Heavy Ball prize tests passed
[       OK ] arven_heavy_ball_prize_tests
<end of output>
Test time =   0.00 sec
----------------------------------------------------------
Test Passed.
"regidrago_arven_heavy_ball_prize_tests" end time: Jul 18 18:03 UTC
"regidrago_arven_heavy_ball_prize_tests" time elapsed: 00:00:00
----------------------------------------------------------

5/112 Testing: regidrago_benched_vstar_recovery_tests
5/112 Test: regidrago_benched_vstar_recovery_tests
Command: "/home/runner/work/pokemon-sims/pokemon-sims/build-finalize/regidrago_unified_tests" "benched_vstar_recovery_tests"
Directory: /home/runner/work/pokemon-sims/pokemon-sims/build-finalize
"regidrago_benched_vstar_recovery_tests" start time: Jul 18 18:03 UTC
Output:
----------------------------------------------------------
[ RUN      ] benched_vstar_recovery_tests
[       OK ] benched_vstar_recovery_tests
<end of output>
Test time =   0.00 sec
----------------------------------------------------------
Test Passed.
"regidrago_benched_vstar_recovery_tests" end time: Jul 18 18:03 UTC
"regidrago_benched_vstar_recovery_tests" time elapsed: 00:00:00
----------------------------------------------------------

6/112 Testing: regidrago_blender_active_promotion_gate_tests
6/112 Test: regidrago_blender_active_promotion_gate_tests
Command: "/home/runner/work/pokemon-sims/pokemon-sims/build-finalize/regidrago_unified_tests" "blender_active_promotion_gate_tests"
Directory: /home/runner/work/pokemon-sims/pokemon-sims/build-finalize
"regidrago_blender_active_promotion_gate_tests" start time: Jul 18 18:03 UTC
Output:
----------------------------------------------------------
[ RUN      ] blender_active_promotion_gate_tests
Blender Active-promotion gate tests passed
[       OK ] blender_active_promotion_gate_tests
<end of output>
Test time =   0.00 sec
----------------------------------------------------------
Test Passed.
"regidrago_blender_active_promotion_gate_tests" end time: Jul 18 18:03 UTC
"regidrago_blender_active_promotion_gate_tests" time elapsed: 00:00:00
----------------------------------------------------------

7/112 Testing: regidrago_blender_energy_completion_gate_tests
7/112 Test: regidrago_blender_energy_completion_gate_tests
Command: "/home/runner/work/pokemon-sims/pokemon-sims/build-finalize/regidrago_unified_tests" "blender_energy_completion_gate_tests"
Directory: /home/runner/work/pokemon-sims/pokemon-sims/build-finalize
"regidrago_blender_energy_completion_gate_tests" start time: Jul 18 18:03 UTC
Output:
----------------------------------------------------------
[ RUN      ] blender_energy_completion_gate_tests
All Brilliant Blender Energy-completion gate tests passed.
[       OK ] blender_energy_completion_gate_tests
<end of output>
Test time =   0.00 sec
----------------------------------------------------------
Test Passed.
"regidrago_blender_energy_completion_gate_tests" end time: Jul 18 18:03 UTC
"regidrago_blender_energy_completion_gate_tests" time elapsed: 00:00:00
----------------------------------------------------------

8/112 Testing: regidrago_blender_fss_tate_hold_tests
8/112 Test: regidrago_blender_fss_tate_hold_tests
Command: "/home/runner/work/pokemon-sims/pokemon-sims/build-finalize/regidrago_unified_tests" "blender_fss_tate_hold_tests"
Directory: /home/runner/work/pokemon-sims/pokemon-sims/build-finalize
"regidrago_blender_fss_tate_hold_tests" start time: Jul 18 18:03 UTC
Output:
----------------------------------------------------------
[ RUN      ] blender_fss_tate_hold_tests
[       OK ] blender_fss_tate_hold_tests
<end of output>
Test time =   0.00 sec
----------------------------------------------------------
Test Passed.
"regidrago_blender_fss_tate_hold_tests" end time: Jul 18 18:03 UTC
"regidrago_blender_fss_tate_hold_tests" time elapsed: 00:00:00
----------------------------------------------------------

9/112 Testing: regidrago_blender_vstar_card_axis_tests
9/112 Test: regidrago_blender_vstar_card_axis_tests
Command: "/home/runner/work/pokemon-sims/pokemon-sims/build-finalize/regidrago_unified_tests" "blender_vstar_card_axis_tests"
Directory: /home/runner/work/pokemon-sims/pokemon-sims/build-finalize
"regidrago_blender_vstar_card_axis_tests" start time: Jul 18 18:03 UTC
Output:
----------------------------------------------------------
[ RUN      ] blender_vstar_card_axis_tests
Blender VSTAR card-axis tests passed
[       OK ] blender_vstar_card_axis_tests
<end of output>
Test time =   0.00 sec
----------------------------------------------------------
Test Passed.
"regidrago_blender_vstar_card_axis_tests" end time: Jul 18 18:03 UTC
"regidrago_blender_vstar_card_axis_tests" time elapsed: 00:00:00
----------------------------------------------------------

10/112 Testing: regidrago_burnet_no_vstar_route_tests
10/112 Test: regidrago_burnet_no_vstar_route_tests
Command: "/home/runner/work/pokemon-sims/pokemon-sims/build-finalize/regidrago_unified_tests" "burnet_no_vstar_route_tests"
Directory: /home/runner/work/pokemon-sims/pokemon-sims/build-finalize
"regidrago_burnet_no_vstar_route_tests" start time: Jul 18 18:03 UTC
Output:
----------------------------------------------------------
[ RUN      ] burnet_no_vstar_route_tests
Burnet no-VSTAR-route tests passed
[       OK ] burnet_no_vstar_route_tests
<end of output>
Test time =   0.00 sec
----------------------------------------------------------
Test Passed.
"regidrago_burnet_no_vstar_route_tests" end time: Jul 18 18:03 UTC
"regidrago_burnet_no_vstar_route_tests" time elapsed: 00:00:00
----------------------------------------------------------

11/112 Testing: regidrago_burnet_ready_turn_gate_tests
11/112 Test: regidrago_burnet_ready_turn_gate_tests
Command: "/home/runner/work/pokemon-sims/pokemon-sims/build-finalize/regidrago_unified_tests" "burnet_ready_turn_gate_tests"
Directory: /home/runner/work/pokemon-sims/pokemon-sims/build-finalize
"regidrago_burnet_ready_turn_gate_tests" start time: Jul 18 18:03 UTC
Output:
----------------------------------------------------------
[ RUN      ] burnet_ready_turn_gate_tests
Burnet ready-turn gate tests passed
[       OK ] burnet_ready_turn_gate_tests
<end of output>
Test time =   0.00 sec
----------------------------------------------------------
Test Passed.
"regidrago_burnet_ready_turn_gate_tests" end time: Jul 18 18:03 UTC
"regidrago_burnet_ready_turn_gate_tests" time elapsed: 00:00:00
----------------------------------------------------------

12/112 Testing: regidrago_celestial_roar_live_route_tests
12/112 Test: regidrago_celestial_roar_live_route_tests
Command: "/home/runner/work/pokemon-sims/pokemon-sims/build-finalize/regidrago_unified_tests" "celestial_roar_live_route_tests"
Directory: /home/runner/work/pokemon-sims/pokemon-sims/build-finalize
"regidrago_celestial_roar_live_route_tests" start time: Jul 18 18:03 UTC
Output:
----------------------------------------------------------
[ RUN      ] celestial_roar_live_route_tests
[       OK ] celestial_roar_live_route_tests
<end of output>
Test time =   0.00 sec
----------------------------------------------------------
Test Passed.
"regidrago_celestial_roar_live_route_tests" end time: Jul 18 18:03 UTC
"regidrago_celestial_roar_live_route_tests" time elapsed: 00:00:00
----------------------------------------------------------

13/112 Testing: regidrago_costed_search_target_outlet_tests
13/112 Test: regidrago_costed_search_target_outlet_tests
Command: "/home/runner/work/pokemon-sims/pokemon-sims/build-finalize/regidrago_unified_tests" "costed_search_target_outlet_tests"
Directory: /home/runner/work/pokemon-sims/pokemon-sims/build-finalize
"regidrago_costed_search_target_outlet_tests" start time: Jul 18 18:03 UTC
Output:
----------------------------------------------------------
[ RUN      ] costed_search_target_outlet_tests
costed search target outlet tests passed
[       OK ] costed_search_target_outlet_tests
<end of output>
Test time =   0.00 sec
----------------------------------------------------------
Test Passed.
"regidrago_costed_search_target_outlet_tests" end time: Jul 18 18:03 UTC
"regidrago_costed_search_target_outlet_tests" time elapsed: 00:00:00
----------------------------------------------------------

14/112 Testing: regidrago_crispin_one_type_manual_attachment_tests
14/112 Test: regidrago_crispin_one_type_manual_attachment_tests
Command: "/home/runner/work/pokemon-sims/pokemon-sims/build-finalize/regidrago_unified_tests" "crispin_one_type_manual_attachment_tests"
Directory: /home/runner/work/pokemon-sims/pokemon-sims/build-finalize
"regidrago_crispin_one_type_manual_attachment_tests" start time: Jul 18 18:03 UTC
Output:
----------------------------------------------------------
[ RUN      ] crispin_one_type_manual_attachment_tests
[       OK ] crispin_one_type_manual_attachment_tests
<end of output>
Test time =   0.00 sec
----------------------------------------------------------
Test Passed.
"regidrago_crispin_one_type_manual_attachment_tests" end time: Jul 18 18:03 UTC
"regidrago_crispin_one_type_manual_attachment_tests" time elapsed: 00:00:00
----------------------------------------------------------

15/112 Testing: regidrago_duplicate_earthen_vessel_cost_tests
15/112 Test: regidrago_duplicate_earthen_vessel_cost_tests
Command: "/home/runner/work/pokemon-sims/pokemon-sims/build-finalize/regidrago_unified_tests" "duplicate_earthen_vessel_cost_tests"
Directory: /home/runner/work/pokemon-sims/pokemon-sims/build-finalize
"regidrago_duplicate_earthen_vessel_cost_tests" start time: Jul 18 18:03 UTC
Output:
----------------------------------------------------------
[ RUN      ] duplicate_earthen_vessel_cost_tests
[       OK ] duplicate_earthen_vessel_cost_tests
<end of output>
Test time =   0.00 sec
----------------------------------------------------------
Test Passed.
"regidrago_duplicate_earthen_vessel_cost_tests" end time: Jul 18 18:03 UTC
"regidrago_duplicate_earthen_vessel_cost_tests" time elapsed: 00:00:00
----------------------------------------------------------

16/112 Testing: regidrago_duplicate_mysterious_treasure_cost_tests
16/112 Test: regidrago_duplicate_mysterious_treasure_cost_tests
Command: "/home/runner/work/pokemon-sims/pokemon-sims/build-finalize/regidrago_unified_tests" "duplicate_mysterious_treasure_cost_tests"
Directory: /home/runner/work/pokemon-sims/pokemon-sims/build-finalize
"regidrago_duplicate_mysterious_treasure_cost_tests" start time: Jul 18 18:03 UTC
Output:
----------------------------------------------------------
[ RUN      ] duplicate_mysterious_treasure_cost_tests
[       OK ] duplicate_mysterious_treasure_cost_tests
<end of output>
Test time =   0.00 sec
----------------------------------------------------------
Test Passed.
"regidrago_duplicate_mysterious_treasure_cost_tests" end time: Jul 18 18:03 UTC
"regidrago_duplicate_mysterious_treasure_cost_tests" time elapsed: 00:00:00
----------------------------------------------------------

17/112 Testing: regidrago_duplicate_quick_ball_cost_tests
17/112 Test: regidrago_duplicate_quick_ball_cost_tests
Command: "/home/runner/work/pokemon-sims/pokemon-sims/build-finalize/regidrago_unified_tests" "duplicate_quick_ball_cost_tests"
Directory: /home/runner/work/pokemon-sims/pokemon-sims/build-finalize
"regidrago_duplicate_quick_ball_cost_tests" start time: Jul 18 18:03 UTC
Output:
----------------------------------------------------------
[ RUN      ] duplicate_quick_ball_cost_tests
[       OK ] duplicate_quick_ball_cost_tests
<end of output>
Test time =   0.00 sec
----------------------------------------------------------
Test Passed.
"regidrago_duplicate_quick_ball_cost_tests" end time: Jul 18 18:03 UTC
"regidrago_duplicate_quick_ball_cost_tests" time elapsed: 00:00:00
----------------------------------------------------------

18/112 Testing: regidrago_empty_deck_search_tests
18/112 Test: regidrago_empty_deck_search_tests
Command: "/home/runner/work/pokemon-sims/pokemon-sims/build-finalize/regidrago_unified_tests" "empty_deck_search_tests"
Directory: /home/runner/work/pokemon-sims/pokemon-sims/build-finalize
"regidrago_empty_deck_search_tests" start time: Jul 18 18:03 UTC
Output:
----------------------------------------------------------
[ RUN      ] empty_deck_search_tests
empty-deck search tests passed
[       OK ] empty_deck_search_tests
<end of output>
Test time =   0.00 sec
----------------------------------------------------------
Test Passed.
"regidrago_empty_deck_search_tests" end time: Jul 18 18:03 UTC
"regidrago_empty_deck_search_tests" time elapsed: 00:00:00
----------------------------------------------------------

19/112 Testing: regidrago_erika_deck_thinning_tests
19/112 Test: regidrago_erika_deck_thinning_tests
Command: "/home/runner/work/pokemon-sims/pokemon-sims/build-finalize/regidrago_unified_tests" "erika_deck_thinning_tests"
Directory: /home/runner/work/pokemon-sims/pokemon-sims/build-finalize
"regidrago_erika_deck_thinning_tests" start time: Jul 18 18:03 UTC
Output:
----------------------------------------------------------
[ RUN      ] erika_deck_thinning_tests
Erika deck-thinning tests passed
[       OK ] erika_deck_thinning_tests
<end of output>
Test time =   0.00 sec
----------------------------------------------------------
Test Passed.
"regidrago_erika_deck_thinning_tests" end time: Jul 18 18:03 UTC
"regidrago_erika_deck_thinning_tests" time elapsed: 00:00:00
----------------------------------------------------------

20/112 Testing: regidrago_erika_discard_tables_tests
20/112 Test: regidrago_erika_discard_tables_tests
Command: "/home/runner/work/pokemon-sims/pokemon-sims/build-finalize/regidrago_unified_tests" "erika_discard_tables_tests"
Directory: /home/runner/work/pokemon-sims/pokemon-sims/build-finalize
"regidrago_erika_discard_tables_tests" start time: Jul 18 18:03 UTC
Output:
----------------------------------------------------------
[ RUN      ] erika_discard_tables_tests
[       OK ] erika_discard_tables_tests
<end of output>
Test time =   0.00 sec
----------------------------------------------------------
Test Passed.
"regidrago_erika_discard_tables_tests" end time: Jul 18 18:03 UTC
"regidrago_erika_discard_tables_tests" time elapsed: 00:00:00
----------------------------------------------------------

21/112 Testing: regidrago_evolution_incense_payload_tests
21/112 Test: regidrago_evolution_incense_payload_tests
Command: "/home/runner/work/pokemon-sims/pokemon-sims/build-finalize/regidrago_unified_tests" "evolution_incense_payload_tests"
Directory: /home/runner/work/pokemon-sims/pokemon-sims/build-finalize
"regidrago_evolution_incense_payload_tests" start time: Jul 18 18:03 UTC
Output:
----------------------------------------------------------
[ RUN      ] evolution_incense_payload_tests
Evolution Incense payload tests passed
[       OK ] evolution_incense_payload_tests
<end of output>
Test time =   0.00 sec
----------------------------------------------------------
Test Passed.
"regidrago_evolution_incense_payload_tests" end time: Jul 18 18:03 UTC
"regidrago_evolution_incense_payload_tests" time elapsed: 00:00:00
----------------------------------------------------------

22/112 Testing: regidrago_evolution_incense_vstar_fallback_tests
22/112 Test: regidrago_evolution_incense_vstar_fallback_tests
Command: "/home/runner/work/pokemon-sims/pokemon-sims/build-finalize/regidrago_unified_tests" "evolution_incense_vstar_fallback_tests"
Directory: /home/runner/work/pokemon-sims/pokemon-sims/build-finalize
"regidrago_evolution_incense_vstar_fallback_tests" start time: Jul 18 18:03 UTC
Output:
----------------------------------------------------------
[ RUN      ] evolution_incense_vstar_fallback_tests
[       OK ] evolution_incense_vstar_fallback_tests
<end of output>
Test time =   0.00 sec
----------------------------------------------------------
Test Passed.
"regidrago_evolution_incense_vstar_fallback_tests" end time: Jul 18 18:03 UTC
"regidrago_evolution_incense_vstar_fallback_tests" time elapsed: 00:00:00
----------------------------------------------------------

23/112 Testing: regidrago_forest_seal_stone_rulebox_tests
23/112 Test: regidrago_forest_seal_stone_rulebox_tests
Command: "/home/runner/work/pokemon-sims/pokemon-sims/build-finalize/regidrago_unified_tests" "forest_seal_stone_rulebox_tests"
Directory: /home/runner/work/pokemon-sims/pokemon-sims/build-finalize
"regidrago_forest_seal_stone_rulebox_tests" start time: Jul 18 18:03 UTC
Output:
----------------------------------------------------------
[ RUN      ] forest_seal_stone_rulebox_tests
[       OK ] forest_seal_stone_rulebox_tests
<end of output>
Test time =   0.00 sec
----------------------------------------------------------
Test Passed.
"regidrago_forest_seal_stone_rulebox_tests" end time: Jul 18 18:03 UTC
"regidrago_forest_seal_stone_rulebox_tests" time elapsed: 00:00:00
----------------------------------------------------------

24/112 Testing: regidrago_fss_crispin_priority_tests
24/112 Test: regidrago_fss_crispin_priority_tests
Command: "/home/runner/work/pokemon-sims/pokemon-sims/build-finalize/regidrago_unified_tests" "fss_crispin_priority_tests"
Directory: /home/runner/work/pokemon-sims/pokemon-sims/build-finalize
"regidrago_fss_crispin_priority_tests" start time: Jul 18 18:03 UTC
Output:
----------------------------------------------------------
[ RUN      ] fss_crispin_priority_tests
[       OK ] fss_crispin_priority_tests
<end of output>
Test time =   0.00 sec
----------------------------------------------------------
Test Passed.
"regidrago_fss_crispin_priority_tests" end time: Jul 18 18:03 UTC
"regidrago_fss_crispin_priority_tests" time elapsed: 00:00:00
----------------------------------------------------------

25/112 Testing: regidrago_fss_hold_trace_requires_tool_tests
25/112 Test: regidrago_fss_hold_trace_requires_tool_tests
Command: "/home/runner/work/pokemon-sims/pokemon-sims/build-finalize/regidrago_unified_tests" "fss_hold_trace_requires_tool_tests"
Directory: /home/runner/work/pokemon-sims/pokemon-sims/build-finalize
"regidrago_fss_hold_trace_requires_tool_tests" start time: Jul 18 18:03 UTC
Output:
----------------------------------------------------------
[ RUN      ] fss_hold_trace_requires_tool_tests
[       OK ] fss_hold_trace_requires_tool_tests
<end of output>
Test time =   0.00 sec
----------------------------------------------------------
Test Passed.
"regidrago_fss_hold_trace_requires_tool_tests" end time: Jul 18 18:03 UTC
"regidrago_fss_hold_trace_requires_tool_tests" time elapsed: 00:00:00
----------------------------------------------------------

26/112 Testing: regidrago_fss_tate_blender_payload_tests
26/112 Test: regidrago_fss_tate_blender_payload_tests
Command: "/home/runner/work/pokemon-sims/pokemon-sims/build-finalize/regidrago_unified_tests" "fss_tate_blender_payload_tests"
Directory: /home/runner/work/pokemon-sims/pokemon-sims/build-finalize
"regidrago_fss_tate_blender_payload_tests" start time: Jul 18 18:03 UTC
Output:
----------------------------------------------------------
[ RUN      ] fss_tate_blender_payload_tests
FSS held-payload Item tests passed
[       OK ] fss_tate_blender_payload_tests
<end of output>
Test time =   0.00 sec
----------------------------------------------------------
Test Passed.
"regidrago_fss_tate_blender_payload_tests" end time: Jul 18 18:03 UTC
"regidrago_fss_tate_blender_payload_tests" time elapsed: 00:00:00
----------------------------------------------------------

27/112 Testing: regidrago_full_turn_order_tests
27/112 Test: regidrago_full_turn_order_tests
Command: "/home/runner/work/pokemon-sims/pokemon-sims/build-finalize/regidrago_unified_tests" "full_turn_order_tests"
Directory: /home/runner/work/pokemon-sims/pokemon-sims/build-finalize
"regidrago_full_turn_order_tests" start time: Jul 18 18:03 UTC
Output:
----------------------------------------------------------
[ RUN      ] full_turn_order_tests
[       OK ] full_turn_order_tests
<end of output>
Test time =   0.00 sec
----------------------------------------------------------
Test Passed.
"regidrago_full_turn_order_tests" end time: Jul 18 18:03 UTC
"regidrago_full_turn_order_tests" time elapsed: 00:00:00
----------------------------------------------------------

28/112 Testing: regidrago_gladion_erika_low_impact_tests
28/112 Test: regidrago_gladion_erika_low_impact_tests
Command: "/home/runner/work/pokemon-sims/pokemon-sims/build-finalize/regidrago_unified_tests" "gladion_erika_low_impact_tests"
Directory: /home/runner/work/pokemon-sims/pokemon-sims/build-finalize
"regidrago_gladion_erika_low_impact_tests" start time: Jul 18 18:03 UTC
Output:
----------------------------------------------------------
[ RUN      ] gladion_erika_low_impact_tests
Gladion Erika low-impact tests passed
[       OK ] gladion_erika_low_impact_tests
<end of output>
Test time =   0.00 sec
----------------------------------------------------------
Test Passed.
"regidrago_gladion_erika_low_impact_tests" end time: Jul 18 18:03 UTC
"regidrago_gladion_erika_low_impact_tests" time elapsed: 00:00:00
----------------------------------------------------------

29/112 Testing: regidrago_gladion_mysterious_treasure_ultra_cost_tests
29/112 Test: regidrago_gladion_mysterious_treasure_ultra_cost_tests
Command: "/home/runner/work/pokemon-sims/pokemon-sims/build-finalize/regidrago_unified_tests" "gladion_mysterious_treasure_ultra_cost_tests"
Directory: /home/runner/work/pokemon-sims/pokemon-sims/build-finalize
"regidrago_gladion_mysterious_treasure_ultra_cost_tests" start time: Jul 18 18:03 UTC
Output:
----------------------------------------------------------
[ RUN      ] gladion_mysterious_treasure_ultra_cost_tests
[       OK ] gladion_mysterious_treasure_ultra_cost_tests
<end of output>
Test time =   0.00 sec
----------------------------------------------------------
Test Passed.
"regidrago_gladion_mysterious_treasure_ultra_cost_tests" end time: Jul 18 18:03 UTC
"regidrago_gladion_mysterious_treasure_ultra_cost_tests" time elapsed: 00:00:00
----------------------------------------------------------

30/112 Testing: regidrago_gladion_revealed_axis_tests
30/112 Test: regidrago_gladion_revealed_axis_tests
Command: "/home/runner/work/pokemon-sims/pokemon-sims/build-finalize/regidrago_unified_tests" "gladion_revealed_axis_tests"
Directory: /home/runner/work/pokemon-sims/pokemon-sims/build-finalize
"regidrago_gladion_revealed_axis_tests" start time: Jul 18 18:03 UTC
Output:
----------------------------------------------------------
[ RUN      ] gladion_revealed_axis_tests
[       OK ] gladion_revealed_axis_tests
<end of output>
Test time =   0.00 sec
----------------------------------------------------------
Test Passed.
"regidrago_gladion_revealed_axis_tests" end time: Jul 18 18:03 UTC
"regidrago_gladion_revealed_axis_tests" time elapsed: 00:00:00
----------------------------------------------------------

31/112 Testing: regidrago_gladion_serena_item_lock_tests
31/112 Test: regidrago_gladion_serena_item_lock_tests
Command: "/home/runner/work/pokemon-sims/pokemon-sims/build-finalize/regidrago_unified_tests" "gladion_serena_item_lock_tests"
Directory: /home/runner/work/pokemon-sims/pokemon-sims/build-finalize
"regidrago_gladion_serena_item_lock_tests" start time: Jul 18 18:03 UTC
Output:
----------------------------------------------------------
[ RUN      ] gladion_serena_item_lock_tests
[       OK ] gladion_serena_item_lock_tests
<end of output>
Test time =   0.00 sec
----------------------------------------------------------
Test Passed.
"regidrago_gladion_serena_item_lock_tests" end time: Jul 18 18:03 UTC
"regidrago_gladion_serena_item_lock_tests" time elapsed: 00:00:00
----------------------------------------------------------

32/112 Testing: regidrago_gladion_unpayable_search_tests
32/112 Test: regidrago_gladion_unpayable_search_tests
Command: "/home/runner/work/pokemon-sims/pokemon-sims/build-finalize/regidrago_unified_tests" "gladion_unpayable_search_tests"
Directory: /home/runner/work/pokemon-sims/pokemon-sims/build-finalize
"regidrago_gladion_unpayable_search_tests" start time: Jul 18 18:03 UTC
Output:
----------------------------------------------------------
[ RUN      ] gladion_unpayable_search_tests
[       OK ] gladion_unpayable_search_tests
<end of output>
Test time =   0.00 sec
----------------------------------------------------------
Test Passed.
"regidrago_gladion_unpayable_search_tests" end time: Jul 18 18:03 UTC
"regidrago_gladion_unpayable_search_tests" time elapsed: 00:00:00
----------------------------------------------------------

33/112 Testing: regidrago_guzma_opponent_bench_tests
33/112 Test: regidrago_guzma_opponent_bench_tests
Command: "/home/runner/work/pokemon-sims/pokemon-sims/build-finalize/regidrago_unified_tests" "guzma_opponent_bench_tests"
Directory: /home/runner/work/pokemon-sims/pokemon-sims/build-finalize
"regidrago_guzma_opponent_bench_tests" start time: Jul 18 18:03 UTC
Output:
----------------------------------------------------------
[ RUN      ] guzma_opponent_bench_tests
guzma opponent-Bench regressions passed
[       OK ] guzma_opponent_bench_tests
<end of output>
Test time =   0.00 sec
----------------------------------------------------------
Test Passed.
"regidrago_guzma_opponent_bench_tests" end time: Jul 18 18:03 UTC
"regidrago_guzma_opponent_bench_tests" time elapsed: 00:00:00
----------------------------------------------------------

34/112 Testing: regidrago_k0_mysterious_treasure_target_tests
34/112 Test: regidrago_k0_mysterious_treasure_target_tests
Command: "/home/runner/work/pokemon-sims/pokemon-sims/build-finalize/regidrago_unified_tests" "k0_mysterious_treasure_target_tests"
Directory: /home/runner/work/pokemon-sims/pokemon-sims/build-finalize
"regidrago_k0_mysterious_treasure_target_tests" start time: Jul 18 18:03 UTC
Output:
----------------------------------------------------------
[ RUN      ] k0_mysterious_treasure_target_tests
K0 Mysterious Treasure target tests passed
[       OK ] k0_mysterious_treasure_target_tests
<end of output>
Test time =   0.00 sec
----------------------------------------------------------
Test Passed.
"regidrago_k0_mysterious_treasure_target_tests" end time: Jul 18 18:03 UTC
"regidrago_k0_mysterious_treasure_target_tests" time elapsed: 00:00:00
----------------------------------------------------------

35/112 Testing: regidrago_k0_quick_ball_target_tests
35/112 Test: regidrago_k0_quick_ball_target_tests
Command: "/home/runner/work/pokemon-sims/pokemon-sims/build-finalize/regidrago_unified_tests" "k0_quick_ball_target_tests"
Directory: /home/runner/work/pokemon-sims/pokemon-sims/build-finalize
"regidrago_k0_quick_ball_target_tests" start time: Jul 18 18:03 UTC
Output:
----------------------------------------------------------
[ RUN      ] k0_quick_ball_target_tests
K0 Quick Ball target tests passed
[       OK ] k0_quick_ball_target_tests
<end of output>
Test time =   0.00 sec
----------------------------------------------------------
Test Passed.
"regidrago_k0_quick_ball_target_tests" end time: Jul 18 18:03 UTC
"regidrago_k0_quick_ball_target_tests" time elapsed: 00:00:00
----------------------------------------------------------

36/112 Testing: regidrago_k0_ultra_ball_target_tests
36/112 Test: regidrago_k0_ultra_ball_target_tests
Command: "/home/runner/work/pokemon-sims/pokemon-sims/build-finalize/regidrago_unified_tests" "k0_ultra_ball_target_tests"
Directory: /home/runner/work/pokemon-sims/pokemon-sims/build-finalize
"regidrago_k0_ultra_ball_target_tests" start time: Jul 18 18:03 UTC
Output:
----------------------------------------------------------
[ RUN      ] k0_ultra_ball_target_tests
K0 Ultra Ball target tests passed
[       OK ] k0_ultra_ball_target_tests
<end of output>
Test time =   0.00 sec
----------------------------------------------------------
Test Passed.
"regidrago_k0_ultra_ball_target_tests" end time: Jul 18 18:03 UTC
"regidrago_k0_ultra_ball_target_tests" time elapsed: 00:00:00
----------------------------------------------------------

37/112 Testing: regidrago_known_dead_payload_tests
37/112 Test: regidrago_known_dead_payload_tests
Command: "/home/runner/work/pokemon-sims/pokemon-sims/build-finalize/regidrago_unified_tests" "known_dead_payload_tests"
Directory: /home/runner/work/pokemon-sims/pokemon-sims/build-finalize
"regidrago_known_dead_payload_tests" start time: Jul 18 18:03 UTC
Output:
----------------------------------------------------------
[ RUN      ] known_dead_payload_tests
[       OK ] known_dead_payload_tests
<end of output>
Test time =   0.00 sec
----------------------------------------------------------
Test Passed.
"regidrago_known_dead_payload_tests" end time: Jul 18 18:03 UTC
"regidrago_known_dead_payload_tests" time elapsed: 00:00:00
----------------------------------------------------------

38/112 Testing: regidrago_late_item_supporter_tests
38/112 Test: regidrago_late_item_supporter_tests
Command: "/home/runner/work/pokemon-sims/pokemon-sims/build-finalize/regidrago_unified_tests" "late_item_supporter_tests"
Directory: /home/runner/work/pokemon-sims/pokemon-sims/build-finalize
"regidrago_late_item_supporter_tests" start time: Jul 18 18:03 UTC
Output:
----------------------------------------------------------
[ RUN      ] late_item_supporter_tests
[       OK ] late_item_supporter_tests
<end of output>
Test time =   0.00 sec
----------------------------------------------------------
Test Passed.
"regidrago_late_item_supporter_tests" end time: Jul 18 18:03 UTC
"regidrago_late_item_supporter_tests" time elapsed: 00:00:00
----------------------------------------------------------

39/112 Testing: regidrago_late_steven_basic_connector_tests
39/112 Test: regidrago_late_steven_basic_connector_tests
Command: "/home/runner/work/pokemon-sims/pokemon-sims/build-finalize/regidrago_unified_tests" "late_steven_basic_connector_tests"
Directory: /home/runner/work/pokemon-sims/pokemon-sims/build-finalize
"regidrago_late_steven_basic_connector_tests" start time: Jul 18 18:03 UTC
Output:
----------------------------------------------------------
[ RUN      ] late_steven_basic_connector_tests
[       OK ] late_steven_basic_connector_tests
<end of output>
Test time =   0.00 sec
----------------------------------------------------------
Test Passed.
"regidrago_late_steven_basic_connector_tests" end time: Jul 18 18:03 UTC
"regidrago_late_steven_basic_connector_tests" time elapsed: 00:00:00
----------------------------------------------------------

40/112 Testing: regidrago_late_steven_t3_compression_tests
40/112 Test: regidrago_late_steven_t3_compression_tests
Command: "/home/runner/work/pokemon-sims/pokemon-sims/build-finalize/regidrago_unified_tests" "late_steven_t3_compression_tests"
Directory: /home/runner/work/pokemon-sims/pokemon-sims/build-finalize
"regidrago_late_steven_t3_compression_tests" start time: Jul 18 18:03 UTC
Output:
----------------------------------------------------------
[ RUN      ] late_steven_t3_compression_tests
[       OK ] late_steven_t3_compression_tests
<end of output>
Test time =   0.00 sec
----------------------------------------------------------
Test Passed.
"regidrago_late_steven_t3_compression_tests" end time: Jul 18 18:03 UTC
"regidrago_late_steven_t3_compression_tests" time elapsed: 00:00:00
----------------------------------------------------------

42/112 Testing: regidrago_legacy_star_duplicate_incense_ultra_tests
42/112 Test: regidrago_legacy_star_duplicate_incense_ultra_tests
Command: "/home/runner/work/pokemon-sims/pokemon-sims/build-finalize/regidrago_unified_tests" "legacy_star_duplicate_incense_ultra_tests"
Directory: /home/runner/work/pokemon-sims/pokemon-sims/build-finalize
"regidrago_legacy_star_duplicate_incense_ultra_tests" start time: Jul 18 18:03 UTC
Output:
----------------------------------------------------------
[ RUN      ] legacy_star_duplicate_incense_ultra_tests
[       OK ] legacy_star_duplicate_incense_ultra_tests
<end of output>
Test time =   0.00 sec
----------------------------------------------------------
Test Passed.
"regidrago_legacy_star_duplicate_incense_ultra_tests" end time: Jul 18 18:03 UTC
"regidrago_legacy_star_duplicate_incense_ultra_tests" time elapsed: 00:00:00
----------------------------------------------------------

41/112 Testing: regidrago_latias_free_retreat_priority_tests
41/112 Test: regidrago_latias_free_retreat_priority_tests
Command: "/home/runner/work/pokemon-sims/pokemon-sims/build-finalize/regidrago_unified_tests" "latias_free_retreat_priority_tests"
Directory: /home/runner/work/pokemon-sims/pokemon-sims/build-finalize
"regidrago_latias_free_retreat_priority_tests" start time: Jul 18 18:03 UTC
Output:
----------------------------------------------------------
[ RUN      ] latias_free_retreat_priority_tests
[       OK ] latias_free_retreat_priority_tests
<end of output>
Test time =   0.00 sec
----------------------------------------------------------
Test Passed.
"regidrago_latias_free_retreat_priority_tests" end time: Jul 18 18:03 UTC
"regidrago_latias_free_retreat_priority_tests" time elapsed: 00:00:00
----------------------------------------------------------

43/112 Testing: regidrago_legacy_star_evolution_incense_payload_tests
43/112 Test: regidrago_legacy_star_evolution_incense_payload_tests
Command: "/home/runner/work/pokemon-sims/pokemon-sims/build-finalize/regidrago_unified_tests" "legacy_star_evolution_incense_payload_tests"
Directory: /home/runner/work/pokemon-sims/pokemon-sims/build-finalize
"regidrago_legacy_star_evolution_incense_payload_tests" start time: Jul 18 18:03 UTC
Output:
----------------------------------------------------------
[ RUN      ] legacy_star_evolution_incense_payload_tests
[       OK ] legacy_star_evolution_incense_payload_tests
<end of output>
Test time =   0.00 sec
----------------------------------------------------------
Test Passed.
"regidrago_legacy_star_evolution_incense_payload_tests" end time: Jul 18 18:03 UTC
"regidrago_legacy_star_evolution_incense_payload_tests" time elapsed: 00:00:00
----------------------------------------------------------

44/112 Testing: regidrago_legacy_star_latias_recovery_tests
44/112 Test: regidrago_legacy_star_latias_recovery_tests
Command: "/home/runner/work/pokemon-sims/pokemon-sims/build-finalize/regidrago_unified_tests" "legacy_star_latias_recovery_tests"
Directory: /home/runner/work/pokemon-sims/pokemon-sims/build-finalize
"regidrago_legacy_star_latias_recovery_tests" start time: Jul 18 18:03 UTC
Output:
----------------------------------------------------------
[ RUN      ] legacy_star_latias_recovery_tests
legacy star Latias recovery tests passed
[       OK ] legacy_star_latias_recovery_tests
<end of output>
Test time =   0.00 sec
----------------------------------------------------------
Test Passed.
"regidrago_legacy_star_latias_recovery_tests" end time: Jul 18 18:03 UTC
"regidrago_legacy_star_latias_recovery_tests" time elapsed: 00:00:00
----------------------------------------------------------

45/112 Testing: regidrago_legacy_star_vessel_payload_cost_tests
45/112 Test: regidrago_legacy_star_vessel_payload_cost_tests
Command: "/home/runner/work/pokemon-sims/pokemon-sims/build-finalize/regidrago_unified_tests" "legacy_star_vessel_payload_cost_tests"
Directory: /home/runner/work/pokemon-sims/pokemon-sims/build-finalize
"regidrago_legacy_star_vessel_payload_cost_tests" start time: Jul 18 18:03 UTC
Output:
----------------------------------------------------------
[ RUN      ] legacy_star_vessel_payload_cost_tests
Legacy Star recovery bridge tests passed
[       OK ] legacy_star_vessel_payload_cost_tests
<end of output>
Test time =   0.00 sec
----------------------------------------------------------
Test Passed.
"regidrago_legacy_star_vessel_payload_cost_tests" end time: Jul 18 18:03 UTC
"regidrago_legacy_star_vessel_payload_cost_tests" time elapsed: 00:00:00
----------------------------------------------------------

46/112 Testing: regidrago_lusamine_arven_fss_payload_tests
46/112 Test: regidrago_lusamine_arven_fss_payload_tests
Command: "/home/runner/work/pokemon-sims/pokemon-sims/build-finalize/regidrago_unified_tests" "lusamine_arven_fss_payload_tests"
Directory: /home/runner/work/pokemon-sims/pokemon-sims/build-finalize
"regidrago_lusamine_arven_fss_payload_tests" start time: Jul 18 18:03 UTC
Output:
----------------------------------------------------------
[ RUN      ] lusamine_arven_fss_payload_tests
Lusamine Arven-FSS payload tests passed
[       OK ] lusamine_arven_fss_payload_tests
<end of output>
Test time =   0.00 sec
----------------------------------------------------------
Test Passed.
"regidrago_lusamine_arven_fss_payload_tests" end time: Jul 18 18:03 UTC
"regidrago_lusamine_arven_fss_payload_tests" time elapsed: 00:00:00
----------------------------------------------------------

47/112 Testing: regidrago_lusamine_arven_item_lock_tests
47/112 Test: regidrago_lusamine_arven_item_lock_tests
Command: "/home/runner/work/pokemon-sims/pokemon-sims/build-finalize/regidrago_unified_tests" "lusamine_arven_item_lock_tests"
Directory: /home/runner/work/pokemon-sims/pokemon-sims/build-finalize
"regidrago_lusamine_arven_item_lock_tests" start time: Jul 18 18:03 UTC
Output:
----------------------------------------------------------
[ RUN      ] lusamine_arven_item_lock_tests
[       OK ] lusamine_arven_item_lock_tests
<end of output>
Test time =   0.00 sec
----------------------------------------------------------
Test Passed.
"regidrago_lusamine_arven_item_lock_tests" end time: Jul 18 18:03 UTC
"regidrago_lusamine_arven_item_lock_tests" time elapsed: 00:00:00
----------------------------------------------------------

49/112 Testing: regidrago_mysterious_treasure_payload_continuation_tests
49/112 Test: regidrago_mysterious_treasure_payload_continuation_tests
Command: "/home/runner/work/pokemon-sims/pokemon-sims/build-finalize/regidrago_unified_tests" "mysterious_treasure_payload_continuation_tests"
Directory: /home/runner/work/pokemon-sims/pokemon-sims/build-finalize
"regidrago_mysterious_treasure_payload_continuation_tests" start time: Jul 18 18:03 UTC
Output:
----------------------------------------------------------
[ RUN      ] mysterious_treasure_payload_continuation_tests
[       OK ] mysterious_treasure_payload_continuation_tests
<end of output>
Test time =   0.00 sec
----------------------------------------------------------
Test Passed.
"regidrago_mysterious_treasure_payload_continuation_tests" end time: Jul 18 18:03 UTC
"regidrago_mysterious_treasure_payload_continuation_tests" time elapsed: 00:00:00
----------------------------------------------------------

48/112 Testing: regidrago_lusamine_erika_fallback_tests
48/112 Test: regidrago_lusamine_erika_fallback_tests
Command: "/home/runner/work/pokemon-sims/pokemon-sims/build-finalize/regidrago_unified_tests" "lusamine_erika_fallback_tests"
Directory: /home/runner/work/pokemon-sims/pokemon-sims/build-finalize
"regidrago_lusamine_erika_fallback_tests" start time: Jul 18 18:03 UTC
Output:
----------------------------------------------------------
[ RUN      ] lusamine_erika_fallback_tests
[       OK ] lusamine_erika_fallback_tests
<end of output>
Test time =   0.00 sec
----------------------------------------------------------
Test Passed.
"regidrago_lusamine_erika_fallback_tests" end time: Jul 18 18:03 UTC
"regidrago_lusamine_erika_fallback_tests" time elapsed: 00:00:00
----------------------------------------------------------

50/112 Testing: regidrago_mysterious_treasure_redundant_payload_tests
50/112 Test: regidrago_mysterious_treasure_redundant_payload_tests
Command: "/home/runner/work/pokemon-sims/pokemon-sims/build-finalize/regidrago_unified_tests" "mysterious_treasure_redundant_payload_tests"
Directory: /home/runner/work/pokemon-sims/pokemon-sims/build-finalize
"regidrago_mysterious_treasure_redundant_payload_tests" start time: Jul 18 18:03 UTC
Output:
----------------------------------------------------------
[ RUN      ] mysterious_treasure_redundant_payload_tests
Mysterious Treasure redundant-payload tests passed
[       OK ] mysterious_treasure_redundant_payload_tests
<end of output>
Test time =   0.00 sec
----------------------------------------------------------
Test Passed.
"regidrago_mysterious_treasure_redundant_payload_tests" end time: Jul 18 18:03 UTC
"regidrago_mysterious_treasure_redundant_payload_tests" time elapsed: 00:00:00
----------------------------------------------------------

51/112 Testing: regidrago_no_redundant_item_tests
51/112 Test: regidrago_no_redundant_item_tests
Command: "/home/runner/work/pokemon-sims/pokemon-sims/build-finalize/regidrago_unified_tests" "no_redundant_item_tests"
Directory: /home/runner/work/pokemon-sims/pokemon-sims/build-finalize
"regidrago_no_redundant_item_tests" start time: Jul 18 18:03 UTC
Output:
----------------------------------------------------------
[ RUN      ] no_redundant_item_tests
[       OK ] no_redundant_item_tests
<end of output>
Test time =   0.00 sec
----------------------------------------------------------
Test Passed.
"regidrago_no_redundant_item_tests" end time: Jul 18 18:03 UTC
"regidrago_no_redundant_item_tests" time elapsed: 00:00:00
----------------------------------------------------------

52/112 Testing: regidrago_opening_active_dialga_payload_tests
52/112 Test: regidrago_opening_active_dialga_payload_tests
Command: "/home/runner/work/pokemon-sims/pokemon-sims/build-finalize/regidrago_unified_tests" "opening_active_dialga_payload_tests"
Directory: /home/runner/work/pokemon-sims/pokemon-sims/build-finalize
"regidrago_opening_active_dialga_payload_tests" start time: Jul 18 18:03 UTC
Output:
----------------------------------------------------------
[ RUN      ] opening_active_dialga_payload_tests
[       OK ] opening_active_dialga_payload_tests
<end of output>
Test time =   0.00 sec
----------------------------------------------------------
Test Passed.
"regidrago_opening_active_dialga_payload_tests" end time: Jul 18 18:03 UTC
"regidrago_opening_active_dialga_payload_tests" time elapsed: 00:00:00
----------------------------------------------------------

53/112 Testing: regidrago_opening_bench_tapu_route_tests
53/112 Test: regidrago_opening_bench_tapu_route_tests
Command: "/home/runner/work/pokemon-sims/pokemon-sims/build-finalize/regidrago_unified_tests" "opening_bench_tapu_route_tests"
Directory: /home/runner/work/pokemon-sims/pokemon-sims/build-finalize
"regidrago_opening_bench_tapu_route_tests" start time: Jul 18 18:03 UTC
Output:
----------------------------------------------------------
[ RUN      ] opening_bench_tapu_route_tests
[       OK ] opening_bench_tapu_route_tests
<end of output>
Test time =   0.00 sec
----------------------------------------------------------
Test Passed.
"regidrago_opening_bench_tapu_route_tests" end time: Jul 18 18:03 UTC
"regidrago_opening_bench_tapu_route_tests" time elapsed: 00:00:00
----------------------------------------------------------

54/112 Testing: regidrago_opening_latias_bench_tests
54/112 Test: regidrago_opening_latias_bench_tests
Command: "/home/runner/work/pokemon-sims/pokemon-sims/build-finalize/regidrago_unified_tests" "opening_latias_bench_tests"
Directory: /home/runner/work/pokemon-sims/pokemon-sims/build-finalize
"regidrago_opening_latias_bench_tests" start time: Jul 18 18:03 UTC
Output:
----------------------------------------------------------
[ RUN      ] opening_latias_bench_tests
[       OK ] opening_latias_bench_tests
<end of output>
Test time =   0.00 sec
----------------------------------------------------------
Test Passed.
"regidrago_opening_latias_bench_tests" end time: Jul 18 18:03 UTC
"regidrago_opening_latias_bench_tests" time elapsed: 00:00:00
----------------------------------------------------------

55/112 Testing: regidrago_opening_oricorio_dialga_lock_route_tests
55/112 Test: regidrago_opening_oricorio_dialga_lock_route_tests
Command: "/home/runner/work/pokemon-sims/pokemon-sims/build-finalize/regidrago_unified_tests" "opening_oricorio_dialga_lock_route_tests"
Directory: /home/runner/work/pokemon-sims/pokemon-sims/build-finalize
"regidrago_opening_oricorio_dialga_lock_route_tests" start time: Jul 18 18:03 UTC
Output:
----------------------------------------------------------
[ RUN      ] opening_oricorio_dialga_lock_route_tests
[       OK ] opening_oricorio_dialga_lock_route_tests
<end of output>
Test time =   0.00 sec
----------------------------------------------------------
Test Passed.
"regidrago_opening_oricorio_dialga_lock_route_tests" end time: Jul 18 18:03 UTC
"regidrago_opening_oricorio_dialga_lock_route_tests" time elapsed: 00:00:00
----------------------------------------------------------

56/112 Testing: regidrago_opening_oricorio_dialga_no_lock_tests
56/112 Test: regidrago_opening_oricorio_dialga_no_lock_tests
Command: "/home/runner/work/pokemon-sims/pokemon-sims/build-finalize/regidrago_unified_tests" "opening_oricorio_dialga_no_lock_tests"
Directory: /home/runner/work/pokemon-sims/pokemon-sims/build-finalize
"regidrago_opening_oricorio_dialga_no_lock_tests" start time: Jul 18 18:03 UTC
Output:
----------------------------------------------------------
[ RUN      ] opening_oricorio_dialga_no_lock_tests
[       OK ] opening_oricorio_dialga_no_lock_tests
<end of output>
Test time =   0.00 sec
----------------------------------------------------------
Test Passed.
"regidrago_opening_oricorio_dialga_no_lock_tests" end time: Jul 18 18:03 UTC
"regidrago_opening_oricorio_dialga_no_lock_tests" time elapsed: 00:00:00
----------------------------------------------------------

57/112 Testing: regidrago_opening_oricorio_dialga_payability_tests
57/112 Test: regidrago_opening_oricorio_dialga_payability_tests
Command: "/home/runner/work/pokemon-sims/pokemon-sims/build-finalize/regidrago_unified_tests" "opening_oricorio_dialga_payability_tests"
Directory: /home/runner/work/pokemon-sims/pokemon-sims/build-finalize
"regidrago_opening_oricorio_dialga_payability_tests" start time: Jul 18 18:03 UTC
Output:
----------------------------------------------------------
[ RUN      ] opening_oricorio_dialga_payability_tests
[       OK ] opening_oricorio_dialga_payability_tests
<end of output>
Test time =   0.00 sec
----------------------------------------------------------
Test Passed.
"regidrago_opening_oricorio_dialga_payability_tests" end time: Jul 18 18:03 UTC
"regidrago_opening_oricorio_dialga_payability_tests" time elapsed: 00:00:00
----------------------------------------------------------

58/112 Testing: regidrago_opening_tapu_oricorio_tests
58/112 Test: regidrago_opening_tapu_oricorio_tests
Command: "/home/runner/work/pokemon-sims/pokemon-sims/build-finalize/regidrago_unified_tests" "opening_tapu_oricorio_tests"
Directory: /home/runner/work/pokemon-sims/pokemon-sims/build-finalize
"regidrago_opening_tapu_oricorio_tests" start time: Jul 18 18:03 UTC
Output:
----------------------------------------------------------
[ RUN      ] opening_tapu_oricorio_tests
[       OK ] opening_tapu_oricorio_tests
<end of output>
Test time =   0.00 sec
----------------------------------------------------------
Test Passed.
"regidrago_opening_tapu_oricorio_tests" end time: Jul 18 18:03 UTC
"regidrago_opening_tapu_oricorio_tests" time elapsed: 00:00:00
----------------------------------------------------------

59/112 Testing: regidrago_oricorio_burnet_compression_tests
59/112 Test: regidrago_oricorio_burnet_compression_tests
Command: "/home/runner/work/pokemon-sims/pokemon-sims/build-finalize/regidrago_unified_tests" "oricorio_burnet_compression_tests"
Directory: /home/runner/work/pokemon-sims/pokemon-sims/build-finalize
"regidrago_oricorio_burnet_compression_tests" start time: Jul 18 18:03 UTC
Output:
----------------------------------------------------------
[ RUN      ] oricorio_burnet_compression_tests
[       OK ] oricorio_burnet_compression_tests
<end of output>
Test time =   0.00 sec
----------------------------------------------------------
Test Passed.
"regidrago_oricorio_burnet_compression_tests" end time: Jul 18 18:03 UTC
"regidrago_oricorio_burnet_compression_tests" time elapsed: 00:00:00
----------------------------------------------------------

60/112 Testing: regidrago_oricorio_full_energy_search_tests
60/112 Test: regidrago_oricorio_full_energy_search_tests
Command: "/home/runner/work/pokemon-sims/pokemon-sims/build-finalize/regidrago_unified_tests" "oricorio_full_energy_search_tests"
Directory: /home/runner/work/pokemon-sims/pokemon-sims/build-finalize
"regidrago_oricorio_full_energy_search_tests" start time: Jul 18 18:03 UTC
Output:
----------------------------------------------------------
[ RUN      ] oricorio_full_energy_search_tests
[       OK ] oricorio_full_energy_search_tests
<end of output>
Test time =   0.00 sec
----------------------------------------------------------
Test Passed.
"regidrago_oricorio_full_energy_search_tests" end time: Jul 18 18:03 UTC
"regidrago_oricorio_full_energy_search_tests" time elapsed: 00:00:00
----------------------------------------------------------

61/112 Testing: regidrago_oricorio_type_sensitive_energy_tests
61/112 Test: regidrago_oricorio_type_sensitive_energy_tests
Command: "/home/runner/work/pokemon-sims/pokemon-sims/build-finalize/regidrago_unified_tests" "oricorio_type_sensitive_energy_tests"
Directory: /home/runner/work/pokemon-sims/pokemon-sims/build-finalize
"regidrago_oricorio_type_sensitive_energy_tests" start time: Jul 18 18:03 UTC
Output:
----------------------------------------------------------
[ RUN      ] oricorio_type_sensitive_energy_tests
[       OK ] oricorio_type_sensitive_energy_tests
<end of output>
Test time =   0.00 sec
----------------------------------------------------------
Test Passed.
"regidrago_oricorio_type_sensitive_energy_tests" end time: Jul 18 18:03 UTC
"regidrago_oricorio_type_sensitive_energy_tests" time elapsed: 00:00:00
----------------------------------------------------------

62/112 Testing: regidrago_pokemon_communication_duplicate_tapu_tests
62/112 Test: regidrago_pokemon_communication_duplicate_tapu_tests
Command: "/home/runner/work/pokemon-sims/pokemon-sims/build-finalize/regidrago_unified_tests" "pokemon_communication_duplicate_tapu_tests"
Directory: /home/runner/work/pokemon-sims/pokemon-sims/build-finalize
"regidrago_pokemon_communication_duplicate_tapu_tests" start time: Jul 18 18:03 UTC
Output:
----------------------------------------------------------
[ RUN      ] pokemon_communication_duplicate_tapu_tests
[       OK ] pokemon_communication_duplicate_tapu_tests
<end of output>
Test time =   0.00 sec
----------------------------------------------------------
Test Passed.
"regidrago_pokemon_communication_duplicate_tapu_tests" end time: Jul 18 18:03 UTC
"regidrago_pokemon_communication_duplicate_tapu_tests" time elapsed: 00:00:00
----------------------------------------------------------

63/112 Testing: regidrago_pokemon_communication_post_exchange_target_tests
63/112 Test: regidrago_pokemon_communication_post_exchange_target_tests
Command: "/home/runner/work/pokemon-sims/pokemon-sims/build-finalize/regidrago_unified_tests" "pokemon_communication_post_exchange_target_tests"
Directory: /home/runner/work/pokemon-sims/pokemon-sims/build-finalize
"regidrago_pokemon_communication_post_exchange_target_tests" start time: Jul 18 18:03 UTC
Output:
----------------------------------------------------------
[ RUN      ] pokemon_communication_post_exchange_target_tests
[       OK ] pokemon_communication_post_exchange_target_tests
<end of output>
Test time =   0.00 sec
----------------------------------------------------------
Test Passed.
"regidrago_pokemon_communication_post_exchange_target_tests" end time: Jul 18 18:03 UTC
"regidrago_pokemon_communication_post_exchange_target_tests" time elapsed: 00:00:00
----------------------------------------------------------

64/112 Testing: regidrago_pokemon_communication_recovery_zone_tests
64/112 Test: regidrago_pokemon_communication_recovery_zone_tests
Command: "/home/runner/work/pokemon-sims/pokemon-sims/build-finalize/regidrago_unified_tests" "pokemon_communication_recovery_zone_tests"
Directory: /home/runner/work/pokemon-sims/pokemon-sims/build-finalize
"regidrago_pokemon_communication_recovery_zone_tests" start time: Jul 18 18:03 UTC
Output:
----------------------------------------------------------
[ RUN      ] pokemon_communication_recovery_zone_tests
[       OK ] pokemon_communication_recovery_zone_tests
<end of output>
Test time =   0.00 sec
----------------------------------------------------------
Test Passed.
"regidrago_pokemon_communication_recovery_zone_tests" end time: Jul 18 18:03 UTC
"regidrago_pokemon_communication_recovery_zone_tests" time elapsed: 00:00:00
----------------------------------------------------------

66/112 Testing: regidrago_powerglass_end_turn_tests
66/112 Test: regidrago_powerglass_end_turn_tests
Command: "/home/runner/work/pokemon-sims/pokemon-sims/build-finalize/regidrago_unified_tests" "powerglass_end_turn_tests"
Directory: /home/runner/work/pokemon-sims/pokemon-sims/build-finalize
"regidrago_powerglass_end_turn_tests" start time: Jul 18 18:03 UTC
Output:
----------------------------------------------------------
[ RUN      ] powerglass_end_turn_tests
[       OK ] powerglass_end_turn_tests
<end of output>
Test time =   0.00 sec
----------------------------------------------------------
Test Passed.
"regidrago_powerglass_end_turn_tests" end time: Jul 18 18:03 UTC
"regidrago_powerglass_end_turn_tests" time elapsed: 00:00:00
----------------------------------------------------------

67/112 Testing: regidrago_quick_ball_ultra_ball_cost_tests
67/112 Test: regidrago_quick_ball_ultra_ball_cost_tests
Command: "/home/runner/work/pokemon-sims/pokemon-sims/build-finalize/regidrago_unified_tests" "quick_ball_ultra_ball_cost_tests"
Directory: /home/runner/work/pokemon-sims/pokemon-sims/build-finalize
"regidrago_quick_ball_ultra_ball_cost_tests" start time: Jul 18 18:03 UTC
Output:
----------------------------------------------------------
[ RUN      ] quick_ball_ultra_ball_cost_tests
[       OK ] quick_ball_ultra_ball_cost_tests
<end of output>
Test time =   0.00 sec
----------------------------------------------------------
Test Passed.
"regidrago_quick_ball_ultra_ball_cost_tests" end time: Jul 18 18:03 UTC
"regidrago_quick_ball_ultra_ball_cost_tests" time elapsed: 00:00:00
----------------------------------------------------------

68/112 Testing: regidrago_redundant_payload_vstar_search_tests
68/112 Test: regidrago_redundant_payload_vstar_search_tests
Command: "/home/runner/work/pokemon-sims/pokemon-sims/build-finalize/regidrago_unified_tests" "redundant_payload_vstar_search_tests"
Directory: /home/runner/work/pokemon-sims/pokemon-sims/build-finalize
"regidrago_redundant_payload_vstar_search_tests" start time: Jul 18 18:03 UTC
Output:
----------------------------------------------------------
[ RUN      ] redundant_payload_vstar_search_tests
[       OK ] redundant_payload_vstar_search_tests
<end of output>
Test time =   0.00 sec
----------------------------------------------------------
Test Passed.
"regidrago_redundant_payload_vstar_search_tests" end time: Jul 18 18:03 UTC
"regidrago_redundant_payload_vstar_search_tests" time elapsed: 00:00:00
----------------------------------------------------------

69/112 Testing: regidrago_regidrago_policy_tests
69/112 Test: regidrago_regidrago_policy_tests
Command: "/home/runner/work/pokemon-sims/pokemon-sims/build-finalize/regidrago_unified_tests" "regidrago_policy_tests"
Directory: /home/runner/work/pokemon-sims/pokemon-sims/build-finalize
"regidrago_regidrago_policy_tests" start time: Jul 18 18:03 UTC
Output:
----------------------------------------------------------
[ RUN      ] regidrago_policy_tests
PASS gladion_fetches_prized_vstar_only_when_no_route_exists
PASS gladion_is_not_burned_when_vstar_is_already_in_hand
PASS steven_fetches_burnet_before_turn_two_item_lock
PASS steven_uses_legal_fallback_when_preferred_card_is_prized
PASS steven_resolve_reserves_gladion_for_prized_vstar
PASS steven_skips_known_dead_crispin
PASS fss_finds_steven_on_turn_one_when_three_axes_are_missing
PASS fss_uses_a_fallback_when_vstar_is_not_in_deck
PASS fss_fetches_missing_basic_energy_for_manual_attachment
PASS fss_cannot_be_used_from_a_vstar_holder
PASS existing_fss_is_usable_under_item_lock
PASS fss_is_blocked_by_rule_box_lock
PASS crispin_attaches_only_with_two_different_energy_types
PASS crispin_single_type_only_puts_energy_in_hand
PASS earthen_vessel_can_take_two_grass
PASS strict_jit_holds_payload_before_turn_two
PASS no_control_allows_early_payload_banking
PASS blender_dominates_mysterious_treasure_when_no_search_axis_exists
PASS searches_use_legal_fallback_targets_after_deck_inspection
PASS heavy_ball_inspects_prizes_and_chains_tapu
PASS known_no_basic_prize_holds_heavy_ball_for_discard_cost
PASS k1_gladion_recovers_final_prized_energy
PASS heavy_ball_reveal_marks_crispin_dead
PASS fss_reveal_preserves_burnet_over_prized_energy
PASS celestial_roar_attached_energy_leaves_discard
PASS tate_draws_from_a_four_card_dead_hand
PASS tate_refreshes_a_five_card_dead_hand
PASS fss_fetches_gladion_for_final_prized_energy
PASS full_bench_blocks_basic_search_connectors
PASS strict_serena_uses_three_safe_discards
PASS heavy_ball_oricorio_preserves_burnet_supporter
PASS legacy_star_recovered_blender_is_played_same_turn
PASS legacy_star_recovered_crispin_is_played_same_turn
PASS legacy_star_recovers_burnet_for_deck_payload
PASS lusamine_recovers_only_live_axis_connectors
PASS wonder_tag_skips_known_dead_crispin
PASS payload_selectors_fetch_burnet_when_blender_is_unavailable
PASS live_burnet_preempts_arven_when_blender_is_absent
PASS tapu_fetches_burnet_without_item_lock_when_blender_is_not_live
PASS lusamine_recovers_current_axis_connectors
PASS arven_requires_a_live_item_or_tool_route
PASS oricorio_is_held_when_earthen_vessel_already_solves_energy
PASS oricorio_works_under_rule_box_lock
PASS tapu_is_blocked_by_rule_box_lock
PASS tapu_fetches_steven_when_it_is_the_live_turn_one_connector
PASS latias_retreat_is_basic_only
PASS tate_switch_is_selected_when_it_completes_active_axis
PASS strict_jit_requires_payload_to_be_in_discard_now_and_this_turn
PASS finished_setup_does_not_burn_serena
PASS arven_fetches_forest_seal_stone_during_item_lock
PASS arven_is_not_played_during_item_lock
PASS first_turn_restrictions_and_celestial_cost
PASS evolution_timing_and_single_manual_attachment
PASS item_lock_blocks_item_cards
PASS ultra_ball_discards_payload_in_jit_window
PASS dipplin_is_legal_treasure_fallback_but_not_payload_ready
PASS late_jit_item_search_evolves_in_the_same_turn
Policy fixtures: 57/57 passed
[       OK ] regidrago_policy_tests
<end of output>
Test time =   0.00 sec
----------------------------------------------------------
Test Passed.
"regidrago_regidrago_policy_tests" end time: Jul 18 18:03 UTC
"regidrago_regidrago_policy_tests" time elapsed: 00:00:00
----------------------------------------------------------

70/112 Testing: regidrago_regidrago_sim_tests
70/112 Test: regidrago_regidrago_sim_tests
Command: "/home/runner/work/pokemon-sims/pokemon-sims/build-finalize/regidrago_unified_tests" "regidrago_sim_tests"
Directory: /home/runner/work/pokemon-sims/pokemon-sims/build-finalize
"regidrago_regidrago_sim_tests" start time: Jul 18 18:03 UTC
Output:
----------------------------------------------------------
[ RUN      ] regidrago_sim_tests
[       OK ] regidrago_sim_tests
<end of output>
Test time =   0.00 sec
----------------------------------------------------------
Test Passed.
"regidrago_regidrago_sim_tests" end time: Jul 18 18:03 UTC
"regidrago_regidrago_sim_tests" time elapsed: 00:00:00
----------------------------------------------------------

71/112 Testing: regidrago_regidrago_tier2_tests
71/112 Test: regidrago_regidrago_tier2_tests
Command: "/home/runner/work/pokemon-sims/pokemon-sims/build-finalize/regidrago_unified_tests" "regidrago_tier2_tests"
Directory: /home/runner/work/pokemon-sims/pokemon-sims/build-finalize
"regidrago_regidrago_tier2_tests" start time: Jul 18 18:03 UTC
Output:
----------------------------------------------------------
[ RUN      ] regidrago_tier2_tests
PASS crispin_beats_arven
PASS steven_beats_arven
PASS search_then_known_gladion_beats_supporters
PASS k0_does_not_peek_prizes
PASS blind_gladion_is_critical_only
PASS fss_uses_oricorio_compression
PASS fss_uses_vessel_over_arven
PASS fss_uses_direct_arven_not_tapu_chain
PASS fss_uses_blender_for_payload
PASS known_lusamine_is_delayed_not_direct
PASS search_effects_persist_knowledge
PASS zero_target_crispin_rejects_no_effect_play
PASS k1_singleton_crispin_supplies_manual_energy
PASS tapu_avoids_redundant_arven
PASS tapu_uses_gladion_for_known_prized_vstar
PASS crispin_beats_known_prized_oricorio
PASS fss_holds_for_tate_switch
PASS fss_uses_gladion_for_known_prized_vstar
PASS heavy_ball_oricorio_compresses_energy
PASS ability_lock_blocks_latias_quick_ball_connector
PASS fss_is_blocked_by_rulebox_lock
PASS k1_heavy_ball_beats_still_live_quick_ball
PASS tate_draw_recovers_missing_vstar
PASS arven_uses_available_vstar_item_fallback
PASS fss_holds_for_live_crispin
PASS ultra_ball_holds_for_live_crispin
PASS costed_search_accepts_distinct_ultra_second_cost
PASS tapu_holds_for_three_ultra_vstar_route
PASS legacy_star_recovers_payable_incense_ultra_bridge
PASS legacy_star_rejects_final_card_incense_ultra_bridge
PASS legacy_star_rejects_unpayable_incense_ultra_bridge
Tier Two policy tests: 31/31 passed
[       OK ] regidrago_tier2_tests
<end of output>
Test time =   0.00 sec
----------------------------------------------------------
Test Passed.
"regidrago_regidrago_tier2_tests" end time: Jul 18 18:03 UTC
"regidrago_regidrago_tier2_tests" time elapsed: 00:00:00
----------------------------------------------------------

72/112 Testing: regidrago_roseanne_energy_recovery_tests
72/112 Test: regidrago_roseanne_energy_recovery_tests
Command: "/home/runner/work/pokemon-sims/pokemon-sims/build-finalize/regidrago_unified_tests" "roseanne_energy_recovery_tests"
Directory: /home/runner/work/pokemon-sims/pokemon-sims/build-finalize
"regidrago_roseanne_energy_recovery_tests" start time: Jul 18 18:03 UTC
Output:
----------------------------------------------------------
[ RUN      ] roseanne_energy_recovery_tests
[       OK ] roseanne_energy_recovery_tests
<end of output>
Test time =   0.00 sec
----------------------------------------------------------
Test Passed.
"regidrago_roseanne_energy_recovery_tests" end time: Jul 18 18:03 UTC
"regidrago_roseanne_energy_recovery_tests" time elapsed: 00:00:00
----------------------------------------------------------

73/112 Testing: regidrago_roseanne_pokemon_communication_zone_tests
73/112 Test: regidrago_roseanne_pokemon_communication_zone_tests
Command: "/home/runner/work/pokemon-sims/pokemon-sims/build-finalize/regidrago_unified_tests" "roseanne_pokemon_communication_zone_tests"
Directory: /home/runner/work/pokemon-sims/pokemon-sims/build-finalize
"regidrago_roseanne_pokemon_communication_zone_tests" start time: Jul 18 18:03 UTC
Output:
----------------------------------------------------------
[ RUN      ] roseanne_pokemon_communication_zone_tests
[       OK ] roseanne_pokemon_communication_zone_tests
<end of output>
Test time =   0.00 sec
----------------------------------------------------------
Test Passed.
"regidrago_roseanne_pokemon_communication_zone_tests" end time: Jul 18 18:03 UTC
"regidrago_roseanne_pokemon_communication_zone_tests" time elapsed: 00:00:00
----------------------------------------------------------

74/112 Testing: regidrago_route_reconciliation_tests
74/112 Test: regidrago_route_reconciliation_tests
Command: "/home/runner/work/pokemon-sims/pokemon-sims/build-finalize/regidrago_unified_tests" "route_reconciliation_tests"
Directory: /home/runner/work/pokemon-sims/pokemon-sims/build-finalize
"regidrago_route_reconciliation_tests" start time: Jul 18 18:03 UTC
Output:
----------------------------------------------------------
[ RUN      ] route_reconciliation_tests
route reconciliation tests passed
[       OK ] route_reconciliation_tests
<end of output>
Test time =   0.00 sec
----------------------------------------------------------
Test Passed.
"regidrago_route_reconciliation_tests" end time: Jul 18 18:03 UTC
"regidrago_route_reconciliation_tests" time elapsed: 00:00:00
----------------------------------------------------------

75/112 Testing: regidrago_serena_mandatory_discard_tests
75/112 Test: regidrago_serena_mandatory_discard_tests
Command: "/home/runner/work/pokemon-sims/pokemon-sims/build-finalize/regidrago_unified_tests" "serena_mandatory_discard_tests"
Directory: /home/runner/work/pokemon-sims/pokemon-sims/build-finalize
"regidrago_serena_mandatory_discard_tests" start time: Jul 18 18:03 UTC
Output:
----------------------------------------------------------
[ RUN      ] serena_mandatory_discard_tests
[       OK ] serena_mandatory_discard_tests
<end of output>
Test time =   0.00 sec
----------------------------------------------------------
Test Passed.
"regidrago_serena_mandatory_discard_tests" end time: Jul 18 18:03 UTC
"regidrago_serena_mandatory_discard_tests" time elapsed: 00:00:00
----------------------------------------------------------

76/112 Testing: regidrago_serena_zero_draw_tests
76/112 Test: regidrago_serena_zero_draw_tests
Command: "/home/runner/work/pokemon-sims/pokemon-sims/build-finalize/regidrago_unified_tests" "serena_zero_draw_tests"
Directory: /home/runner/work/pokemon-sims/pokemon-sims/build-finalize
"regidrago_serena_zero_draw_tests" start time: Jul 18 18:03 UTC
Output:
----------------------------------------------------------
[ RUN      ] serena_zero_draw_tests
[       OK ] serena_zero_draw_tests
<end of output>
Test time =   0.00 sec
----------------------------------------------------------
Test Passed.
"regidrago_serena_zero_draw_tests" end time: Jul 18 18:03 UTC
"regidrago_serena_zero_draw_tests" time elapsed: 00:00:00
----------------------------------------------------------

77/112 Testing: regidrago_stable_route_contract_tests
77/112 Test: regidrago_stable_route_contract_tests
Command: "/home/runner/work/pokemon-sims/pokemon-sims/build-finalize/regidrago_unified_tests" "stable_route_contract_tests"
Directory: /home/runner/work/pokemon-sims/pokemon-sims/build-finalize
"regidrago_stable_route_contract_tests" start time: Jul 18 18:03 UTC
Output:
----------------------------------------------------------
[ RUN      ] stable_route_contract_tests
[       OK ] stable_route_contract_tests
<end of output>
Test time =   0.00 sec
----------------------------------------------------------
Test Passed.
"regidrago_stable_route_contract_tests" end time: Jul 18 18:03 UTC
"regidrago_stable_route_contract_tests" time elapsed: 00:00:00
----------------------------------------------------------

78/112 Testing: regidrago_start_turn_deck_exhaustion_tests
78/112 Test: regidrago_start_turn_deck_exhaustion_tests
Command: "/home/runner/work/pokemon-sims/pokemon-sims/build-finalize/regidrago_unified_tests" "start_turn_deck_exhaustion_tests"
Directory: /home/runner/work/pokemon-sims/pokemon-sims/build-finalize
"regidrago_start_turn_deck_exhaustion_tests" start time: Jul 18 18:03 UTC
Output:
----------------------------------------------------------
[ RUN      ] start_turn_deck_exhaustion_tests
turn timing tests passed
[       OK ] start_turn_deck_exhaustion_tests
<end of output>
Test time =   0.00 sec
----------------------------------------------------------
Test Passed.
"regidrago_start_turn_deck_exhaustion_tests" end time: Jul 18 18:03 UTC
"regidrago_start_turn_deck_exhaustion_tests" time elapsed: 00:00:00
----------------------------------------------------------

65/112 Testing: regidrago_pokemon_communication_tests
65/112 Test: regidrago_pokemon_communication_tests
Command: "/home/runner/work/pokemon-sims/pokemon-sims/build-finalize/regidrago_unified_tests" "pokemon_communication_tests"
Directory: /home/runner/work/pokemon-sims/pokemon-sims/build-finalize
"regidrago_pokemon_communication_tests" start time: Jul 18 18:03 UTC
Output:
----------------------------------------------------------
[ RUN      ] pokemon_communication_tests
[       OK ] pokemon_communication_tests
<end of output>
Test time =   0.04 sec
----------------------------------------------------------
Test Passed.
"regidrago_pokemon_communication_tests" end time: Jul 18 18:03 UTC
"regidrago_pokemon_communication_tests" time elapsed: 00:00:00
----------------------------------------------------------

79/112 Testing: regidrago_steven_crispin_turn2_item_lock_tests
79/112 Test: regidrago_steven_crispin_turn2_item_lock_tests
Command: "/home/runner/work/pokemon-sims/pokemon-sims/build-finalize/regidrago_unified_tests" "steven_crispin_turn2_item_lock_tests"
Directory: /home/runner/work/pokemon-sims/pokemon-sims/build-finalize
"regidrago_steven_crispin_turn2_item_lock_tests" start time: Jul 18 18:03 UTC
Output:
----------------------------------------------------------
[ RUN      ] steven_crispin_turn2_item_lock_tests
[       OK ] steven_crispin_turn2_item_lock_tests
<end of output>
Test time =   0.00 sec
----------------------------------------------------------
Test Passed.
"regidrago_steven_crispin_turn2_item_lock_tests" end time: Jul 18 18:03 UTC
"regidrago_steven_crispin_turn2_item_lock_tests" time elapsed: 00:00:00
----------------------------------------------------------

80/112 Testing: regidrago_steven_matchup_erika_route_tests
80/112 Test: regidrago_steven_matchup_erika_route_tests
Command: "/home/runner/work/pokemon-sims/pokemon-sims/build-finalize/regidrago_unified_tests" "steven_matchup_erika_route_tests"
Directory: /home/runner/work/pokemon-sims/pokemon-sims/build-finalize
"regidrago_steven_matchup_erika_route_tests" start time: Jul 18 18:03 UTC
Output:
----------------------------------------------------------
[ RUN      ] steven_matchup_erika_route_tests
[       OK ] steven_matchup_erika_route_tests
<end of output>
Test time =   0.00 sec
----------------------------------------------------------
Test Passed.
"regidrago_steven_matchup_erika_route_tests" end time: Jul 18 18:03 UTC
"regidrago_steven_matchup_erika_route_tests" time elapsed: 00:00:00
----------------------------------------------------------

81/112 Testing: regidrago_steven_missing_regi_tests
81/112 Test: regidrago_steven_missing_regi_tests
Command: "/home/runner/work/pokemon-sims/pokemon-sims/build-finalize/regidrago_unified_tests" "steven_missing_regi_tests"
Directory: /home/runner/work/pokemon-sims/pokemon-sims/build-finalize
"regidrago_steven_missing_regi_tests" start time: Jul 18 18:03 UTC
Output:
----------------------------------------------------------
[ RUN      ] steven_missing_regi_tests
[       OK ] steven_missing_regi_tests
<end of output>
Test time =   0.00 sec
----------------------------------------------------------
Test Passed.
"regidrago_steven_missing_regi_tests" end time: Jul 18 18:03 UTC
"regidrago_steven_missing_regi_tests" time elapsed: 00:00:00
----------------------------------------------------------

82/112 Testing: regidrago_steven_mysterious_treasure_dci_tests
82/112 Test: regidrago_steven_mysterious_treasure_dci_tests
Command: "/home/runner/work/pokemon-sims/pokemon-sims/build-finalize/regidrago_unified_tests" "steven_mysterious_treasure_dci_tests"
Directory: /home/runner/work/pokemon-sims/pokemon-sims/build-finalize
"regidrago_steven_mysterious_treasure_dci_tests" start time: Jul 18 18:03 UTC
Output:
----------------------------------------------------------
[ RUN      ] steven_mysterious_treasure_dci_tests
[       OK ] steven_mysterious_treasure_dci_tests
<end of output>
Test time =   0.00 sec
----------------------------------------------------------
Test Passed.
"regidrago_steven_mysterious_treasure_dci_tests" end time: Jul 18 18:03 UTC
"regidrago_steven_mysterious_treasure_dci_tests" time elapsed: 00:00:00
----------------------------------------------------------

83/112 Testing: regidrago_steven_projected_axes_tests
83/112 Test: regidrago_steven_projected_axes_tests
Command: "/home/runner/work/pokemon-sims/pokemon-sims/build-finalize/regidrago_unified_tests" "steven_projected_axes_tests"
Directory: /home/runner/work/pokemon-sims/pokemon-sims/build-finalize
"regidrago_steven_projected_axes_tests" start time: Jul 18 18:03 UTC
Output:
----------------------------------------------------------
[ RUN      ] steven_projected_axes_tests
[       OK ] steven_projected_axes_tests
<end of output>
Test time =   0.00 sec
----------------------------------------------------------
Test Passed.
"regidrago_steven_projected_axes_tests" end time: Jul 18 18:03 UTC
"regidrago_steven_projected_axes_tests" time elapsed: 00:00:00
----------------------------------------------------------

84/112 Testing: regidrago_tapu_copy_aware_connector_tests
84/112 Test: regidrago_tapu_copy_aware_connector_tests
Command: "/home/runner/work/pokemon-sims/pokemon-sims/build-finalize/regidrago_unified_tests" "tapu_copy_aware_connector_tests"
Directory: /home/runner/work/pokemon-sims/pokemon-sims/build-finalize
"regidrago_tapu_copy_aware_connector_tests" start time: Jul 18 18:03 UTC
Output:
----------------------------------------------------------
[ RUN      ] tapu_copy_aware_connector_tests
All copy-aware Tapu connector tests passed.
[       OK ] tapu_copy_aware_connector_tests
<end of output>
Test time =   0.00 sec
----------------------------------------------------------
Test Passed.
"regidrago_tapu_copy_aware_connector_tests" end time: Jul 18 18:03 UTC
"regidrago_tapu_copy_aware_connector_tests" time elapsed: 00:00:00
----------------------------------------------------------

85/112 Testing: regidrago_tapu_gladion_prize_fallback_tests
85/112 Test: regidrago_tapu_gladion_prize_fallback_tests
Command: "/home/runner/work/pokemon-sims/pokemon-sims/build-finalize/regidrago_unified_tests" "tapu_gladion_prize_fallback_tests"
Directory: /home/runner/work/pokemon-sims/pokemon-sims/build-finalize
"regidrago_tapu_gladion_prize_fallback_tests" start time: Jul 18 18:03 UTC
Output:
----------------------------------------------------------
[ RUN      ] tapu_gladion_prize_fallback_tests
K1 Tapu connector tests passed
[       OK ] tapu_gladion_prize_fallback_tests
<end of output>
Test time =   0.00 sec
----------------------------------------------------------
Test Passed.
"regidrago_tapu_gladion_prize_fallback_tests" end time: Jul 18 18:03 UTC
"regidrago_tapu_gladion_prize_fallback_tests" time elapsed: 00:00:00
----------------------------------------------------------

86/112 Testing: regidrago_tate_switch_blender_payload_tests
86/112 Test: regidrago_tate_switch_blender_payload_tests
Command: "/home/runner/work/pokemon-sims/pokemon-sims/build-finalize/regidrago_unified_tests" "tate_switch_blender_payload_tests"
Directory: /home/runner/work/pokemon-sims/pokemon-sims/build-finalize
"regidrago_tate_switch_blender_payload_tests" start time: Jul 18 18:03 UTC
Output:
----------------------------------------------------------
[ RUN      ] tate_switch_blender_payload_tests
[       OK ] tate_switch_blender_payload_tests
<end of output>
Test time =   0.00 sec
----------------------------------------------------------
Test Passed.
"regidrago_tate_switch_blender_payload_tests" end time: Jul 18 18:03 UTC
"regidrago_tate_switch_blender_payload_tests" time elapsed: 00:00:00
----------------------------------------------------------

87/112 Testing: regidrago_team_yell_latias_recovery_tests
87/112 Test: regidrago_team_yell_latias_recovery_tests
Command: "/home/runner/work/pokemon-sims/pokemon-sims/build-finalize/regidrago_unified_tests" "team_yell_latias_recovery_tests"
Directory: /home/runner/work/pokemon-sims/pokemon-sims/build-finalize
"regidrago_team_yell_latias_recovery_tests" start time: Jul 18 18:03 UTC
Output:
----------------------------------------------------------
[ RUN      ] team_yell_latias_recovery_tests
[       OK ] team_yell_latias_recovery_tests
<end of output>
Test time =   0.00 sec
----------------------------------------------------------
Test Passed.
"regidrago_team_yell_latias_recovery_tests" end time: Jul 18 18:03 UTC
"regidrago_team_yell_latias_recovery_tests" time elapsed: 00:00:00
----------------------------------------------------------

88/112 Testing: regidrago_turo_delayed_burnet_payload_tests
88/112 Test: regidrago_turo_delayed_burnet_payload_tests
Command: "/home/runner/work/pokemon-sims/pokemon-sims/build-finalize/regidrago_unified_tests" "turo_delayed_burnet_payload_tests"
Directory: /home/runner/work/pokemon-sims/pokemon-sims/build-finalize
[...]
Mulligans: 1
Opening player-known state: Active=Tapu Lele-GX [-] | Bench=(none) | Hand=Grass Energy, Hisuian Heavy Ball, Professor Burnet, Fire Energy, Brilliant Blender, Dipplin TWM 127 | Discard=(none)
DEBUG ONLY: prizes=Tate & Liza, Regidrago V, Gladion, Tapu Lele-GX, Regidrago VSTAR, Grass Energy. Policy may use them only after a legal deck or Prize inspection.
Policy rule: strict and matchup-flex JIT require a payload to enter discard in the same player turn as the ready-state check.
T1 | DRAW | rules: R-GAME-DRAW | start-of-turn: Regidrago V
T1 | POLICY | rules: P-AXIS-01 | Start: Active=Tapu Lele-GX [-] | Bench=(none) | Hand=Grass Energy, Hisuian Heavy Ball, Professor Burnet, Fire Energy, Brilliant Blender, Dipplin TWM 127, Regidrago V | Discard=(none)
T1 | BENCH | rules: R-GAME-BENCH | Regidrago V from hand.
T1 | PLAY ITEM | rules: R-HEAVYBALL-01; R-GAME-ITEM; P-KNOWLEDGE-01; P-COMPRESS-01 | Looked at Prize cards and exchanged Heavy Ball for Tapu Lele-GX.
T1 | BENCH | rules: R-GAME-BENCH | Tapu Lele-GX from hand.
T1 | DECK KNOWLEDGE | rules: P-KNOWLEDGE-01 | Wonder Tag: deck inspected; Prize identities are now deducible for later decisions.
T1 | WONDER TAG | rules: R-TAPU-01 | Searched and revealed Steven's Resolve.
T1 | ATTACH | rules: R-GAME-ENERGY | Grass Energy manually to Regidrago V.
T1 | PLAY SUPPORTER | rules: R-STEVEN-01; R-GAME-SUPPORTER | Searched up to 3 cards: Regidrago VSTAR, Crispin, Latias ex. Turn ended.
T1 | TURN END | rules: R-STEVEN-01 or R-RV-01 | Active=Tapu Lele-GX [-] | Bench=Regidrago V [G]; Tapu Lele-GX [-] | Hand=Professor Burnet, Fire Energy, Brilliant Blender, Dipplin TWM 127, Regidrago VSTAR, Crispin, Latias ex | Discard=Steven's Resolve
T2 | DRAW | rules: R-GAME-DRAW | start-of-turn: Professor Turo's Scenario
T2 | POLICY | rules: P-AXIS-01 | Start: Active=Tapu Lele-GX [-] | Bench=Regidrago V [G]; Tapu Lele-GX [-] | Hand=Professor Burnet, Fire Energy, Brilliant Blender, Dipplin TWM 127, Regidrago VSTAR, Crispin, Latias ex, Professor Turo's Scenario | Discard=Steven's Resolve
T2 | ATTACH | rules: R-GAME-ENERGY | Fire Energy manually to Regidrago V.
T2 | PLAY SUPPORTER | rules: R-CRISPIN-01; R-GAME-SUPPORTER | Searched Grass Energy and Fire Energy; attached Grass Energy to Regidrago V and put Fire Energy into hand.
T2 | EVOLVE | rules: R-GAME-EVOLVE | Evolved Regidrago V into Regidrago VSTAR.
T2 | BENCH | rules: R-GAME-BENCH | Latias ex from hand.
T2 | LEGACY STAR | rules: R-RVS-01; R-VSTAR-01 | Discarded top 7: Quick Ball, Field Blower, Dialga-GX, Gladion, Mysterious Treasure, Grass Energy, Forest Seal Stone; recovered: Crispin.
T2 | RETREAT | rules: R-LATIAS-01; R-GAME-RETREAT | Latias ex gives the Basic Active no Retreat Cost; promoted the best-powered Benched Regidrago VSTAR.
T2 | POLICY | rules: P-AXIS-01 | End: Active=Regidrago VSTAR [GGF] | Bench=Tapu Lele-GX [-]; Tapu Lele-GX [-]; Latias ex [-] | Hand=Professor Burnet, Brilliant Blender, Dipplin TWM 127, Professor Turo's Scenario, Fire Energy, Crispin | Discard=Steven's Resolve, Quick Ball, Field Blower, Dialga-GX, Gladion, Mysterious Treasure, Grass Energy, Forest Seal Stone
T2 | READY | rules: R-RVS-01; P-JIT-01 | Active Regidrago VSTAR has GGF and a permitted Dragon payload in discard.
<end of output>
Test time =   0.00 sec
----------------------------------------------------------
Test Passed.
"trace_turn2_item_lock_t3" end time: Jul 18 18:03 UTC
"trace_turn2_item_lock_t3" time elapsed: 00:00:00
----------------------------------------------------------

105/112 Testing: trace_issue_925_turn2_item_lock_seed25
105/112 Test: trace_issue_925_turn2_item_lock_seed25
Command: "/home/runner/work/pokemon-sims/pokemon-sims/build-finalize/regidrago_sim" "--simulate-this" "--scenario" "strict-jit-turn2-item-lock/go-second" "--seed" "25" "--require-ready-by" "2"
Directory: /home/runner/work/pokemon-sims/pokemon-sims/build-finalize
"trace_issue_925_turn2_item_lock_seed25" start time: Jul 18 18:03 UTC
Output:
----------------------------------------------------------

Seed: 25 | first-ready turn: 2 | setup result: success
===== SIMULATE THIS =====
Scenario: strict-jit-turn2-item-lock/go-second | DCI: strict-JIT | Locks: turn-two Item lock
Mulligans: 2
Opening player-known state: Active=Regidrago V [-] | Bench=(none) | Hand=Team Yell's Cheer, Mysterious Treasure, Dialga-GX, Forest Seal Stone, Professor Burnet, Grass Energy | Discard=(none)
DEBUG ONLY: prizes=Regidrago VSTAR, Lusamine, Steven's Resolve, Latias ex, Mysterious Treasure, Earthen Vessel. Policy may use them only after a legal deck or Prize inspection.
Policy rule: strict and matchup-flex JIT require a payload to enter discard in the same player turn as the ready-state check.
T1 | DRAW | rules: R-GAME-DRAW | start-of-turn: Mega Dragonite ex
T1 | POLICY | rules: P-AXIS-01 | Start: Active=Regidrago V [-] | Bench=(none) | Hand=Team Yell's Cheer, Mysterious Treasure, Dialga-GX, Forest Seal Stone, Professor Burnet, Grass Energy, Mega Dragonite ex | Discard=(none)
T1 | DISCARD | rules: R-MT-01 | Mega Dragonite ex (Mysterious Treasure cost)
T1 | DECK KNOWLEDGE | rules: P-KNOWLEDGE-01 | Mysterious Treasure: deck inspected; Prize identities are now deducible for later decisions.
T1 | PLAY ITEM | rules: R-MT-01; R-GAME-ITEM | Searched a Psychic or Dragon Pokémon: Regidrago VSTAR.
T1 | ATTACH TOOL | rules: R-FSS-01; R-GAME-TOOL | Attached Forest Seal Stone to Regidrago V.
T1 | STAR ALCHEMY | rules: R-FSS-02; R-VSTAR-01 | Searched any card: Oricorio GRI 55.
T1 | BENCH | rules: R-GAME-BENCH | Oricorio GRI 55 from hand.
T1 | Vital Dance | rules: R-ORICORIO-01 | Searched up to 2 Basic Energy: Grass Energy, Fire Energy.
T1 | ATTACH | rules: R-GAME-ENERGY | Grass Energy manually to Regidrago V.
T1 | ATTACK | rules: R-RV-01; R-GAME-ATTACK | Regidrago V used Celestial Roar; processed top 3: Regidrago V, Grass Energy, Grass Energy; attached Energy: Grass Energy, Grass Energy; remaining discarded: Regidrago V.
T1 | POLICY | rules: P-AXIS-01 | End: Active=Regidrago V [GGG] + Forest Seal Stone | Bench=Oricorio GRI 55 [-] | Hand=Team Yell's Cheer, Dialga-GX, Professor Burnet, Regidrago VSTAR, Grass Energy, Fire Energy | Discard=Mysterious Treasure, Mega Dragonite ex, Regidrago V
T2 | DRAW | rules: R-GAME-DRAW | start-of-turn: Tapu Lele-GX
T2 | POLICY | rules: P-AXIS-01 | Start: Active=Regidrago V [GGG] + Forest Seal Stone | Bench=Oricorio GRI 55 [-] | Hand=Team Yell's Cheer, Dialga-GX, Professor Burnet, Regidrago VSTAR, Grass Energy, Fire Energy, Tapu Lele-GX | Discard=Mysterious Treasure, Mega Dragonite ex, Regidrago V
T2 | BENCH | rules: R-GAME-BENCH | Tapu Lele-GX from hand.
T2 | WONDER TAG | rules: R-TAPU-01 | Searched and revealed Crispin.
T2 | ATTACH | rules: R-GAME-ENERGY | Fire Energy manually to Regidrago V.
T2 | PLAY SUPPORTER | rules: R-BURNET-01; R-GAME-SUPPORTER; P-DCI-01 | Searched and discarded: Mega Dragonite ex, Dragapult ex.
T2 | EVOLVE | rules: R-GAME-EVOLVE | Evolved Regidrago V into Regidrago VSTAR.
T2 | POLICY | rules: P-AXIS-01 | End: Active=Regidrago VSTAR [GGGF] + Forest Seal Stone | Bench=Oricorio GRI 55 [-]; Tapu Lele-GX [-] | Hand=Team Yell's Cheer, Dialga-GX, Grass Energy, Crispin | Discard=Mysterious Treasure, Mega Dragonite ex, Regidrago V, Professor Burnet, Mega Dragonite ex, Dragapult ex
T2 | READY | rules: R-RVS-01; P-JIT-01 | Active Regidrago VSTAR has GGF and a permitted Dragon payload in discard.
<end of output>
Test time =   0.00 sec
----------------------------------------------------------
Test Passed.
"trace_issue_925_turn2_item_lock_seed25" end time: Jul 18 18:03 UTC
"trace_issue_925_turn2_item_lock_seed25" time elapsed: 00:00:00
----------------------------------------------------------

106/112 Testing: trace_rulebox_lock_t3
106/112 Test: trace_rulebox_lock_t3
Command: "/home/runner/work/pokemon-sims/pokemon-sims/build-finalize/regidrago_sim" "--simulate-this" "--scenario" "strict-jit-rulebox-ability-lock/go-second" "--seed" "20" "--require-ready-by" "3"
Directory: /home/runner/work/pokemon-sims/pokemon-sims/build-finalize
"trace_rulebox_lock_t3" start time: Jul 18 18:03 UTC
Output:
----------------------------------------------------------

Seed: 20 | first-ready turn: 2 | setup result: success
===== SIMULATE THIS =====
Scenario: strict-jit-rulebox-ability-lock/go-second | DCI: strict-JIT | Locks: full Rule Box Ability lock
Mulligans: 1
Opening player-known state: Active=Regidrago V [-] | Bench=(none) | Hand=Regidrago VSTAR, Lusamine, Grass Energy, Earthen Vessel, Earthen Vessel, Regidrago VSTAR | Discard=(none)
DEBUG ONLY: prizes=Hisuian Goodra VSTAR, Gladion, Team Yell's Cheer, Serena, Arven, Channeler. Policy may use them only after a legal deck or Prize inspection.
Policy rule: strict and matchup-flex JIT require a payload to enter discard in the same player turn as the ready-state check.
T1 | DRAW | rules: R-GAME-DRAW | start-of-turn: Grass Energy
T1 | POLICY | rules: P-AXIS-01 | Start: Active=Regidrago V [-] | Bench=(none) | Hand=Regidrago VSTAR, Lusamine, Grass Energy, Earthen Vessel, Earthen Vessel, Regidrago VSTAR, Grass Energy | Discard=(none)
T1 | DISCARD | rules: R-EV-01 | Earthen Vessel (Earthen Vessel cost)
T1 | DECK KNOWLEDGE | rules: P-KNOWLEDGE-01 | Earthen Vessel: deck inspected; Prize identities are now deducible for later decisions.
T1 | Earthen Vessel | rules: R-EV-01; R-GAME-ITEM | Searched up to 2 Basic Energy: Grass Energy, Fire Energy.
T1 | ATTACH | rules: R-GAME-ENERGY | Grass Energy manually to Regidrago V.
T1 | ATTACK | rules: R-RV-01; R-GAME-ATTACK | Regidrago V used Celestial Roar; processed top 3: Professor Burnet, Dragapult ex, Grass Energy; attached Energy: Grass Energy; remaining discarded: Professor Burnet, Dragapult ex.
T1 | POLICY | rules: P-AXIS-01 | End: Active=Regidrago V [GG] | Bench=(none) | Hand=Regidrago VSTAR, Lusamine, Regidrago VSTAR, Grass Energy, Grass Energy, Fire Energy | Discard=Earthen Vessel, Earthen Vessel, Professor Burnet, Dragapult ex
T2 | DRAW | rules: R-GAME-DRAW | start-of-turn: Arven
T2 | POLICY | rules: P-AXIS-01 | Start: Active=Regidrago V [GG] | Bench=(none) | Hand=Regidrago VSTAR, Lusamine, Regidrago VSTAR, Grass Energy, Grass Energy, Fire Energy, Arven | Discard=Earthen Vessel, Earthen Vessel, Professor Burnet, Dragapult ex
T2 | ATTACH | rules: R-GAME-ENERGY | Fire Energy manually to Regidrago V.
T2 | PLAY SUPPORTER | rules: R-ARVEN-01; R-GAME-SUPPORTER; P-COMPRESS-01 | Searched an Item and a Pokemon Tool without duplicating the VSTAR connector: Brilliant Blender, Forest Seal Stone.
T2 | ATTACH TOOL | rules: R-FSS-01; R-GAME-TOOL | Attached Forest Seal Stone to Regidrago V.
T2 | HOLD VSTAR POWER | rules: R-FSS-02; R-VSTAR-01; P-KNOWLEDGE-01; P-DCI-01 | Retained Star Alchemy because K1 proved that no searched card advances setup.
T2 | EVOLVE | rules: R-GAME-EVOLVE | Evolved Regidrago V into Regidrago VSTAR.
T2 | PLAY ITEM | rules: R-BLENDER-01; R-GAME-ITEM; P-DCI-01 | Searched and discarded: Mega Dragonite ex, Dragapult ex, Dialga-GX, Dipplin TWM 127.
T2 | POLICY | rules: P-AXIS-01 | End: Active=Regidrago VSTAR [GGF] + Forest Seal Stone | Bench=(none) | Hand=Lusamine, Regidrago VSTAR, Grass Energy, Grass Energy | Discard=Earthen Vessel, Earthen Vessel, Professor Burnet, Dragapult ex, Arven, Brilliant Blender, Mega Dragonite ex, Dragapult ex, Dialga-GX, Dipplin TWM 127
T2 | READY | rules: R-RVS-01; P-JIT-01 | Active Regidrago VSTAR has GGF and a permitted Dragon payload in discard.
<end of output>
Test time =   0.00 sec
----------------------------------------------------------
Test Passed.
"trace_rulebox_lock_t3" end time: Jul 18 18:03 UTC
"trace_rulebox_lock_t3" time elapsed: 00:00:00
----------------------------------------------------------

107/112 Testing: trace_no_control_first_t4
107/112 Test: trace_no_control_first_t4
Command: "/home/runner/work/pokemon-sims/pokemon-sims/build-finalize/regidrago_sim" "--simulate-this" "--scenario" "no-discard-control/go-first" "--seed" "6" "--require-ready-by" "4"
Directory: /home/runner/work/pokemon-sims/pokemon-sims/build-finalize
"trace_no_control_first_t4" start time: Jul 18 18:03 UTC
Output:
----------------------------------------------------------

Seed: 6 | first-ready turn: 2 | setup result: success
===== SIMULATE THIS =====
Scenario: no-discard-control/go-first | DCI: no-discard-control | Locks: none
Mulligans: 0
Opening player-known state: Active=Latias ex [-] | Bench=(none) | Hand=Grass Energy, Regidrago VSTAR, Grass Energy, Quick Ball, Mega Dragonite ex, Hisuian Goodra VSTAR | Discard=(none)
DEBUG ONLY: prizes=Tapu Lele-GX, Earthen Vessel, Dialga-GX, Crispin, Tate & Liza, Regidrago VSTAR. Policy may use them only after a legal deck or Prize inspection.
Policy rule: strict and matchup-flex JIT require a payload to enter discard in the same player turn as the ready-state check.
T1 | DRAW | rules: R-GAME-DRAW | start-of-turn: Quick Ball
T1 | TURN START | rules: R-GAME-FIRST-TURN | Going first: drew for the turn; no Supporter or attack is permitted.
T1 | POLICY | rules: P-AXIS-01 | Start: Active=Latias ex [-] | Bench=(none) | Hand=Grass Energy, Regidrago VSTAR, Grass Energy, Quick Ball, Mega Dragonite ex, Hisuian Goodra VSTAR, Quick Ball | Discard=(none)
T1 | DISCARD | rules: R-QB-01 | Mega Dragonite ex (Quick Ball cost)
T1 | DECK KNOWLEDGE | rules: P-KNOWLEDGE-01 | Quick Ball: deck inspected; Prize identities are now deducible for later decisions.
T1 | PLAY ITEM | rules: R-QB-01; R-GAME-ITEM | Searched a Basic Pokémon: Regidrago V.
T1 | BENCH | rules: R-GAME-BENCH | Regidrago V from hand.
T1 | DISCARD | rules: R-QB-01 | Hisuian Goodra VSTAR (Quick Ball cost)
T1 | PLAY ITEM | rules: R-QB-01; R-GAME-ITEM | Searched a Basic Pokémon: Tapu Lele-GX.
T1 | BENCH | rules: R-GAME-BENCH | Tapu Lele-GX from hand.
T1 | WONDER TAG | rules: R-TAPU-01 | Searched and revealed Crispin.
T1 | ATTACH | rules: R-GAME-ENERGY | Grass Energy manually to Regidrago V.
T1 | POLICY | rules: P-AXIS-01 | End: Active=Latias ex [-] | Bench=Regidrago V [G]; Tapu Lele-GX [-] | Hand=Regidrago VSTAR, Grass Energy, Crispin | Discard=Quick Ball, Mega Dragonite ex, Quick Ball, Hisuian Goodra VSTAR
T2 | DRAW | rules: R-GAME-DRAW | start-of-turn: Dragapult ex
T2 | POLICY | rules: P-AXIS-01 | Start: Active=Latias ex [-] | Bench=Regidrago V [G]; Tapu Lele-GX [-] | Hand=Regidrago VSTAR, Grass Energy, Crispin, Dragapult ex | Discard=Quick Ball, Mega Dragonite ex, Quick Ball, Hisuian Goodra VSTAR
T2 | ATTACH | rules: R-GAME-ENERGY | Grass Energy manually to Regidrago V.
T2 | PLAY SUPPORTER | rules: R-CRISPIN-01; R-GAME-SUPPORTER | Searched Fire Energy and Grass Energy; attached Fire Energy to Regidrago V and put Grass Energy into hand.
T2 | EVOLVE | rules: R-GAME-EVOLVE | Evolved Regidrago V into Regidrago VSTAR.
T2 | RETREAT | rules: R-LATIAS-01; R-GAME-RETREAT | Latias ex gives the Basic Active no Retreat Cost; promoted the best-powered Benched Regidrago VSTAR.
T2 | POLICY | rules: P-AXIS-01 | End: Active=Regidrago VSTAR [GGF] | Bench=Latias ex [-]; Tapu Lele-GX [-] | Hand=Dragapult ex, Grass Energy | Discard=Quick Ball, Mega Dragonite ex, Quick Ball, Hisuian Goodra VSTAR, Crispin
T2 | READY | rules: R-RVS-01; P-JIT-01 | Active Regidrago VSTAR has GGF and a permitted Dragon payload in discard.
<end of output>
Test time =   0.00 sec
----------------------------------------------------------
Test Passed.
"trace_no_control_first_t4" end time: Jul 18 18:03 UTC
"trace_no_control_first_t4" time elapsed: 00:00:00
----------------------------------------------------------

99/112 Testing: regidrago_cli_mode_contract
99/112 Test: regidrago_cli_mode_contract
Command: "/usr/local/bin/cmake" "-DSIMULATOR=/home/runner/work/pokemon-sims/pokemon-sims/build-finalize/regidrago_sim" "-DTEST_DIR=/home/runner/work/pokemon-sims/pokemon-sims/build-finalize/cli-mode-contract" "-P" "/home/runner/work/pokemon-sims/pokemon-sims/tests/run_cli_mode_contract.cmake"
Directory: /home/runner/work/pokemon-sims/pokemon-sims/build-finalize
"regidrago_cli_mode_contract" start time: Jul 18 18:03 UTC
Output:
----------------------------------------------------------
<end of output>
Test time =   0.38 sec
----------------------------------------------------------
Test Passed.
"regidrago_cli_mode_contract" end time: Jul 18 18:03 UTC
"regidrago_cli_mode_contract" time elapsed: 00:00:00
----------------------------------------------------------

109/112 Testing: card_audit_contract
109/112 Test: card_audit_contract
Command: "/opt/hostedtoolcache/Python/3.12.13/x64/bin/python3.12" "/home/runner/work/pokemon-sims/pokemon-sims/tests/card_audit_contract_tests.py"
Directory: /home/runner/work/pokemon-sims/pokemon-sims/build-finalize
"card_audit_contract" start time: Jul 18 18:03 UTC
Output:
----------------------------------------------------------
<end of output>
Test time =   0.06 sec
----------------------------------------------------------
Test Passed.
"card_audit_contract" end time: Jul 18 18:03 UTC
"card_audit_contract" time elapsed: 00:00:00
----------------------------------------------------------

110/112 Testing: card_audit_category_contract
110/112 Test: card_audit_category_contract
Command: "/opt/hostedtoolcache/Python/3.12.13/x64/bin/python3.12" "/home/runner/work/pokemon-sims/pokemon-sims/tests/card_audit_category_contract_tests.py"
Directory: /home/runner/work/pokemon-sims/pokemon-sims/build-finalize
"card_audit_category_contract" start time: Jul 18 18:03 UTC
Output:
----------------------------------------------------------
<end of output>
Test time =   0.05 sec
----------------------------------------------------------
Test Passed.
"card_audit_category_contract" end time: Jul 18 18:03 UTC
"card_audit_category_contract" time elapsed: 00:00:00
----------------------------------------------------------

111/112 Testing: setup_report_contract
111/112 Test: setup_report_contract
Command: "/opt/hostedtoolcache/Python/3.12.13/x64/bin/python3.12" "/home/runner/work/pokemon-sims/pokemon-sims/tests/setup_report_contract_tests.py"
Directory: /home/runner/work/pokemon-sims/pokemon-sims/build-finalize
"setup_report_contract" start time: Jul 18 18:03 UTC
Output:
----------------------------------------------------------
<end of output>
Test time =   0.07 sec
----------------------------------------------------------
Test Passed.
"setup_report_contract" end time: Jul 18 18:03 UTC
"setup_report_contract" time elapsed: 00:00:00
----------------------------------------------------------

112/112 Testing: setup_docs_generator_contract
112/112 Test: setup_docs_generator_contract
Command: "/opt/hostedtoolcache/Python/3.12.13/x64/bin/python3.12" "/home/runner/work/pokemon-sims/pokemon-sims/tests/update_setup_docs_tests.py"
Directory: /home/runner/work/pokemon-sims/pokemon-sims/build-finalize
"setup_docs_generator_contract" start time: Jul 18 18:03 UTC
Output:
----------------------------------------------------------
<end of output>
Test time =   0.12 sec
----------------------------------------------------------
Test Passed.
"setup_docs_generator_contract" end time: Jul 18 18:03 UTC
"setup_docs_generator_contract" time elapsed: 00:00:00
----------------------------------------------------------

108/112 Testing: regidrago_sim_matrix_smoke
108/112 Test: regidrago_sim_matrix_smoke
Command: "/home/runner/work/pokemon-sims/pokemon-sims/build-finalize/regidrago_sim" "--trials" "100" "--seed" "20260705" "--out" "/home/runner/work/pokemon-sims/pokemon-sims/build-finalize/smoke_results.csv"
Directory: /home/runner/work/pokemon-sims/pokemon-sims/build-finalize
"regidrago_sim_matrix_smoke" start time: Jul 18 18:03 UTC
Output:
----------------------------------------------------------
<end of output>
Test time =   0.07 sec
----------------------------------------------------------
Test Passed.
"regidrago_sim_matrix_smoke" end time: Jul 18 18:03 UTC
"regidrago_sim_matrix_smoke" time elapsed: 00:00:00
----------------------------------------------------------

End testing: Jul 18 18:03 UTC
